[0m09:06:08.503250 [debug] [MainThread]: Sending event: {'category': 'dbt', 'action': 'invocation', 'label': 'start', 'context': [<snowplow_tracker.self_describing_json.SelfDescribingJson object at 0x7fb277b60af0>, <snowplow_tracker.self_describing_json.SelfDescribingJson object at 0x7fb277fe3460>, <snowplow_tracker.self_describing_json.SelfDescribingJson object at 0x7fb27614ba30>]}


============================== 09:06:08.606035 | b87804cf-4fc5-4e16-a916-85941a79bc6c ==============================
[0m09:06:08.606035 [info ] [MainThread]: Running with dbt=1.8.6
[0m09:06:08.657328 [debug] [MainThread]: running dbt with arguments {'printer_width': '80', 'indirect_selection': 'eager', 'write_json': 'True', 'log_cache_events': 'False', 'partial_parse': 'True', 'cache_selected_only': 'False', 'profiles_dir': '/opt/airflow/dbt_project', 'version_check': 'True', 'warn_error': 'None', 'log_path': 'logs', 'debug': 'False', 'fail_fast': 'False', 'use_colors': 'True', 'use_experimental_parser': 'False', 'empty': 'None', 'quiet': 'False', 'no_print': 'None', 'log_format': 'default', 'static_parser': 'True', 'invocation_command': 'dbt debug --profiles-dir /opt/airflow/dbt_project', 'warn_error_options': 'WarnErrorOptions(include=[], exclude=[])', 'target_path': 'None', 'introspect': 'True', 'send_anonymous_usage_stats': 'True'}
[0m09:06:08.799909 [info ] [MainThread]: dbt version: 1.8.6
[0m09:06:08.843274 [info ] [MainThread]: python version: 3.8.18
[0m09:06:08.895281 [info ] [MainThread]: python path: /usr/local/bin/python
[0m09:06:08.939217 [info ] [MainThread]: os info: Linux-5.15.167.4-microsoft-standard-WSL2-x86_64-with-glibc2.34
[0m09:06:09.052944 [info ] [MainThread]: Using profiles dir at /opt/airflow/dbt_project
[0m09:06:09.177135 [info ] [MainThread]: Using profiles.yml file at /opt/airflow/dbt_project/profiles.yml
[0m09:06:09.227538 [info ] [MainThread]: Using dbt_project.yml file at /opt/airflow/dags/dbt_project.yml
[0m09:06:09.341922 [info ] [MainThread]: Configuration:
[0m09:06:09.520587 [info ] [MainThread]:   profiles.yml file [[31mERROR not found[0m]
[0m09:06:09.628061 [info ] [MainThread]:   dbt_project.yml file [[31mERROR not found[0m]
[0m09:06:09.667227 [info ] [MainThread]: Required dependencies:
[0m09:06:09.734748 [debug] [MainThread]: Executing "git --help"
[0m09:06:10.031561 [info ] [MainThread]:  - git [[31mERROR[0m]

[0m09:06:10.220736 [info ] [MainThread]: Connection test skipped since no profile was found
[0m09:06:10.361972 [info ] [MainThread]: [31m3 checks failed:[0m
[0m09:06:10.451054 [info ] [MainThread]: dbt looked for a profiles.yml file in /opt/airflow/dbt_project/profiles.yml, but did
not find one. For more information on configuring your profile, consult the
documentation:

https://docs.getdbt.com/docs/configure-your-profile


[0m09:06:10.633899 [info ] [MainThread]: Project loading failed for the following reason:
 project path </opt/airflow/dags/dbt_project.yml> not found

[0m09:06:10.774888 [info ] [MainThread]: Error from git --help: User does not have permissions for this command: "git"

[0m09:06:10.882016 [debug] [MainThread]: Resource report: {"command_name": "debug", "command_wall_clock_time": 3.029869, "process_user_time": 10.748527, "process_kernel_time": 0.932851, "process_mem_max_rss": "91164", "command_success": false, "process_in_blocks": "0", "process_out_blocks": "0"}
[0m09:06:10.955039 [debug] [MainThread]: Command `dbt debug` failed at 09:06:10.954577 after 3.10 seconds
[0m09:06:11.038843 [debug] [MainThread]: Sending event: {'category': 'dbt', 'action': 'invocation', 'label': 'end', 'context': [<snowplow_tracker.self_describing_json.SelfDescribingJson object at 0x7fb277b60af0>, <snowplow_tracker.self_describing_json.SelfDescribingJson object at 0x7fb27614b520>, <snowplow_tracker.self_describing_json.SelfDescribingJson object at 0x7fb276d47f70>]}
[0m09:06:11.118535 [debug] [MainThread]: Flushing usage events
[0m09:11:41.549617 [debug] [MainThread]: Sending event: {'category': 'dbt', 'action': 'invocation', 'label': 'start', 'context': [<snowplow_tracker.self_describing_json.SelfDescribingJson object at 0x7ff8bb682b80>, <snowplow_tracker.self_describing_json.SelfDescribingJson object at 0x7ff8bbb0a490>, <snowplow_tracker.self_describing_json.SelfDescribingJson object at 0x7ff8ba867eb0>]}


============================== 09:11:41.597284 | a57b575d-6ea2-46e8-b25b-743e62ede77b ==============================
[0m09:11:41.597284 [info ] [MainThread]: Running with dbt=1.8.6
[0m09:11:41.633922 [debug] [MainThread]: running dbt with arguments {'printer_width': '80', 'indirect_selection': 'eager', 'log_cache_events': 'False', 'write_json': 'True', 'partial_parse': 'True', 'cache_selected_only': 'False', 'profiles_dir': '/opt/airflow', 'fail_fast': 'False', 'debug': 'False', 'log_path': 'logs', 'version_check': 'True', 'warn_error': 'None', 'use_colors': 'True', 'use_experimental_parser': 'False', 'no_print': 'None', 'quiet': 'False', 'empty': 'None', 'warn_error_options': 'WarnErrorOptions(include=[], exclude=[])', 'static_parser': 'True', 'log_format': 'default', 'introspect': 'True', 'target_path': 'None', 'invocation_command': 'dbt debug --profiles-dir /opt/airflow', 'send_anonymous_usage_stats': 'True'}
[0m09:11:41.687106 [info ] [MainThread]: dbt version: 1.8.6
[0m09:11:41.754480 [info ] [MainThread]: python version: 3.8.18
[0m09:11:41.782806 [info ] [MainThread]: python path: /usr/local/bin/python
[0m09:11:41.811602 [info ] [MainThread]: os info: Linux-5.15.167.4-microsoft-standard-WSL2-x86_64-with-glibc2.34
[0m09:11:41.864389 [info ] [MainThread]: Using profiles dir at /opt/airflow
[0m09:11:41.908152 [info ] [MainThread]: Using profiles.yml file at /opt/airflow/profiles.yml
[0m09:11:42.003970 [info ] [MainThread]: Using dbt_project.yml file at /opt/airflow/dags/dbt_project.yml
[0m09:11:42.093010 [info ] [MainThread]: Configuration:
[0m09:11:42.162567 [info ] [MainThread]:   profiles.yml file [[31mERROR not found[0m]
[0m09:11:42.216539 [info ] [MainThread]:   dbt_project.yml file [[31mERROR not found[0m]
[0m09:11:42.302349 [info ] [MainThread]: Required dependencies:
[0m09:11:42.325959 [debug] [MainThread]: Executing "git --help"
[0m09:11:42.417987 [info ] [MainThread]:  - git [[31mERROR[0m]

[0m09:11:42.483213 [info ] [MainThread]: Connection test skipped since no profile was found
[0m09:11:42.543641 [info ] [MainThread]: [31m3 checks failed:[0m
[0m09:11:42.604481 [info ] [MainThread]: dbt looked for a profiles.yml file in /opt/airflow/profiles.yml, but did
not find one. For more information on configuring your profile, consult the
documentation:

https://docs.getdbt.com/docs/configure-your-profile


[0m09:11:42.685914 [info ] [MainThread]: Project loading failed for the following reason:
 project path </opt/airflow/dags/dbt_project.yml> not found

[0m09:11:42.792965 [info ] [MainThread]: Error from git --help: User does not have permissions for this command: "git"

[0m09:11:42.864718 [debug] [MainThread]: Resource report: {"command_name": "debug", "command_wall_clock_time": 1.9785587, "process_user_time": 11.102073, "process_kernel_time": 0.725419, "process_mem_max_rss": "91088", "command_success": false, "process_in_blocks": "0", "process_out_blocks": "0"}
[0m09:11:42.930099 [debug] [MainThread]: Command `dbt debug` failed at 09:11:42.929601 after 2.04 seconds
[0m09:11:43.022103 [debug] [MainThread]: Sending event: {'category': 'dbt', 'action': 'invocation', 'label': 'end', 'context': [<snowplow_tracker.self_describing_json.SelfDescribingJson object at 0x7ff8bb682b80>, <snowplow_tracker.self_describing_json.SelfDescribingJson object at 0x7ff8b9cf3dc0>, <snowplow_tracker.self_describing_json.SelfDescribingJson object at 0x7ff8bbb0a490>]}
[0m09:11:43.093204 [debug] [MainThread]: Flushing usage events
