[0m10:29:36.003605 [debug] [MainThread]: Sending event: {'category': 'dbt', 'action': 'invocation', 'label': 'start', 'context': [<snowplow_tracker.self_describing_json.SelfDescribingJson object at 0x7fc29991d6a0>, <snowplow_tracker.self_describing_json.SelfDescribingJson object at 0x7fc299dda310>, <snowplow_tracker.self_describing_json.SelfDescribingJson object at 0x7fc297ec0880>]}


============================== 10:29:36.015428 | 651eeb4f-4c8f-4b1b-a9d5-0b2d0530bb6d ==============================
[0m10:29:36.015428 [info ] [MainThread]: Running with dbt=1.8.2
[0m10:29:36.019030 [debug] [MainThread]: running dbt with arguments {'printer_width': '80', 'indirect_selection': 'eager', 'log_cache_events': 'False', 'write_json': 'True', 'partial_parse': 'True', 'cache_selected_only': 'False', 'profiles_dir': '/home/airflow/.dbt', 'debug': 'False', 'version_check': 'True', 'log_path': 'logs', 'fail_fast': 'False', 'warn_error': 'None', 'use_colors': 'True', 'use_experimental_parser': 'False', 'no_print': 'None', 'quiet': 'False', 'log_format': 'default', 'invocation_command': 'dbt init sales_dbt', 'static_parser': 'True', 'introspect': 'True', 'target_path': 'None', 'warn_error_options': 'WarnErrorOptions(include=[], exclude=[])', 'send_anonymous_usage_stats': 'True'}
[0m10:29:36.033640 [warn ] [MainThread]: [ConfigFolderDirectory]: Unable to parse logging event dictionary. Failed to parse dir field: expected string or bytes-like object.. Dictionary: {'dir': PosixPath('/home/airflow/.dbt')}
[0m10:29:36.075746 [info ] [MainThread]: Creating dbt configuration folder at 
[0m10:29:36.131248 [debug] [MainThread]: Starter project path: /home/airflow/.local/lib/python3.8/site-packages/dbt/include/starter_project
[0m10:29:36.229823 [info ] [MainThread]: 
Your new dbt project "sales_dbt" was created!

For more information on how to configure the profiles.yml file,
please consult the dbt documentation here:

  https://docs.getdbt.com/docs/configure-your-profile

One more thing:

Need help? Don't hesitate to reach out to us via GitHub issues or on Slack:

  https://community.getdbt.com/

Happy modeling!

[0m10:29:36.231827 [info ] [MainThread]: Setting up your profile.
[0m10:33:52.562722 [info ] [MainThread]: Profile sales_dbt written to /home/airflow/.dbt/profiles.yml using target's profile_template.yml and your supplied values. Run 'dbt debug' to validate the connection.
[0m10:33:52.566704 [debug] [MainThread]: Resource report: {"command_name": "init", "command_success": true, "command_wall_clock_time": 256.69586, "process_user_time": 5.918734, "process_kernel_time": 0.509357, "process_mem_max_rss": "94768", "process_out_blocks": "64", "process_in_blocks": "0"}
[0m10:33:52.568365 [debug] [MainThread]: Command `dbt init` succeeded at 10:33:52.568102 after 256.70 seconds
[0m10:33:52.569639 [debug] [MainThread]: Sending event: {'category': 'dbt', 'action': 'invocation', 'label': 'end', 'context': [<snowplow_tracker.self_describing_json.SelfDescribingJson object at 0x7fc29991d6a0>, <snowplow_tracker.self_describing_json.SelfDescribingJson object at 0x7fc297f5ddc0>, <snowplow_tracker.self_describing_json.SelfDescribingJson object at 0x7fc2978afaf0>]}
[0m10:33:52.571239 [debug] [MainThread]: Flushing usage events
[0m10:34:28.999547 [debug] [MainThread]: Sending event: {'category': 'dbt', 'action': 'invocation', 'label': 'start', 'context': [<snowplow_tracker.self_describing_json.SelfDescribingJson object at 0x7f7cf20a2940>, <snowplow_tracker.self_describing_json.SelfDescribingJson object at 0x7f7cf0ce0280>, <snowplow_tracker.self_describing_json.SelfDescribingJson object at 0x7f7cf255a670>]}


============================== 10:34:29.016918 | 7a591b11-f917-47db-b74a-571f0b6f3187 ==============================
[0m10:34:29.016918 [info ] [MainThread]: Running with dbt=1.8.2
[0m10:34:29.020275 [debug] [MainThread]: running dbt with arguments {'printer_width': '80', 'indirect_selection': 'eager', 'log_cache_events': 'False', 'write_json': 'True', 'partial_parse': 'True', 'cache_selected_only': 'False', 'profiles_dir': '/home/airflow/.dbt', 'debug': 'False', 'warn_error': 'None', 'log_path': 'logs', 'fail_fast': 'False', 'version_check': 'True', 'use_colors': 'True', 'use_experimental_parser': 'False', 'no_print': 'None', 'quiet': 'False', 'log_format': 'default', 'introspect': 'True', 'invocation_command': 'dbt debug', 'static_parser': 'True', 'target_path': 'None', 'warn_error_options': 'WarnErrorOptions(include=[], exclude=[])', 'send_anonymous_usage_stats': 'True'}
[0m10:34:29.068102 [info ] [MainThread]: dbt version: 1.8.2
[0m10:34:29.077849 [info ] [MainThread]: python version: 3.8.18
[0m10:34:29.085451 [info ] [MainThread]: python path: /usr/local/bin/python
[0m10:34:29.114572 [info ] [MainThread]: os info: Linux-5.15.167.4-microsoft-standard-WSL2-x86_64-with-glibc2.34
[0m10:34:29.305773 [info ] [MainThread]: Using profiles dir at /home/airflow/.dbt
[0m10:34:29.309035 [info ] [MainThread]: Using profiles.yml file at /home/airflow/.dbt/profiles.yml
[0m10:34:29.310805 [info ] [MainThread]: Using dbt_project.yml file at /opt/airflow/dbt_project.yml
[0m10:34:29.313714 [info ] [MainThread]: adapter type: postgres
[0m10:34:29.316006 [info ] [MainThread]: adapter version: 1.8.2
[0m10:34:29.318094 [info ] [MainThread]: Configuration:
[0m10:34:29.320027 [info ] [MainThread]:   profiles.yml file [[32mOK found and valid[0m]
[0m10:34:29.322731 [info ] [MainThread]:   dbt_project.yml file [[31mERROR not found[0m]
[0m10:34:29.353973 [info ] [MainThread]: Required dependencies:
[0m10:34:29.364173 [debug] [MainThread]: Executing "git --help"
[0m10:34:29.404685 [info ] [MainThread]:  - git [[31mERROR[0m]

[0m10:34:29.412037 [info ] [MainThread]: Connection:
[0m10:34:29.447529 [info ] [MainThread]:   host: postgres
[0m10:34:29.499764 [info ] [MainThread]:   port: 5432
[0m10:34:29.508020 [info ] [MainThread]:   user: postgres
[0m10:34:29.540283 [info ] [MainThread]:   database: Coba_coba
[0m10:34:29.577914 [info ] [MainThread]:   schema: public
[0m10:34:29.600748 [info ] [MainThread]:   connect_timeout: 10
[0m10:34:29.639993 [info ] [MainThread]:   role: None
[0m10:34:29.645375 [info ] [MainThread]:   search_path: None
[0m10:34:29.648867 [info ] [MainThread]:   keepalives_idle: 0
[0m10:34:29.673936 [info ] [MainThread]:   sslmode: None
[0m10:34:29.677811 [info ] [MainThread]:   sslcert: None
[0m10:34:29.680751 [info ] [MainThread]:   sslkey: None
[0m10:34:29.688013 [info ] [MainThread]:   sslrootcert: None
[0m10:34:29.712327 [info ] [MainThread]:   application_name: dbt
[0m10:34:29.724834 [info ] [MainThread]:   retries: 1
[0m10:34:29.742440 [info ] [MainThread]: Registered adapter: postgres=1.8.2
[0m10:34:29.777054 [debug] [MainThread]: Acquiring new postgres connection 'debug'
[0m10:34:30.071317 [debug] [MainThread]: Using postgres connection "debug"
[0m10:34:30.073756 [debug] [MainThread]: On debug: select 1 as id
[0m10:34:30.076043 [debug] [MainThread]: Opening a new connection, currently in state init
[0m10:34:30.102523 [debug] [MainThread]: Postgres adapter: Got a retryable error when attempting to open a postgres connection.
1 attempts remaining. Retrying in 0 seconds.
Error:
connection to server at "postgres" (172.22.0.2), port 5432 failed: FATAL:  password authentication failed for user "postgres"

[0m10:34:30.126544 [debug] [MainThread]: Postgres adapter: Error running SQL: select 1 as id
[0m10:34:30.128574 [debug] [MainThread]: Postgres adapter: Rolling back transaction.
[0m10:34:30.130294 [debug] [MainThread]: On debug: No close available on handle
[0m10:34:30.132843 [info ] [MainThread]:   Connection test: [[31mERROR[0m]

[0m10:34:30.135766 [info ] [MainThread]: [31m3 checks failed:[0m
[0m10:34:30.140235 [info ] [MainThread]: Project loading failed for the following reason:
 project path </opt/airflow/dbt_project.yml> not found

[0m10:34:30.142757 [info ] [MainThread]: Error from git --help: User does not have permissions for this command: "git"

[0m10:34:30.145067 [info ] [MainThread]: dbt was unable to connect to the specified database.
The database returned the following error:

  >Database Error
  connection to server at "postgres" (172.22.0.2), port 5432 failed: FATAL:  password authentication failed for user "postgres"
  

Check your database credentials and try again. For more information, visit:
https://docs.getdbt.com/docs/configure-your-profile


[0m10:34:30.149123 [debug] [MainThread]: Resource report: {"command_name": "debug", "command_wall_clock_time": 1.275725, "process_user_time": 3.796425, "process_kernel_time": 0.449576, "process_mem_max_rss": "102860", "process_out_blocks": "8", "command_success": false, "process_in_blocks": "0"}
[0m10:34:30.161439 [debug] [MainThread]: Command `dbt debug` failed at 10:34:30.157295 after 1.28 seconds
[0m10:34:30.172321 [debug] [MainThread]: Connection 'debug' was properly closed.
[0m10:34:30.176041 [debug] [MainThread]: Sending event: {'category': 'dbt', 'action': 'invocation', 'label': 'end', 'context': [<snowplow_tracker.self_describing_json.SelfDescribingJson object at 0x7f7cf20a2940>, <snowplow_tracker.self_describing_json.SelfDescribingJson object at 0x7f7cefd83580>, <snowplow_tracker.self_describing_json.SelfDescribingJson object at 0x7f7cefd834c0>]}
[0m10:34:30.178187 [debug] [MainThread]: Flushing usage events
[0m07:30:04.937786 [debug] [MainThread]: Sending event: {'category': 'dbt', 'action': 'invocation', 'label': 'start', 'context': [<snowplow_tracker.self_describing_json.SelfDescribingJson object at 0x7fab8b1c23a0>, <snowplow_tracker.self_describing_json.SelfDescribingJson object at 0x7fab8a894b80>, <snowplow_tracker.self_describing_json.SelfDescribingJson object at 0x7fab8a8d0250>]}


============================== 07:30:04.953914 | 0695899e-9e60-4318-9a28-fbafa76b4a2f ==============================
[0m07:30:04.953914 [info ] [MainThread]: Running with dbt=1.9.0-b2
[0m07:30:04.956705 [debug] [MainThread]: running dbt with arguments {'printer_width': '80', 'indirect_selection': 'eager', 'log_cache_events': 'False', 'write_json': 'True', 'partial_parse': 'True', 'cache_selected_only': 'False', 'profiles_dir': '/home/airflow/.dbt', 'debug': 'False', 'version_check': 'True', 'log_path': 'logs', 'warn_error': 'None', 'fail_fast': 'False', 'use_colors': 'True', 'use_experimental_parser': 'False', 'no_print': 'None', 'quiet': 'False', 'empty': 'None', 'log_format': 'default', 'static_parser': 'True', 'invocation_command': 'dbt debug', 'warn_error_options': 'WarnErrorOptions(include=[], exclude=[])', 'target_path': 'None', 'introspect': 'True', 'send_anonymous_usage_stats': 'True'}
[0m07:30:04.976458 [info ] [MainThread]: dbt version: 1.9.0-b2
[0m07:30:04.978908 [info ] [MainThread]: python version: 3.8.18
[0m07:30:04.982060 [info ] [MainThread]: python path: /usr/local/bin/python
[0m07:30:05.013505 [info ] [MainThread]: os info: Linux-5.15.167.4-microsoft-standard-WSL2-x86_64-with-glibc2.34
[0m07:30:05.018850 [info ] [MainThread]: Using profiles dir at /home/airflow/.dbt
[0m07:30:05.023448 [info ] [MainThread]: Using profiles.yml file at /home/airflow/.dbt/profiles.yml
[0m07:30:05.027970 [info ] [MainThread]: Using dbt_project.yml file at /opt/airflow/dbt_project.yml
[0m07:30:05.062337 [info ] [MainThread]: Configuration:
[0m07:30:05.066342 [info ] [MainThread]:   profiles.yml file [[31mERROR not found[0m]
[0m07:30:05.078087 [info ] [MainThread]:   dbt_project.yml file [[31mERROR not found[0m]
[0m07:30:05.081187 [info ] [MainThread]: Required dependencies:
[0m07:30:05.091212 [debug] [MainThread]: Executing "git --help"
[0m07:30:05.104616 [info ] [MainThread]:  - git [[31mERROR[0m]

[0m07:30:05.141826 [info ] [MainThread]: Connection test skipped since no profile was found
[0m07:30:05.145541 [info ] [MainThread]: [31m3 checks failed:[0m
[0m07:30:05.152334 [info ] [MainThread]: dbt looked for a profiles.yml file in /home/airflow/.dbt/profiles.yml, but did
not find one. For more information on configuring your profile, consult the
documentation:

https://docs.getdbt.com/docs/configure-your-profile


[0m07:30:05.155171 [info ] [MainThread]: Project loading failed for the following reason:
 project path </opt/airflow/dbt_project.yml> not found

[0m07:30:05.164488 [info ] [MainThread]: Error from git --help: User does not have permissions for this command: "git"

[0m07:30:05.194488 [debug] [MainThread]: Resource report: {"command_name": "debug", "command_wall_clock_time": 0.43215978, "process_user_time": 3.220428, "process_kernel_time": 0.201907, "process_mem_max_rss": "88100", "process_in_blocks": "104", "process_out_blocks": "872", "command_success": false}
[0m07:30:05.201310 [debug] [MainThread]: Command `dbt debug` failed at 07:30:05.200759 after 0.44 seconds
[0m07:30:05.205411 [debug] [MainThread]: Sending event: {'category': 'dbt', 'action': 'invocation', 'label': 'end', 'context': [<snowplow_tracker.self_describing_json.SelfDescribingJson object at 0x7fab8b1c23a0>, <snowplow_tracker.self_describing_json.SelfDescribingJson object at 0x7fab8a8d0250>, <snowplow_tracker.self_describing_json.SelfDescribingJson object at 0x7fab8a894b80>]}
[0m07:30:05.213099 [debug] [MainThread]: Flushing usage events
[0m07:30:07.084614 [debug] [MainThread]: An error was encountered while trying to flush usage events
[0m07:30:13.478807 [debug] [MainThread]: Sending event: {'category': 'dbt', 'action': 'invocation', 'label': 'start', 'context': [<snowplow_tracker.self_describing_json.SelfDescribingJson object at 0x7f7a6deb1310>, <snowplow_tracker.self_describing_json.SelfDescribingJson object at 0x7f7a6d332a90>, <snowplow_tracker.self_describing_json.SelfDescribingJson object at 0x7f7a6d3327f0>]}


============================== 07:30:13.489106 | 452ff401-feb4-4781-85f4-7574f091cdff ==============================
[0m07:30:13.489106 [info ] [MainThread]: Running with dbt=1.9.0-b2
[0m07:30:13.491772 [debug] [MainThread]: running dbt with arguments {'printer_width': '80', 'indirect_selection': 'eager', 'log_cache_events': 'False', 'write_json': 'True', 'partial_parse': 'True', 'cache_selected_only': 'False', 'warn_error': 'None', 'fail_fast': 'False', 'debug': 'False', 'log_path': 'logs', 'version_check': 'True', 'profiles_dir': '/home/airflow/.dbt', 'use_colors': 'True', 'use_experimental_parser': 'False', 'no_print': 'None', 'quiet': 'False', 'empty': 'None', 'warn_error_options': 'WarnErrorOptions(include=[], exclude=[])', 'invocation_command': 'dbt init', 'log_format': 'default', 'static_parser': 'True', 'target_path': 'None', 'introspect': 'True', 'send_anonymous_usage_stats': 'True'}
[0m07:30:13.512107 [warn ] [MainThread]: [ConfigFolderDirectory]: Unable to parse logging event dictionary. Failed to parse dir field: expected string or bytes-like object.. Dictionary: {'dir': PosixPath('/home/airflow/.dbt')}
[0m07:30:13.514928 [info ] [MainThread]: Creating dbt configuration folder at 
[0m07:30:24.695906 [debug] [MainThread]: Starter project path: /home/airflow/.local/lib/python3.8/site-packages/dbt/include/starter_project
[0m07:30:24.703280 [info ] [MainThread]: 
Your new dbt project "dbt_project" was created!

For more information on how to configure the profiles.yml file,
please consult the dbt documentation here:

  https://docs.getdbt.com/docs/configure-your-profile

One more thing:

Need help? Don't hesitate to reach out to us via GitHub issues or on Slack:

  https://community.getdbt.com/

Happy modeling!

[0m07:30:24.704879 [info ] [MainThread]: Setting up your profile.
[0m07:31:49.630845 [info ] [MainThread]: Profile dbt_project written to /home/airflow/.dbt/profiles.yml using target's profile_template.yml and your supplied values. Run 'dbt debug' to validate the connection.
[0m07:31:49.633805 [debug] [MainThread]: Resource report: {"command_name": "init", "command_success": true, "command_wall_clock_time": 96.280495, "process_user_time": 3.562634, "process_kernel_time": 0.219546, "process_mem_max_rss": "91908", "process_out_blocks": "64", "process_in_blocks": "0"}
[0m07:31:49.635412 [debug] [MainThread]: Command `dbt init` succeeded at 07:31:49.635115 after 96.28 seconds
[0m07:31:49.637807 [debug] [MainThread]: Sending event: {'category': 'dbt', 'action': 'invocation', 'label': 'end', 'context': [<snowplow_tracker.self_describing_json.SelfDescribingJson object at 0x7f7a6deb1310>, <snowplow_tracker.self_describing_json.SelfDescribingJson object at 0x7f7a6c76e550>, <snowplow_tracker.self_describing_json.SelfDescribingJson object at 0x7f7a6caad070>]}
[0m07:31:49.639618 [debug] [MainThread]: Flushing usage events
[0m07:31:51.493485 [debug] [MainThread]: An error was encountered while trying to flush usage events
[0m05:18:54.009629 [debug] [MainThread]: Sending event: {'category': 'dbt', 'action': 'invocation', 'label': 'start', 'context': [<snowplow_tracker.self_describing_json.SelfDescribingJson object at 0x7fe3c9cc03a0>, <snowplow_tracker.self_describing_json.SelfDescribingJson object at 0x7fe3c9080b80>, <snowplow_tracker.self_describing_json.SelfDescribingJson object at 0x7fe3c9080e80>]}


============================== 05:18:54.019425 | 643df31b-878f-4d75-abc8-0b440906b22c ==============================
[0m05:18:54.019425 [info ] [MainThread]: Running with dbt=1.9.0-b2
[0m05:18:54.023057 [debug] [MainThread]: running dbt with arguments {'printer_width': '80', 'indirect_selection': 'eager', 'log_cache_events': 'False', 'write_json': 'True', 'partial_parse': 'True', 'cache_selected_only': 'False', 'warn_error': 'None', 'debug': 'False', 'fail_fast': 'False', 'log_path': 'logs', 'version_check': 'True', 'profiles_dir': '/home/airflow/.dbt', 'use_colors': 'True', 'use_experimental_parser': 'False', 'no_print': 'None', 'quiet': 'False', 'empty': 'None', 'warn_error_options': 'WarnErrorOptions(include=[], exclude=[])', 'introspect': 'True', 'static_parser': 'True', 'log_format': 'default', 'target_path': 'None', 'invocation_command': 'dbt init', 'send_anonymous_usage_stats': 'True'}
[0m05:18:54.036317 [warn ] [MainThread]: [ConfigFolderDirectory]: Unable to parse logging event dictionary. Failed to parse dir field: expected string or bytes-like object.. Dictionary: {'dir': PosixPath('/home/airflow/.dbt')}
[0m05:18:54.040674 [info ] [MainThread]: Creating dbt configuration folder at 
[0m05:20:07.628841 [debug] [MainThread]: Starter project path: /home/airflow/.local/lib/python3.8/site-packages/dbt/include/starter_project
[0m05:20:07.649679 [info ] [MainThread]: 
Your new dbt project "dbt_project" was created!

For more information on how to configure the profiles.yml file,
please consult the dbt documentation here:

  https://docs.getdbt.com/docs/configure-your-profile

One more thing:

Need help? Don't hesitate to reach out to us via GitHub issues or on Slack:

  https://community.getdbt.com/

Happy modeling!

[0m05:20:07.652524 [info ] [MainThread]: Setting up your profile.
[0m05:21:02.032784 [info ] [MainThread]: Profile dbt_project written to /home/airflow/.dbt/profiles.yml using target's profile_template.yml and your supplied values. Run 'dbt debug' to validate the connection.
[0m05:21:02.037388 [debug] [MainThread]: Resource report: {"command_name": "init", "command_success": true, "command_wall_clock_time": 128.1405, "process_user_time": 3.322041, "process_kernel_time": 0.191269, "process_mem_max_rss": "91860", "process_out_blocks": "816", "process_in_blocks": "0"}
[0m05:21:02.049286 [debug] [MainThread]: Command `dbt init` succeeded at 05:21:02.048945 after 128.15 seconds
[0m05:21:02.052894 [debug] [MainThread]: Sending event: {'category': 'dbt', 'action': 'invocation', 'label': 'end', 'context': [<snowplow_tracker.self_describing_json.SelfDescribingJson object at 0x7fe3c9cc03a0>, <snowplow_tracker.self_describing_json.SelfDescribingJson object at 0x7fe3c8bfa6d0>, <snowplow_tracker.self_describing_json.SelfDescribingJson object at 0x7fe3c90072b0>]}
[0m05:21:02.056312 [debug] [MainThread]: Flushing usage events
[0m05:21:03.568897 [debug] [MainThread]: An error was encountered while trying to flush usage events
[0m05:28:48.627806 [debug] [MainThread]: Sending event: {'category': 'dbt', 'action': 'invocation', 'label': 'start', 'context': [<snowplow_tracker.self_describing_json.SelfDescribingJson object at 0x7feae121c3a0>, <snowplow_tracker.self_describing_json.SelfDescribingJson object at 0x7feae0666fa0>, <snowplow_tracker.self_describing_json.SelfDescribingJson object at 0x7feae09b4460>]}


============================== 05:28:48.640441 | ea94f16d-3c7e-4853-b08c-882b1d3c88ee ==============================
[0m05:28:48.640441 [info ] [MainThread]: Running with dbt=1.9.0-b2
[0m05:28:48.642276 [debug] [MainThread]: running dbt with arguments {'printer_width': '80', 'indirect_selection': 'eager', 'log_cache_events': 'False', 'write_json': 'True', 'partial_parse': 'True', 'cache_selected_only': 'False', 'profiles_dir': '/home/airflow/.dbt', 'debug': 'False', 'warn_error': 'None', 'log_path': 'logs', 'fail_fast': 'False', 'version_check': 'True', 'use_colors': 'True', 'use_experimental_parser': 'False', 'no_print': 'None', 'quiet': 'False', 'empty': 'None', 'log_format': 'default', 'invocation_command': 'dbt debug', 'static_parser': 'True', 'introspect': 'True', 'target_path': 'None', 'warn_error_options': 'WarnErrorOptions(include=[], exclude=[])', 'send_anonymous_usage_stats': 'True'}
[0m05:28:48.653512 [info ] [MainThread]: dbt version: 1.9.0-b2
[0m05:28:48.654850 [info ] [MainThread]: python version: 3.8.18
[0m05:28:48.657512 [info ] [MainThread]: python path: /usr/local/bin/python
[0m05:28:48.659401 [info ] [MainThread]: os info: Linux-5.15.167.4-microsoft-standard-WSL2-x86_64-with-glibc2.34
[0m05:28:48.796884 [info ] [MainThread]: Using profiles dir at /home/airflow/.dbt
[0m05:28:48.798979 [info ] [MainThread]: Using profiles.yml file at /home/airflow/.dbt/profiles.yml
[0m05:28:48.802337 [info ] [MainThread]: Using dbt_project.yml file at /opt/airflow/dbt_project.yml
[0m05:28:48.805610 [info ] [MainThread]: adapter type: postgres
[0m05:28:48.809447 [info ] [MainThread]: adapter version: 1.8.2
[0m05:28:48.835490 [info ] [MainThread]: Configuration:
[0m05:28:48.838711 [info ] [MainThread]:   profiles.yml file [[32mOK found and valid[0m]
[0m05:28:48.841665 [info ] [MainThread]:   dbt_project.yml file [[31mERROR not found[0m]
[0m05:28:48.843675 [info ] [MainThread]: Required dependencies:
[0m05:28:48.866948 [debug] [MainThread]: Executing "git --help"
[0m05:28:48.876334 [info ] [MainThread]:  - git [[31mERROR[0m]

[0m05:28:48.889665 [info ] [MainThread]: Connection:
[0m05:28:48.896020 [info ] [MainThread]:   host: postgres
[0m05:28:48.927247 [info ] [MainThread]:   port: 5432
[0m05:28:48.943135 [info ] [MainThread]:   user: l
[0m05:28:48.959051 [info ] [MainThread]:   database: Coba_coba
[0m05:28:48.969192 [info ] [MainThread]:   schema: public
[0m05:28:48.971810 [info ] [MainThread]:   connect_timeout: 10
[0m05:28:48.991248 [info ] [MainThread]:   role: None
[0m05:28:48.995602 [info ] [MainThread]:   search_path: None
[0m05:28:48.999966 [info ] [MainThread]:   keepalives_idle: 0
[0m05:28:49.005054 [info ] [MainThread]:   sslmode: None
[0m05:28:49.010050 [info ] [MainThread]:   sslcert: None
[0m05:28:49.027786 [info ] [MainThread]:   sslkey: None
[0m05:28:49.073052 [info ] [MainThread]:   sslrootcert: None
[0m05:28:49.091489 [info ] [MainThread]:   application_name: dbt
[0m05:28:49.095984 [info ] [MainThread]:   retries: 1
[0m05:28:49.099676 [info ] [MainThread]: Registered adapter: postgres=1.8.2
[0m05:28:49.136366 [debug] [MainThread]: Acquiring new postgres connection 'debug'
[0m05:28:49.364802 [debug] [MainThread]: Using postgres connection "debug"
[0m05:28:49.383747 [debug] [MainThread]: On debug: select 1 as id
[0m05:28:49.385427 [debug] [MainThread]: Opening a new connection, currently in state init
[0m05:28:49.406293 [debug] [MainThread]: Postgres adapter: Got a retryable error when attempting to open a postgres connection.
1 attempts remaining. Retrying in 0 seconds.
Error:
connection to server at "postgres" (172.18.0.2), port 5432 failed: FATAL:  password authentication failed for user "l"

[0m05:28:49.423643 [debug] [MainThread]: Postgres adapter: Error running SQL: select 1 as id
[0m05:28:49.425601 [debug] [MainThread]: Postgres adapter: Rolling back transaction.
[0m05:28:49.427376 [debug] [MainThread]: On debug: No close available on handle
[0m05:28:49.429031 [info ] [MainThread]:   Connection test: [[31mERROR[0m]

[0m05:28:49.433064 [info ] [MainThread]: [31m3 checks failed:[0m
[0m05:28:49.437809 [info ] [MainThread]: Project loading failed for the following reason:
 project path </opt/airflow/dbt_project.yml> not found

[0m05:28:49.439934 [info ] [MainThread]: Error from git --help: User does not have permissions for this command: "git"

[0m05:28:49.445073 [info ] [MainThread]: dbt was unable to connect to the specified database.
The database returned the following error:

  >Database Error
  connection to server at "postgres" (172.18.0.2), port 5432 failed: FATAL:  password authentication failed for user "l"
  

Check your database credentials and try again. For more information, visit:
https://docs.getdbt.com/docs/configure-your-profile


[0m05:28:49.468948 [debug] [MainThread]: Resource report: {"command_name": "debug", "command_wall_clock_time": 0.94459736, "process_user_time": 2.699619, "process_kernel_time": 0.22161, "process_mem_max_rss": "99984", "process_out_blocks": "8", "command_success": false, "process_in_blocks": "0"}
[0m05:28:49.477876 [debug] [MainThread]: Command `dbt debug` failed at 05:28:49.477480 after 0.95 seconds
[0m05:28:49.481572 [debug] [MainThread]: Connection 'debug' was properly closed.
[0m05:28:49.484931 [debug] [MainThread]: Sending event: {'category': 'dbt', 'action': 'invocation', 'label': 'end', 'context': [<snowplow_tracker.self_describing_json.SelfDescribingJson object at 0x7feae121c3a0>, <snowplow_tracker.self_describing_json.SelfDescribingJson object at 0x7feadf1d5e80>, <snowplow_tracker.self_describing_json.SelfDescribingJson object at 0x7feadf1d5fa0>]}
[0m05:28:49.502231 [debug] [MainThread]: Flushing usage events
[0m05:28:50.964516 [debug] [MainThread]: An error was encountered while trying to flush usage events
[0m05:30:29.508103 [debug] [MainThread]: Sending event: {'category': 'dbt', 'action': 'invocation', 'label': 'start', 'context': [<snowplow_tracker.self_describing_json.SelfDescribingJson object at 0x7fabb7baf3a0>, <snowplow_tracker.self_describing_json.SelfDescribingJson object at 0x7fabb732d640>, <snowplow_tracker.self_describing_json.SelfDescribingJson object at 0x7fabb7037850>]}


============================== 05:30:29.517434 | 130cddee-cb5c-4a2b-9683-61d0eb530482 ==============================
[0m05:30:29.517434 [info ] [MainThread]: Running with dbt=1.9.0-b2
[0m05:30:29.519110 [debug] [MainThread]: running dbt with arguments {'printer_width': '80', 'indirect_selection': 'eager', 'write_json': 'True', 'log_cache_events': 'False', 'partial_parse': 'True', 'cache_selected_only': 'False', 'profiles_dir': '/home/airflow/.dbt', 'fail_fast': 'False', 'debug': 'False', 'log_path': 'logs', 'version_check': 'True', 'warn_error': 'None', 'use_colors': 'True', 'use_experimental_parser': 'False', 'empty': 'None', 'quiet': 'False', 'no_print': 'None', 'log_format': 'default', 'invocation_command': 'dbt init', 'static_parser': 'True', 'introspect': 'True', 'target_path': 'None', 'warn_error_options': 'WarnErrorOptions(include=[], exclude=[])', 'send_anonymous_usage_stats': 'True'}
[0m05:32:18.816640 [debug] [MainThread]: Sending event: {'category': 'dbt', 'action': 'invocation', 'label': 'start', 'context': [<snowplow_tracker.self_describing_json.SelfDescribingJson object at 0x7f8cd68b13d0>, <snowplow_tracker.self_describing_json.SelfDescribingJson object at 0x7f8cd6195a30>, <snowplow_tracker.self_describing_json.SelfDescribingJson object at 0x7f8cd6049c10>]}


============================== 05:32:18.824647 | 9ca13520-8456-4d65-a9e6-48d06417fb39 ==============================
[0m05:32:18.824647 [info ] [MainThread]: Running with dbt=1.9.0-b2
[0m05:32:18.826324 [debug] [MainThread]: running dbt with arguments {'printer_width': '80', 'indirect_selection': 'eager', 'log_cache_events': 'False', 'write_json': 'True', 'partial_parse': 'True', 'cache_selected_only': 'False', 'profiles_dir': '/home/airflow/.dbt', 'fail_fast': 'False', 'version_check': 'True', 'log_path': 'logs', 'debug': 'False', 'warn_error': 'None', 'use_colors': 'True', 'use_experimental_parser': 'False', 'empty': 'None', 'quiet': 'False', 'no_print': 'None', 'warn_error_options': 'WarnErrorOptions(include=[], exclude=[])', 'static_parser': 'True', 'invocation_command': 'dbt debug', 'log_format': 'default', 'target_path': 'None', 'introspect': 'True', 'send_anonymous_usage_stats': 'True'}
[0m05:32:18.838254 [info ] [MainThread]: dbt version: 1.9.0-b2
[0m05:32:18.839527 [info ] [MainThread]: python version: 3.8.18
[0m05:32:18.842859 [info ] [MainThread]: python path: /usr/local/bin/python
[0m05:32:18.844981 [info ] [MainThread]: os info: Linux-5.15.167.4-microsoft-standard-WSL2-x86_64-with-glibc2.34
[0m05:32:18.977759 [info ] [MainThread]: Using profiles dir at /home/airflow/.dbt
[0m05:32:18.979275 [info ] [MainThread]: Using profiles.yml file at /home/airflow/.dbt/profiles.yml
[0m05:32:18.981625 [info ] [MainThread]: Using dbt_project.yml file at /opt/airflow/dbt_project.yml
[0m05:32:18.984096 [info ] [MainThread]: adapter type: postgres
[0m05:32:18.985900 [info ] [MainThread]: adapter version: 1.8.2
[0m05:32:18.989021 [info ] [MainThread]: Configuration:
[0m05:32:18.992178 [info ] [MainThread]:   profiles.yml file [[32mOK found and valid[0m]
[0m05:32:18.996621 [info ] [MainThread]:   dbt_project.yml file [[31mERROR not found[0m]
[0m05:32:18.998372 [info ] [MainThread]: Required dependencies:
[0m05:32:19.000992 [debug] [MainThread]: Executing "git --help"
[0m05:32:19.017138 [info ] [MainThread]:  - git [[31mERROR[0m]

[0m05:32:19.030014 [info ] [MainThread]: Connection:
[0m05:32:19.038418 [info ] [MainThread]:   host: postgres
[0m05:32:19.040870 [info ] [MainThread]:   port: 5432
[0m05:32:19.043319 [info ] [MainThread]:   user: postgres
[0m05:32:19.046517 [info ] [MainThread]:   database: Coba_coba
[0m05:32:19.049851 [info ] [MainThread]:   schema: public
[0m05:32:19.053725 [info ] [MainThread]:   connect_timeout: 10
[0m05:32:19.073464 [info ] [MainThread]:   role: None
[0m05:32:19.076831 [info ] [MainThread]:   search_path: None
[0m05:32:19.079298 [info ] [MainThread]:   keepalives_idle: 0
[0m05:32:19.081983 [info ] [MainThread]:   sslmode: None
[0m05:32:19.084709 [info ] [MainThread]:   sslcert: None
[0m05:32:19.087596 [info ] [MainThread]:   sslkey: None
[0m05:32:19.092363 [info ] [MainThread]:   sslrootcert: None
[0m05:32:19.095194 [info ] [MainThread]:   application_name: dbt
[0m05:32:19.110655 [info ] [MainThread]:   retries: 1
[0m05:32:19.114347 [info ] [MainThread]: Registered adapter: postgres=1.8.2
[0m05:32:19.128494 [debug] [MainThread]: Acquiring new postgres connection 'debug'
[0m05:32:19.222036 [debug] [MainThread]: Using postgres connection "debug"
[0m05:32:19.223268 [debug] [MainThread]: On debug: select 1 as id
[0m05:32:19.225928 [debug] [MainThread]: Opening a new connection, currently in state init
[0m05:32:19.248115 [debug] [MainThread]: SQL status: SELECT 1 in 0.024 seconds
[0m05:32:19.251187 [debug] [MainThread]: On debug: Close
[0m05:32:19.252736 [info ] [MainThread]:   Connection test: [[32mOK connection ok[0m]

[0m05:32:19.254655 [info ] [MainThread]: [31m2 checks failed:[0m
[0m05:32:19.258242 [info ] [MainThread]: Project loading failed for the following reason:
 project path </opt/airflow/dbt_project.yml> not found

[0m05:32:19.264835 [info ] [MainThread]: Error from git --help: User does not have permissions for this command: "git"

[0m05:32:19.269053 [debug] [MainThread]: Resource report: {"command_name": "debug", "command_wall_clock_time": 0.55398476, "process_user_time": 2.665915, "process_kernel_time": 0.11066, "process_mem_max_rss": "100008", "command_success": false, "process_in_blocks": "0", "process_out_blocks": "0"}
[0m05:32:19.272062 [debug] [MainThread]: Command `dbt debug` failed at 05:32:19.271729 after 0.56 seconds
[0m05:32:19.273534 [debug] [MainThread]: Connection 'debug' was properly closed.
[0m05:32:19.274864 [debug] [MainThread]: Sending event: {'category': 'dbt', 'action': 'invocation', 'label': 'end', 'context': [<snowplow_tracker.self_describing_json.SelfDescribingJson object at 0x7f8cd68b13d0>, <snowplow_tracker.self_describing_json.SelfDescribingJson object at 0x7f8cd4df30a0>, <snowplow_tracker.self_describing_json.SelfDescribingJson object at 0x7f8cd4df31f0>]}
[0m05:32:19.276408 [debug] [MainThread]: Flushing usage events
[0m05:32:21.070080 [debug] [MainThread]: An error was encountered while trying to flush usage events
[0m05:35:12.961190 [debug] [MainThread]: Sending event: {'category': 'dbt', 'action': 'invocation', 'label': 'start', 'context': [<snowplow_tracker.self_describing_json.SelfDescribingJson object at 0x7fbd8c071460>, <snowplow_tracker.self_describing_json.SelfDescribingJson object at 0x7fbd8c322e20>, <snowplow_tracker.self_describing_json.SelfDescribingJson object at 0x7fbd8b4f9910>]}


============================== 05:35:12.974297 | 3db25dc5-3cae-4e99-bc2a-4d66600fe0a3 ==============================
[0m05:35:12.974297 [info ] [MainThread]: Running with dbt=1.9.0-b2
[0m05:35:12.977153 [debug] [MainThread]: running dbt with arguments {'printer_width': '80', 'indirect_selection': 'eager', 'log_cache_events': 'False', 'write_json': 'True', 'partial_parse': 'True', 'cache_selected_only': 'False', 'profiles_dir': '/home/airflow/.dbt', 'debug': 'False', 'warn_error': 'None', 'log_path': 'logs', 'version_check': 'True', 'fail_fast': 'False', 'use_colors': 'True', 'use_experimental_parser': 'False', 'no_print': 'None', 'quiet': 'False', 'empty': 'None', 'log_format': 'default', 'invocation_command': 'dbt init', 'introspect': 'True', 'warn_error_options': 'WarnErrorOptions(include=[], exclude=[])', 'target_path': 'None', 'static_parser': 'True', 'send_anonymous_usage_stats': 'True'}
[0m05:35:36.264342 [info ] [MainThread]: A project called dbt_project already exists here.
[0m05:35:36.270169 [debug] [MainThread]: Resource report: {"command_name": "init", "command_success": true, "command_wall_clock_time": 23.47767, "process_user_time": 4.254713, "process_kernel_time": 0.21954, "process_mem_max_rss": "88356", "process_in_blocks": "0", "process_out_blocks": "0"}
[0m05:35:36.273360 [debug] [MainThread]: Command `dbt init` succeeded at 05:35:36.272934 after 23.48 seconds
[0m05:35:36.275194 [debug] [MainThread]: Sending event: {'category': 'dbt', 'action': 'invocation', 'label': 'end', 'context': [<snowplow_tracker.self_describing_json.SelfDescribingJson object at 0x7fbd8c071460>, <snowplow_tracker.self_describing_json.SelfDescribingJson object at 0x7fbd8c322e20>, <snowplow_tracker.self_describing_json.SelfDescribingJson object at 0x7fbd8b035760>]}
[0m05:35:36.277037 [debug] [MainThread]: Flushing usage events
[0m05:35:37.967582 [debug] [MainThread]: An error was encountered while trying to flush usage events
[0m05:38:00.433743 [debug] [MainThread]: Sending event: {'category': 'dbt', 'action': 'invocation', 'label': 'start', 'context': [<snowplow_tracker.self_describing_json.SelfDescribingJson object at 0x7f41535f83d0>, <snowplow_tracker.self_describing_json.SelfDescribingJson object at 0x7f4152edca30>, <snowplow_tracker.self_describing_json.SelfDescribingJson object at 0x7f4152d90c10>]}


============================== 05:38:00.451679 | dcc31818-3aff-4114-8b2e-c5a39bf49db1 ==============================
[0m05:38:00.451679 [info ] [MainThread]: Running with dbt=1.9.0-b2
[0m05:38:00.454007 [debug] [MainThread]: running dbt with arguments {'printer_width': '80', 'indirect_selection': 'eager', 'write_json': 'True', 'log_cache_events': 'False', 'partial_parse': 'True', 'cache_selected_only': 'False', 'profiles_dir': '/home/airflow/.dbt', 'fail_fast': 'False', 'version_check': 'True', 'log_path': 'logs', 'debug': 'False', 'warn_error': 'None', 'use_colors': 'True', 'use_experimental_parser': 'False', 'empty': 'None', 'quiet': 'False', 'no_print': 'None', 'warn_error_options': 'WarnErrorOptions(include=[], exclude=[])', 'static_parser': 'True', 'introspect': 'True', 'invocation_command': 'dbt debug', 'target_path': 'None', 'log_format': 'default', 'send_anonymous_usage_stats': 'True'}
[0m05:38:00.484794 [info ] [MainThread]: dbt version: 1.9.0-b2
[0m05:38:00.490604 [info ] [MainThread]: python version: 3.8.18
[0m05:38:00.493076 [info ] [MainThread]: python path: /usr/local/bin/python
[0m05:38:00.499038 [info ] [MainThread]: os info: Linux-5.15.167.4-microsoft-standard-WSL2-x86_64-with-glibc2.34
[0m05:38:00.709070 [info ] [MainThread]: Using profiles dir at /home/airflow/.dbt
[0m05:38:00.710818 [info ] [MainThread]: Using profiles.yml file at /home/airflow/.dbt/profiles.yml
[0m05:38:00.713642 [info ] [MainThread]: Using dbt_project.yml file at /opt/airflow/dbt_project.yml
[0m05:38:00.716943 [info ] [MainThread]: adapter type: postgres
[0m05:38:00.719930 [info ] [MainThread]: adapter version: 1.8.2
[0m05:38:00.724417 [info ] [MainThread]: Configuration:
[0m05:38:00.726854 [info ] [MainThread]:   profiles.yml file [[32mOK found and valid[0m]
[0m05:38:00.728614 [info ] [MainThread]:   dbt_project.yml file [[31mERROR not found[0m]
[0m05:38:00.731037 [info ] [MainThread]: Required dependencies:
[0m05:38:00.765152 [debug] [MainThread]: Executing "git --help"
[0m05:38:00.781114 [info ] [MainThread]:  - git [[31mERROR[0m]

[0m05:38:00.783759 [info ] [MainThread]: Connection:
[0m05:38:00.809352 [info ] [MainThread]:   host: postgres
[0m05:38:00.816674 [info ] [MainThread]:   port: 5432
[0m05:38:00.826993 [info ] [MainThread]:   user: postgres
[0m05:38:00.853242 [info ] [MainThread]:   database: Coba_coba
[0m05:38:00.857204 [info ] [MainThread]:   schema: public
[0m05:38:00.901716 [info ] [MainThread]:   connect_timeout: 10
[0m05:38:00.928799 [info ] [MainThread]:   role: None
[0m05:38:00.932750 [info ] [MainThread]:   search_path: None
[0m05:38:00.934952 [info ] [MainThread]:   keepalives_idle: 0
[0m05:38:00.936897 [info ] [MainThread]:   sslmode: None
[0m05:38:00.958152 [info ] [MainThread]:   sslcert: None
[0m05:38:00.962917 [info ] [MainThread]:   sslkey: None
[0m05:38:00.969906 [info ] [MainThread]:   sslrootcert: None
[0m05:38:00.973049 [info ] [MainThread]:   application_name: dbt
[0m05:38:00.993805 [info ] [MainThread]:   retries: 1
[0m05:38:00.997390 [info ] [MainThread]: Registered adapter: postgres=1.8.2
[0m05:38:01.020464 [debug] [MainThread]: Acquiring new postgres connection 'debug'
[0m05:38:01.322807 [debug] [MainThread]: Using postgres connection "debug"
[0m05:38:01.324776 [debug] [MainThread]: On debug: select 1 as id
[0m05:38:01.326856 [debug] [MainThread]: Opening a new connection, currently in state init
[0m05:38:01.347341 [debug] [MainThread]: SQL status: SELECT 1 in 0.020 seconds
[0m05:38:01.350841 [debug] [MainThread]: On debug: Close
[0m05:38:01.352750 [info ] [MainThread]:   Connection test: [[32mOK connection ok[0m]

[0m05:38:01.356427 [info ] [MainThread]: [31m2 checks failed:[0m
[0m05:38:01.359284 [info ] [MainThread]: Project loading failed for the following reason:
 project path </opt/airflow/dbt_project.yml> not found

[0m05:38:01.362564 [info ] [MainThread]: Error from git --help: User does not have permissions for this command: "git"

[0m05:38:01.372888 [debug] [MainThread]: Resource report: {"command_name": "debug", "command_wall_clock_time": 1.0851794, "process_user_time": 5.527244, "process_kernel_time": 0.302586, "process_mem_max_rss": "99864", "command_success": false, "process_in_blocks": "0", "process_out_blocks": "0"}
[0m05:38:01.393070 [debug] [MainThread]: Command `dbt debug` failed at 05:38:01.392643 after 1.11 seconds
[0m05:38:01.396847 [debug] [MainThread]: Connection 'debug' was properly closed.
[0m05:38:01.403138 [debug] [MainThread]: Sending event: {'category': 'dbt', 'action': 'invocation', 'label': 'end', 'context': [<snowplow_tracker.self_describing_json.SelfDescribingJson object at 0x7f41535f83d0>, <snowplow_tracker.self_describing_json.SelfDescribingJson object at 0x7f4151df30a0>, <snowplow_tracker.self_describing_json.SelfDescribingJson object at 0x7f4151df31f0>]}
[0m05:38:01.407382 [debug] [MainThread]: Flushing usage events
[0m05:38:03.001637 [debug] [MainThread]: An error was encountered while trying to flush usage events
[0m05:45:18.328498 [debug] [MainThread]: Sending event: {'category': 'dbt', 'action': 'invocation', 'label': 'start', 'context': [<snowplow_tracker.self_describing_json.SelfDescribingJson object at 0x7f030dc1c3a0>, <snowplow_tracker.self_describing_json.SelfDescribingJson object at 0x7f030ec33700>, <snowplow_tracker.self_describing_json.SelfDescribingJson object at 0x7f030d3b4be0>]}


============================== 05:45:18.340466 | 4e4a4715-8062-49a5-8dec-bf6ca9e6e9fb ==============================
[0m05:45:18.340466 [info ] [MainThread]: Running with dbt=1.9.0-b2
[0m05:45:18.344408 [debug] [MainThread]: running dbt with arguments {'printer_width': '80', 'indirect_selection': 'eager', 'write_json': 'True', 'log_cache_events': 'False', 'partial_parse': 'True', 'cache_selected_only': 'False', 'profiles_dir': '/home/airflow/.dbt', 'debug': 'False', 'warn_error': 'None', 'log_path': 'logs', 'fail_fast': 'False', 'version_check': 'True', 'use_colors': 'True', 'use_experimental_parser': 'False', 'no_print': 'None', 'quiet': 'False', 'empty': 'False', 'log_format': 'default', 'introspect': 'True', 'static_parser': 'True', 'invocation_command': 'dbt run', 'target_path': 'None', 'warn_error_options': 'WarnErrorOptions(include=[], exclude=[])', 'send_anonymous_usage_stats': 'True'}
[0m05:45:18.346944 [error] [MainThread]: Encountered an error:
Runtime Error
  No dbt_project.yml found at expected path /opt/airflow/dbt_project.yml
  Verify that each entry within packages.yml (and their transitive dependencies) contains a file named dbt_project.yml
  
[0m05:45:18.350552 [debug] [MainThread]: Resource report: {"command_name": "run", "command_wall_clock_time": 0.19506574, "process_user_time": 4.216807, "process_kernel_time": 0.19076, "process_mem_max_rss": "88128", "command_success": false, "process_in_blocks": "0", "process_out_blocks": "0"}
[0m05:45:18.353099 [debug] [MainThread]: Command `dbt run` failed at 05:45:18.352763 after 0.20 seconds
[0m05:45:18.355607 [debug] [MainThread]: Sending event: {'category': 'dbt', 'action': 'invocation', 'label': 'end', 'context': [<snowplow_tracker.self_describing_json.SelfDescribingJson object at 0x7f030dc1c3a0>, <snowplow_tracker.self_describing_json.SelfDescribingJson object at 0x7f030e922940>, <snowplow_tracker.self_describing_json.SelfDescribingJson object at 0x7f030e91a340>]}
[0m05:45:18.357938 [debug] [MainThread]: Flushing usage events
[0m05:45:19.518091 [debug] [MainThread]: An error was encountered while trying to flush usage events
[0m06:15:25.239526 [debug] [MainThread]: Sending event: {'category': 'dbt', 'action': 'invocation', 'label': 'start', 'context': [<snowplow_tracker.self_describing_json.SelfDescribingJson object at 0x7f39b3eb83a0>, <snowplow_tracker.self_describing_json.SelfDescribingJson object at 0x7f39b3634640>, <snowplow_tracker.self_describing_json.SelfDescribingJson object at 0x7f39b3340970>]}


============================== 06:15:25.261864 | 615fdb8c-67c1-473d-a511-ab4ac3e4c4a4 ==============================
[0m06:15:25.261864 [info ] [MainThread]: Running with dbt=1.9.0-b2
[0m06:15:25.268928 [debug] [MainThread]: running dbt with arguments {'printer_width': '80', 'indirect_selection': 'eager', 'log_cache_events': 'False', 'write_json': 'True', 'partial_parse': 'True', 'cache_selected_only': 'False', 'warn_error': 'None', 'debug': 'False', 'profiles_dir': '/opt/airflow/dbt_project', 'log_path': 'logs', 'fail_fast': 'False', 'version_check': 'True', 'use_colors': 'True', 'use_experimental_parser': 'False', 'no_print': 'None', 'quiet': 'False', 'empty': 'None', 'log_format': 'default', 'introspect': 'True', 'static_parser': 'True', 'invocation_command': 'dbt debug --profiles-dir /opt/airflow/dbt_project', 'target_path': 'None', 'warn_error_options': 'WarnErrorOptions(include=[], exclude=[])', 'send_anonymous_usage_stats': 'True'}
[0m06:15:25.308788 [info ] [MainThread]: dbt version: 1.9.0-b2
[0m06:15:25.332379 [info ] [MainThread]: python version: 3.8.18
[0m06:15:25.353661 [info ] [MainThread]: python path: /usr/local/bin/python
[0m06:15:25.364964 [info ] [MainThread]: os info: Linux-5.15.167.4-microsoft-standard-WSL2-x86_64-with-glibc2.34
[0m06:15:25.389897 [info ] [MainThread]: Using profiles dir at /opt/airflow/dbt_project
[0m06:15:25.396310 [info ] [MainThread]: Using profiles.yml file at /opt/airflow/dbt_project/profiles.yml
[0m06:15:25.405944 [info ] [MainThread]: Using dbt_project.yml file at /opt/airflow/dbt_project.yml
[0m06:15:25.437079 [info ] [MainThread]: Configuration:
[0m06:15:25.444443 [info ] [MainThread]:   profiles.yml file [[31mERROR not found[0m]
[0m06:15:25.452978 [info ] [MainThread]:   dbt_project.yml file [[31mERROR not found[0m]
[0m06:15:25.455645 [info ] [MainThread]: Required dependencies:
[0m06:15:25.484806 [debug] [MainThread]: Executing "git --help"
[0m06:15:25.505352 [info ] [MainThread]:  - git [[31mERROR[0m]

[0m06:15:25.531280 [info ] [MainThread]: Connection test skipped since no profile was found
[0m06:15:25.539314 [info ] [MainThread]: [31m3 checks failed:[0m
[0m06:15:25.569208 [info ] [MainThread]: dbt looked for a profiles.yml file in /opt/airflow/dbt_project/profiles.yml, but did
not find one. For more information on configuring your profile, consult the
documentation:

https://docs.getdbt.com/docs/configure-your-profile


[0m06:15:25.578772 [info ] [MainThread]: Project loading failed for the following reason:
 project path </opt/airflow/dbt_project.yml> not found

[0m06:15:25.582014 [info ] [MainThread]: Error from git --help: User does not have permissions for this command: "git"

[0m06:15:25.589285 [debug] [MainThread]: Resource report: {"command_name": "debug", "command_wall_clock_time": 0.60059375, "process_user_time": 4.972261, "process_kernel_time": 0.270122, "process_mem_max_rss": "88396", "command_success": false, "process_in_blocks": "0", "process_out_blocks": "0"}
[0m06:15:25.614546 [debug] [MainThread]: Command `dbt debug` failed at 06:15:25.614053 after 0.63 seconds
[0m06:15:25.620160 [debug] [MainThread]: Sending event: {'category': 'dbt', 'action': 'invocation', 'label': 'end', 'context': [<snowplow_tracker.self_describing_json.SelfDescribingJson object at 0x7f39b3eb83a0>, <snowplow_tracker.self_describing_json.SelfDescribingJson object at 0x7f39b4bb2e50>, <snowplow_tracker.self_describing_json.SelfDescribingJson object at 0x7f39b3340fd0>]}
[0m06:15:25.624019 [debug] [MainThread]: Flushing usage events
[0m06:15:27.252748 [debug] [MainThread]: An error was encountered while trying to flush usage events
[0m06:53:19.935703 [debug] [MainThread]: Sending event: {'category': 'dbt', 'action': 'invocation', 'label': 'start', 'context': [<snowplow_tracker.self_describing_json.SelfDescribingJson object at 0x7fadf6cb1490>, <snowplow_tracker.self_describing_json.SelfDescribingJson object at 0x7fadf69f21f0>, <snowplow_tracker.self_describing_json.SelfDescribingJson object at 0x7fadf79674c0>]}


============================== 06:53:19.948397 | 47cc9a96-30eb-4e89-ad13-4468a0f8e1ef ==============================
[0m06:53:19.948397 [info ] [MainThread]: Running with dbt=1.9.0-b2
[0m06:53:19.951730 [debug] [MainThread]: running dbt with arguments {'printer_width': '80', 'indirect_selection': 'eager', 'write_json': 'True', 'log_cache_events': 'False', 'partial_parse': 'True', 'cache_selected_only': 'False', 'warn_error': 'None', 'debug': 'False', 'fail_fast': 'False', 'log_path': 'logs', 'profiles_dir': '/home/airflow/.dbt', 'version_check': 'True', 'use_colors': 'True', 'use_experimental_parser': 'False', 'empty': 'None', 'quiet': 'False', 'no_print': 'None', 'log_format': 'default', 'invocation_command': 'dbt init', 'introspect': 'True', 'static_parser': 'True', 'target_path': 'None', 'warn_error_options': 'WarnErrorOptions(include=[], exclude=[])', 'send_anonymous_usage_stats': 'True'}
[0m06:53:19.972001 [warn ] [MainThread]: [ConfigFolderDirectory]: Unable to parse logging event dictionary. Failed to parse dir field: expected string or bytes-like object.. Dictionary: {'dir': PosixPath('/home/airflow/.dbt')}
[0m06:53:19.974051 [info ] [MainThread]: Creating dbt configuration folder at 
[0m06:53:28.985705 [info ] [MainThread]: A project called dbt_project already exists here.
[0m06:53:28.988632 [debug] [MainThread]: Resource report: {"command_name": "init", "command_success": true, "command_wall_clock_time": 9.221927, "process_user_time": 2.789329, "process_kernel_time": 0.129968, "process_mem_max_rss": "88228", "process_out_blocks": "752", "process_in_blocks": "0"}
[0m06:53:28.990636 [debug] [MainThread]: Command `dbt init` succeeded at 06:53:28.990374 after 9.22 seconds
[0m06:53:28.991885 [debug] [MainThread]: Sending event: {'category': 'dbt', 'action': 'invocation', 'label': 'end', 'context': [<snowplow_tracker.self_describing_json.SelfDescribingJson object at 0x7fadf6cb1490>, <snowplow_tracker.self_describing_json.SelfDescribingJson object at 0x7fadf6380f70>, <snowplow_tracker.self_describing_json.SelfDescribingJson object at 0x7fadf7843d30>]}
[0m06:53:28.993084 [debug] [MainThread]: Flushing usage events
[0m06:53:30.798667 [debug] [MainThread]: An error was encountered while trying to flush usage events
[0m06:53:44.052481 [debug] [MainThread]: Sending event: {'category': 'dbt', 'action': 'invocation', 'label': 'start', 'context': [<snowplow_tracker.self_describing_json.SelfDescribingJson object at 0x7f60859e83d0>, <snowplow_tracker.self_describing_json.SelfDescribingJson object at 0x7f60852cca30>, <snowplow_tracker.self_describing_json.SelfDescribingJson object at 0x7f6085180520>]}


============================== 06:53:44.064249 | cce03d5f-a003-4e6c-9048-0cf3d2217455 ==============================
[0m06:53:44.064249 [info ] [MainThread]: Running with dbt=1.9.0-b2
[0m06:53:44.067142 [debug] [MainThread]: running dbt with arguments {'printer_width': '80', 'indirect_selection': 'eager', 'write_json': 'True', 'log_cache_events': 'False', 'partial_parse': 'True', 'cache_selected_only': 'False', 'profiles_dir': '/home/airflow/.dbt', 'debug': 'False', 'warn_error': 'None', 'log_path': 'logs', 'version_check': 'True', 'fail_fast': 'False', 'use_colors': 'True', 'use_experimental_parser': 'False', 'empty': 'None', 'quiet': 'False', 'no_print': 'None', 'warn_error_options': 'WarnErrorOptions(include=[], exclude=[])', 'introspect': 'True', 'log_format': 'default', 'static_parser': 'True', 'target_path': 'None', 'invocation_command': 'dbt debug', 'send_anonymous_usage_stats': 'True'}
[0m06:53:44.085009 [info ] [MainThread]: dbt version: 1.9.0-b2
[0m06:53:44.087175 [info ] [MainThread]: python version: 3.8.18
[0m06:53:44.089919 [info ] [MainThread]: python path: /usr/local/bin/python
[0m06:53:44.092592 [info ] [MainThread]: os info: Linux-5.15.167.4-microsoft-standard-WSL2-x86_64-with-glibc2.34
[0m06:53:44.095879 [info ] [MainThread]: Using profiles dir at /home/airflow/.dbt
[0m06:53:44.097862 [info ] [MainThread]: Using profiles.yml file at /home/airflow/.dbt/profiles.yml
[0m06:53:44.125967 [info ] [MainThread]: Using dbt_project.yml file at /opt/airflow/dbt_project.yml
[0m06:53:44.128768 [info ] [MainThread]: Configuration:
[0m06:53:44.132674 [info ] [MainThread]:   profiles.yml file [[31mERROR not found[0m]
[0m06:53:44.136184 [info ] [MainThread]:   dbt_project.yml file [[31mERROR not found[0m]
[0m06:53:44.138725 [info ] [MainThread]: Required dependencies:
[0m06:53:44.140564 [debug] [MainThread]: Executing "git --help"
[0m06:53:44.151194 [info ] [MainThread]:  - git [[31mERROR[0m]

[0m06:53:44.167138 [info ] [MainThread]: Connection test skipped since no profile was found
[0m06:53:44.174566 [info ] [MainThread]: [31m3 checks failed:[0m
[0m06:53:44.177965 [info ] [MainThread]: dbt looked for a profiles.yml file in /home/airflow/.dbt/profiles.yml, but did
not find one. For more information on configuring your profile, consult the
documentation:

https://docs.getdbt.com/docs/configure-your-profile


[0m06:53:44.180912 [info ] [MainThread]: Project loading failed for the following reason:
 project path </opt/airflow/dbt_project.yml> not found

[0m06:53:44.184841 [info ] [MainThread]: Error from git --help: User does not have permissions for this command: "git"

[0m06:53:44.189559 [debug] [MainThread]: Resource report: {"command_name": "debug", "command_wall_clock_time": 0.24794392, "process_user_time": 3.085648, "process_kernel_time": 0.252095, "process_mem_max_rss": "88236", "command_success": false, "process_in_blocks": "0", "process_out_blocks": "0"}
[0m06:53:44.192061 [debug] [MainThread]: Command `dbt debug` failed at 06:53:44.191460 after 0.25 seconds
[0m06:53:44.210316 [debug] [MainThread]: Sending event: {'category': 'dbt', 'action': 'invocation', 'label': 'end', 'context': [<snowplow_tracker.self_describing_json.SelfDescribingJson object at 0x7f60859e83d0>, <snowplow_tracker.self_describing_json.SelfDescribingJson object at 0x7f6084e65880>, <snowplow_tracker.self_describing_json.SelfDescribingJson object at 0x7f6085128190>]}
[0m06:53:44.213769 [debug] [MainThread]: Flushing usage events
[0m06:53:45.485927 [debug] [MainThread]: An error was encountered while trying to flush usage events
[0m06:57:49.251196 [debug] [MainThread]: Sending event: {'category': 'dbt', 'action': 'invocation', 'label': 'start', 'context': [<snowplow_tracker.self_describing_json.SelfDescribingJson object at 0x7f1d5a4b83d0>, <snowplow_tracker.self_describing_json.SelfDescribingJson object at 0x7f1d59d9ca30>, <snowplow_tracker.self_describing_json.SelfDescribingJson object at 0x7f1d59c50520>]}


============================== 06:57:49.259959 | f42be64f-0a97-4d92-a97c-9475ad446c11 ==============================
[0m06:57:49.259959 [info ] [MainThread]: Running with dbt=1.9.0-b2
[0m06:57:49.262291 [debug] [MainThread]: running dbt with arguments {'printer_width': '80', 'indirect_selection': 'eager', 'log_cache_events': 'False', 'write_json': 'True', 'partial_parse': 'True', 'cache_selected_only': 'False', 'warn_error': 'None', 'fail_fast': 'False', 'profiles_dir': '/home/airflow/.dbt', 'log_path': 'logs', 'version_check': 'True', 'debug': 'False', 'use_colors': 'True', 'use_experimental_parser': 'False', 'empty': 'None', 'quiet': 'False', 'no_print': 'None', 'warn_error_options': 'WarnErrorOptions(include=[], exclude=[])', 'invocation_command': 'dbt init', 'static_parser': 'True', 'log_format': 'default', 'target_path': 'None', 'introspect': 'True', 'send_anonymous_usage_stats': 'True'}
[0m06:58:55.771449 [info ] [MainThread]: A project called dbt_project already exists here.
[0m06:58:55.775012 [debug] [MainThread]: Resource report: {"command_name": "init", "command_success": true, "command_wall_clock_time": 66.63334, "process_user_time": 2.591562, "process_kernel_time": 0.080671, "process_mem_max_rss": "88104", "process_in_blocks": "0", "process_out_blocks": "0"}
[0m06:58:55.776830 [debug] [MainThread]: Command `dbt init` succeeded at 06:58:55.776593 after 66.64 seconds
[0m06:58:55.778212 [debug] [MainThread]: Sending event: {'category': 'dbt', 'action': 'invocation', 'label': 'end', 'context': [<snowplow_tracker.self_describing_json.SelfDescribingJson object at 0x7f1d5a4b83d0>, <snowplow_tracker.self_describing_json.SelfDescribingJson object at 0x7f1d594d1100>, <snowplow_tracker.self_describing_json.SelfDescribingJson object at 0x7f1d5b1e67c0>]}
[0m06:58:55.783307 [debug] [MainThread]: Flushing usage events
[0m06:58:57.424210 [debug] [MainThread]: An error was encountered while trying to flush usage events
[0m08:01:16.836008 [debug] [MainThread]: Sending event: {'category': 'dbt', 'action': 'invocation', 'label': 'start', 'context': [<snowplow_tracker.self_describing_json.SelfDescribingJson object at 0x7f9736c213d0>, <snowplow_tracker.self_describing_json.SelfDescribingJson object at 0x7f9736505a30>, <snowplow_tracker.self_describing_json.SelfDescribingJson object at 0x7f97363b9c10>]}


============================== 08:01:16.846107 | 4f463ac0-cf83-4394-b546-46568fb13d3f ==============================
[0m08:01:16.846107 [info ] [MainThread]: Running with dbt=1.9.0-b2
[0m08:01:16.850514 [debug] [MainThread]: running dbt with arguments {'printer_width': '80', 'indirect_selection': 'eager', 'write_json': 'True', 'log_cache_events': 'False', 'partial_parse': 'True', 'cache_selected_only': 'False', 'profiles_dir': '/home/airflow/.dbt', 'version_check': 'True', 'fail_fast': 'False', 'log_path': 'logs', 'debug': 'False', 'warn_error': 'None', 'use_colors': 'True', 'use_experimental_parser': 'False', 'empty': 'None', 'quiet': 'False', 'no_print': 'None', 'warn_error_options': 'WarnErrorOptions(include=[], exclude=[])', 'static_parser': 'True', 'log_format': 'default', 'invocation_command': 'dbt debug', 'target_path': 'None', 'introspect': 'True', 'send_anonymous_usage_stats': 'True'}
[0m08:01:16.885600 [info ] [MainThread]: dbt version: 1.9.0-b2
[0m08:01:16.891479 [info ] [MainThread]: python version: 3.8.18
[0m08:01:16.904938 [info ] [MainThread]: python path: /usr/local/bin/python
[0m08:01:16.909569 [info ] [MainThread]: os info: Linux-5.15.167.4-microsoft-standard-WSL2-x86_64-with-glibc2.34
[0m08:01:17.097172 [info ] [MainThread]: Using profiles dir at /home/airflow/.dbt
[0m08:01:17.098839 [info ] [MainThread]: Using profiles.yml file at /home/airflow/.dbt/profiles.yml
[0m08:01:17.101223 [info ] [MainThread]: Using dbt_project.yml file at /opt/airflow/dbt_project.yml
[0m08:01:17.106298 [info ] [MainThread]: adapter type: postgres
[0m08:01:17.108558 [info ] [MainThread]: adapter version: 1.8.2
[0m08:01:17.113232 [info ] [MainThread]: Configuration:
[0m08:01:17.115368 [info ] [MainThread]:   profiles.yml file [[32mOK found and valid[0m]
[0m08:01:17.118878 [info ] [MainThread]:   dbt_project.yml file [[31mERROR not found[0m]
[0m08:01:17.122525 [info ] [MainThread]: Required dependencies:
[0m08:01:17.124528 [debug] [MainThread]: Executing "git --help"
[0m08:01:17.157186 [info ] [MainThread]:  - git [[31mERROR[0m]

[0m08:01:17.164110 [info ] [MainThread]: Connection:
[0m08:01:17.166362 [info ] [MainThread]:   host: postgres
[0m08:01:17.168475 [info ] [MainThread]:   port: 5432
[0m08:01:17.170240 [info ] [MainThread]:   user: postgres
[0m08:01:17.175439 [info ] [MainThread]:   database: Coba_coba
[0m08:01:17.179680 [info ] [MainThread]:   schema: public
[0m08:01:17.185302 [info ] [MainThread]:   connect_timeout: 10
[0m08:01:17.206276 [info ] [MainThread]:   role: None
[0m08:01:17.210815 [info ] [MainThread]:   search_path: None
[0m08:01:17.213557 [info ] [MainThread]:   keepalives_idle: 0
[0m08:01:17.216264 [info ] [MainThread]:   sslmode: None
[0m08:01:17.223891 [info ] [MainThread]:   sslcert: None
[0m08:01:17.229648 [info ] [MainThread]:   sslkey: None
[0m08:01:17.231307 [info ] [MainThread]:   sslrootcert: None
[0m08:01:17.253865 [info ] [MainThread]:   application_name: dbt
[0m08:01:17.264143 [info ] [MainThread]:   retries: 1
[0m08:01:17.268306 [info ] [MainThread]: Registered adapter: postgres=1.8.2
[0m08:01:17.311374 [debug] [MainThread]: Acquiring new postgres connection 'debug'
[0m08:01:17.490993 [debug] [MainThread]: Using postgres connection "debug"
[0m08:01:17.492067 [debug] [MainThread]: On debug: select 1 as id
[0m08:01:17.493102 [debug] [MainThread]: Opening a new connection, currently in state init
[0m08:01:17.576297 [debug] [MainThread]: SQL status: SELECT 1 in 0.083 seconds
[0m08:01:17.578226 [debug] [MainThread]: On debug: Close
[0m08:01:17.579446 [info ] [MainThread]:   Connection test: [[32mOK connection ok[0m]

[0m08:01:17.581588 [info ] [MainThread]: [31m2 checks failed:[0m
[0m08:01:17.583983 [info ] [MainThread]: Project loading failed for the following reason:
 project path </opt/airflow/dbt_project.yml> not found

[0m08:01:17.586411 [info ] [MainThread]: Error from git --help: User does not have permissions for this command: "git"

[0m08:01:17.591452 [debug] [MainThread]: Resource report: {"command_name": "debug", "command_wall_clock_time": 0.8565161, "process_user_time": 2.877974, "process_kernel_time": 0.350972, "process_mem_max_rss": "100076", "process_in_blocks": "19368", "command_success": false, "process_out_blocks": "0"}
[0m08:01:17.594882 [debug] [MainThread]: Command `dbt debug` failed at 08:01:17.593380 after 0.86 seconds
[0m08:01:17.596565 [debug] [MainThread]: Connection 'debug' was properly closed.
[0m08:01:17.598415 [debug] [MainThread]: Sending event: {'category': 'dbt', 'action': 'invocation', 'label': 'end', 'context': [<snowplow_tracker.self_describing_json.SelfDescribingJson object at 0x7f9736c213d0>, <snowplow_tracker.self_describing_json.SelfDescribingJson object at 0x7f97356a30a0>, <snowplow_tracker.self_describing_json.SelfDescribingJson object at 0x7f97356a31f0>]}
[0m08:01:17.600202 [debug] [MainThread]: Flushing usage events
[0m08:01:19.036113 [debug] [MainThread]: An error was encountered while trying to flush usage events
[0m08:07:27.057383 [debug] [MainThread]: Sending event: {'category': 'dbt', 'action': 'invocation', 'label': 'start', 'context': [<snowplow_tracker.self_describing_json.SelfDescribingJson object at 0x7f8ba3938400>, <snowplow_tracker.self_describing_json.SelfDescribingJson object at 0x7f8ba36941f0>, <snowplow_tracker.self_describing_json.SelfDescribingJson object at 0x7f8ba3231910>]}


============================== 08:07:27.067477 | 98526efb-3d6a-4f31-b44c-e5fe07120a4d ==============================
[0m08:07:27.067477 [info ] [MainThread]: Running with dbt=1.9.0-b2
[0m08:07:27.069644 [debug] [MainThread]: running dbt with arguments {'printer_width': '80', 'indirect_selection': 'eager', 'write_json': 'True', 'log_cache_events': 'False', 'partial_parse': 'True', 'cache_selected_only': 'False', 'warn_error': 'None', 'version_check': 'True', 'debug': 'False', 'log_path': 'logs', 'profiles_dir': '/home/airflow/.dbt', 'fail_fast': 'False', 'use_colors': 'True', 'use_experimental_parser': 'False', 'no_print': 'None', 'quiet': 'False', 'empty': 'False', 'log_format': 'default', 'invocation_command': 'dbt run --project-dir /opt/airflow', 'introspect': 'True', 'static_parser': 'True', 'target_path': 'None', 'warn_error_options': 'WarnErrorOptions(include=[], exclude=[])', 'send_anonymous_usage_stats': 'True'}
[0m08:07:27.071676 [error] [MainThread]: Encountered an error:
Runtime Error
  No dbt_project.yml found at expected path /opt/airflow/dbt_project.yml
  Verify that each entry within packages.yml (and their transitive dependencies) contains a file named dbt_project.yml
  
[0m08:07:27.074976 [debug] [MainThread]: Resource report: {"command_name": "run", "command_wall_clock_time": 0.11265412, "process_user_time": 2.247583, "process_kernel_time": 0.09945, "process_mem_max_rss": "88092", "command_success": false, "process_in_blocks": "0", "process_out_blocks": "0"}
[0m08:07:27.077093 [debug] [MainThread]: Command `dbt run` failed at 08:07:27.076797 after 0.12 seconds
[0m08:07:27.078379 [debug] [MainThread]: Sending event: {'category': 'dbt', 'action': 'invocation', 'label': 'end', 'context': [<snowplow_tracker.self_describing_json.SelfDescribingJson object at 0x7f8ba3938400>, <snowplow_tracker.self_describing_json.SelfDescribingJson object at 0x7f8ba322c490>, <snowplow_tracker.self_describing_json.SelfDescribingJson object at 0x7f8ba2d4dcd0>]}
[0m08:07:27.094798 [debug] [MainThread]: Flushing usage events
[0m08:07:28.270837 [debug] [MainThread]: An error was encountered while trying to flush usage events
[0m08:08:59.128134 [debug] [MainThread]: Sending event: {'category': 'dbt', 'action': 'invocation', 'label': 'start', 'context': [<snowplow_tracker.self_describing_json.SelfDescribingJson object at 0x7f63cba38370>, <snowplow_tracker.self_describing_json.SelfDescribingJson object at 0x7f63ccae66d0>, <snowplow_tracker.self_describing_json.SelfDescribingJson object at 0x7f63cb1d2eb0>]}


============================== 08:08:59.136382 | 4d8d36f2-979a-4bd0-82ab-dfc31b78e555 ==============================
[0m08:08:59.136382 [info ] [MainThread]: Running with dbt=1.9.0-b2
[0m08:08:59.138182 [debug] [MainThread]: running dbt with arguments {'printer_width': '80', 'indirect_selection': 'eager', 'log_cache_events': 'False', 'write_json': 'True', 'partial_parse': 'True', 'cache_selected_only': 'False', 'warn_error': 'None', 'debug': 'False', 'version_check': 'True', 'log_path': 'logs', 'fail_fast': 'False', 'profiles_dir': '/home/airflow/.dbt', 'use_colors': 'True', 'use_experimental_parser': 'False', 'empty': 'False', 'quiet': 'False', 'no_print': 'None', 'warn_error_options': 'WarnErrorOptions(include=[], exclude=[])', 'introspect': 'True', 'invocation_command': 'dbt run', 'log_format': 'default', 'target_path': 'None', 'static_parser': 'True', 'send_anonymous_usage_stats': 'True'}
[0m08:08:59.139876 [error] [MainThread]: Encountered an error:
Runtime Error
  No dbt_project.yml found at expected path /opt/airflow/dbt_project.yml
  Verify that each entry within packages.yml (and their transitive dependencies) contains a file named dbt_project.yml
  
[0m08:08:59.146808 [debug] [MainThread]: Resource report: {"command_name": "run", "command_wall_clock_time": 0.10988108, "process_user_time": 2.112008, "process_kernel_time": 0.099623, "process_mem_max_rss": "88160", "command_success": false, "process_in_blocks": "0", "process_out_blocks": "0"}
[0m08:08:59.161951 [debug] [MainThread]: Command `dbt run` failed at 08:08:59.161558 after 0.13 seconds
[0m08:08:59.164479 [debug] [MainThread]: Sending event: {'category': 'dbt', 'action': 'invocation', 'label': 'end', 'context': [<snowplow_tracker.self_describing_json.SelfDescribingJson object at 0x7f63cba38370>, <snowplow_tracker.self_describing_json.SelfDescribingJson object at 0x7f63cb1b6790>, <snowplow_tracker.self_describing_json.SelfDescribingJson object at 0x7f63cb1d2b20>]}
[0m08:08:59.166084 [debug] [MainThread]: Flushing usage events
[0m08:09:00.749218 [debug] [MainThread]: An error was encountered while trying to flush usage events
[0m08:09:06.726915 [debug] [MainThread]: Sending event: {'category': 'dbt', 'action': 'invocation', 'label': 'start', 'context': [<snowplow_tracker.self_describing_json.SelfDescribingJson object at 0x7f73adb68430>, <snowplow_tracker.self_describing_json.SelfDescribingJson object at 0x7f73aec2a790>, <snowplow_tracker.self_describing_json.SelfDescribingJson object at 0x7f73acfebbe0>]}


============================== 08:09:06.735330 | 7b11ad42-86c2-49c6-b0c9-43c9ce87746e ==============================
[0m08:09:06.735330 [info ] [MainThread]: Running with dbt=1.9.0-b2
[0m08:09:06.737222 [debug] [MainThread]: running dbt with arguments {'printer_width': '80', 'indirect_selection': 'eager', 'log_cache_events': 'False', 'write_json': 'True', 'partial_parse': 'True', 'cache_selected_only': 'False', 'warn_error': 'None', 'fail_fast': 'False', 'version_check': 'True', 'log_path': 'logs', 'debug': 'False', 'profiles_dir': '/home/airflow/.dbt', 'use_colors': 'True', 'use_experimental_parser': 'False', 'empty': 'None', 'quiet': 'False', 'no_print': 'None', 'log_format': 'default', 'introspect': 'True', 'static_parser': 'True', 'warn_error_options': 'WarnErrorOptions(include=[], exclude=[])', 'target_path': 'None', 'invocation_command': 'dbt debug', 'send_anonymous_usage_stats': 'True'}
[0m08:09:06.755981 [info ] [MainThread]: dbt version: 1.9.0-b2
[0m08:09:06.765206 [info ] [MainThread]: python version: 3.8.18
[0m08:09:06.768998 [info ] [MainThread]: python path: /usr/local/bin/python
[0m08:09:06.771554 [info ] [MainThread]: os info: Linux-5.15.167.4-microsoft-standard-WSL2-x86_64-with-glibc2.34
[0m08:09:06.888298 [info ] [MainThread]: Using profiles dir at /home/airflow/.dbt
[0m08:09:06.889645 [info ] [MainThread]: Using profiles.yml file at /home/airflow/.dbt/profiles.yml
[0m08:09:06.891987 [info ] [MainThread]: Using dbt_project.yml file at /opt/airflow/dbt_project.yml
[0m08:09:06.894158 [info ] [MainThread]: adapter type: postgres
[0m08:09:06.895814 [info ] [MainThread]: adapter version: 1.8.2
[0m08:09:06.900723 [info ] [MainThread]: Configuration:
[0m08:09:06.922078 [info ] [MainThread]:   profiles.yml file [[32mOK found and valid[0m]
[0m08:09:06.925825 [info ] [MainThread]:   dbt_project.yml file [[31mERROR not found[0m]
[0m08:09:06.929161 [info ] [MainThread]: Required dependencies:
[0m08:09:06.933019 [debug] [MainThread]: Executing "git --help"
[0m08:09:06.946228 [info ] [MainThread]:  - git [[31mERROR[0m]

[0m08:09:06.965499 [info ] [MainThread]: Connection:
[0m08:09:06.968460 [info ] [MainThread]:   host: postgres
[0m08:09:06.972699 [info ] [MainThread]:   port: 5432
[0m08:09:06.999573 [info ] [MainThread]:   user: postgres
[0m08:09:07.003114 [info ] [MainThread]:   database: Coba_coba
[0m08:09:07.027761 [info ] [MainThread]:   schema: public
[0m08:09:07.035529 [info ] [MainThread]:   connect_timeout: 10
[0m08:09:07.038998 [info ] [MainThread]:   role: None
[0m08:09:07.060525 [info ] [MainThread]:   search_path: None
[0m08:09:07.063550 [info ] [MainThread]:   keepalives_idle: 0
[0m08:09:07.069955 [info ] [MainThread]:   sslmode: None
[0m08:09:07.088423 [info ] [MainThread]:   sslcert: None
[0m08:09:07.099404 [info ] [MainThread]:   sslkey: None
[0m08:09:07.117269 [info ] [MainThread]:   sslrootcert: None
[0m08:09:07.125495 [info ] [MainThread]:   application_name: dbt
[0m08:09:07.142193 [info ] [MainThread]:   retries: 1
[0m08:09:07.149413 [info ] [MainThread]: Registered adapter: postgres=1.8.2
[0m08:09:07.166016 [debug] [MainThread]: Acquiring new postgres connection 'debug'
[0m08:09:07.270043 [debug] [MainThread]: Using postgres connection "debug"
[0m08:09:07.271722 [debug] [MainThread]: On debug: select 1 as id
[0m08:09:07.273310 [debug] [MainThread]: Opening a new connection, currently in state init
[0m08:09:07.295240 [debug] [MainThread]: SQL status: SELECT 1 in 0.022 seconds
[0m08:09:07.298239 [debug] [MainThread]: On debug: Close
[0m08:09:07.300246 [info ] [MainThread]:   Connection test: [[32mOK connection ok[0m]

[0m08:09:07.303298 [info ] [MainThread]: [31m2 checks failed:[0m
[0m08:09:07.305585 [info ] [MainThread]: Project loading failed for the following reason:
 project path </opt/airflow/dbt_project.yml> not found

[0m08:09:07.307777 [info ] [MainThread]: Error from git --help: User does not have permissions for this command: "git"

[0m08:09:07.312054 [debug] [MainThread]: Resource report: {"command_name": "debug", "command_wall_clock_time": 0.6907381, "process_user_time": 2.48691, "process_kernel_time": 0.196593, "process_mem_max_rss": "99960", "command_success": false, "process_in_blocks": "0", "process_out_blocks": "0"}
[0m08:09:07.319562 [debug] [MainThread]: Command `dbt debug` failed at 08:09:07.319204 after 0.70 seconds
[0m08:09:07.328023 [debug] [MainThread]: Connection 'debug' was properly closed.
[0m08:09:07.330656 [debug] [MainThread]: Sending event: {'category': 'dbt', 'action': 'invocation', 'label': 'end', 'context': [<snowplow_tracker.self_describing_json.SelfDescribingJson object at 0x7f73adb68430>, <snowplow_tracker.self_describing_json.SelfDescribingJson object at 0x7f73ac373220>, <snowplow_tracker.self_describing_json.SelfDescribingJson object at 0x7f73ac373490>]}
[0m08:09:07.333206 [debug] [MainThread]: Flushing usage events
[0m08:09:08.473203 [debug] [MainThread]: An error was encountered while trying to flush usage events
[0m08:17:50.796382 [debug] [MainThread]: Sending event: {'category': 'dbt', 'action': 'invocation', 'label': 'start', 'context': [<snowplow_tracker.self_describing_json.SelfDescribingJson object at 0x7ff1bfb78400>, <snowplow_tracker.self_describing_json.SelfDescribingJson object at 0x7ff1c0b49760>, <snowplow_tracker.self_describing_json.SelfDescribingJson object at 0x7ff1c0837fa0>]}


============================== 08:17:50.807237 | 63d317a8-dc88-476e-9424-540e9aa7fcae ==============================
[0m08:17:50.807237 [info ] [MainThread]: Running with dbt=1.9.0-b2
[0m08:17:50.811354 [debug] [MainThread]: running dbt with arguments {'printer_width': '80', 'indirect_selection': 'eager', 'log_cache_events': 'False', 'write_json': 'True', 'partial_parse': 'True', 'cache_selected_only': 'False', 'profiles_dir': '/home/airflow/.dbt', 'fail_fast': 'False', 'warn_error': 'None', 'log_path': 'logs', 'version_check': 'True', 'debug': 'False', 'use_colors': 'True', 'use_experimental_parser': 'False', 'empty': 'None', 'quiet': 'False', 'no_print': 'None', 'log_format': 'default', 'invocation_command': 'dbt debug', 'introspect': 'True', 'warn_error_options': 'WarnErrorOptions(include=[], exclude=[])', 'target_path': 'None', 'static_parser': 'True', 'send_anonymous_usage_stats': 'True'}
[0m08:17:50.837396 [info ] [MainThread]: dbt version: 1.9.0-b2
[0m08:17:50.849784 [info ] [MainThread]: python version: 3.8.18
[0m08:17:50.853281 [info ] [MainThread]: python path: /usr/local/bin/python
[0m08:17:50.856480 [info ] [MainThread]: os info: Linux-5.15.167.4-microsoft-standard-WSL2-x86_64-with-glibc2.34
[0m08:17:51.036273 [info ] [MainThread]: Using profiles dir at /home/airflow/.dbt
[0m08:17:51.038056 [info ] [MainThread]: Using profiles.yml file at /home/airflow/.dbt/profiles.yml
[0m08:17:51.040575 [info ] [MainThread]: Using dbt_project.yml file at /opt/airflow/dbt_project.yml
[0m08:17:51.043313 [info ] [MainThread]: adapter type: postgres
[0m08:17:51.046089 [info ] [MainThread]: adapter version: 1.8.2
[0m08:17:51.047896 [info ] [MainThread]: Configuration:
[0m08:17:51.049759 [info ] [MainThread]:   profiles.yml file [[32mOK found and valid[0m]
[0m08:17:51.057719 [info ] [MainThread]:   dbt_project.yml file [[31mERROR not found[0m]
[0m08:17:51.080910 [info ] [MainThread]: Required dependencies:
[0m08:17:51.083853 [debug] [MainThread]: Executing "git --help"
[0m08:17:51.094217 [info ] [MainThread]:  - git [[31mERROR[0m]

[0m08:17:51.121593 [info ] [MainThread]: Connection:
[0m08:17:51.126097 [info ] [MainThread]:   host: postgres
[0m08:17:51.128079 [info ] [MainThread]:   port: 5432
[0m08:17:51.130573 [info ] [MainThread]:   user: postgres
[0m08:17:51.132851 [info ] [MainThread]:   database: Coba_coba
[0m08:17:51.135441 [info ] [MainThread]:   schema: public
[0m08:17:51.155699 [info ] [MainThread]:   connect_timeout: 10
[0m08:17:51.160431 [info ] [MainThread]:   role: None
[0m08:17:51.162476 [info ] [MainThread]:   search_path: None
[0m08:17:51.164448 [info ] [MainThread]:   keepalives_idle: 0
[0m08:17:51.167189 [info ] [MainThread]:   sslmode: None
[0m08:17:51.169875 [info ] [MainThread]:   sslcert: None
[0m08:17:51.181484 [info ] [MainThread]:   sslkey: None
[0m08:17:51.187804 [info ] [MainThread]:   sslrootcert: None
[0m08:17:51.191444 [info ] [MainThread]:   application_name: dbt
[0m08:17:51.193774 [info ] [MainThread]:   retries: 1
[0m08:17:51.197215 [info ] [MainThread]: Registered adapter: postgres=1.8.2
[0m08:17:51.207916 [debug] [MainThread]: Acquiring new postgres connection 'debug'
[0m08:17:51.303651 [debug] [MainThread]: Using postgres connection "debug"
[0m08:17:51.304900 [debug] [MainThread]: On debug: select 1 as id
[0m08:17:51.306033 [debug] [MainThread]: Opening a new connection, currently in state init
[0m08:17:51.319762 [debug] [MainThread]: SQL status: SELECT 1 in 0.014 seconds
[0m08:17:51.321693 [debug] [MainThread]: On debug: Close
[0m08:17:51.322812 [info ] [MainThread]:   Connection test: [[32mOK connection ok[0m]

[0m08:17:51.325820 [info ] [MainThread]: [31m2 checks failed:[0m
[0m08:17:51.327630 [info ] [MainThread]: Project loading failed for the following reason:
 project path </opt/airflow/dbt_project.yml> not found

[0m08:17:51.329579 [info ] [MainThread]: Error from git --help: User does not have permissions for this command: "git"

[0m08:17:51.333329 [debug] [MainThread]: Resource report: {"command_name": "debug", "command_wall_clock_time": 0.6641748, "process_user_time": 2.783097, "process_kernel_time": 0.220245, "process_mem_max_rss": "99912", "command_success": false, "process_in_blocks": "0", "process_out_blocks": "0"}
[0m08:17:51.335509 [debug] [MainThread]: Command `dbt debug` failed at 08:17:51.335148 after 0.67 seconds
[0m08:17:51.340563 [debug] [MainThread]: Connection 'debug' was properly closed.
[0m08:17:51.350715 [debug] [MainThread]: Sending event: {'category': 'dbt', 'action': 'invocation', 'label': 'end', 'context': [<snowplow_tracker.self_describing_json.SelfDescribingJson object at 0x7ff1bfb78400>, <snowplow_tracker.self_describing_json.SelfDescribingJson object at 0x7ff1be372220>, <snowplow_tracker.self_describing_json.SelfDescribingJson object at 0x7ff1be372490>]}
[0m08:17:51.352982 [debug] [MainThread]: Flushing usage events
[0m08:17:52.754317 [debug] [MainThread]: An error was encountered while trying to flush usage events
[0m09:15:37.412849 [debug] [MainThread]: Sending event: {'category': 'dbt', 'action': 'invocation', 'label': 'start', 'context': [<snowplow_tracker.self_describing_json.SelfDescribingJson object at 0x7f6f2e348af0>, <snowplow_tracker.self_describing_json.SelfDescribingJson object at 0x7f6f2e7ca460>, <snowplow_tracker.self_describing_json.SelfDescribingJson object at 0x7f6f2c92ddc0>]}


============================== 09:15:37.449971 | b88b9b10-16e8-4558-9aaa-68028131bcf8 ==============================
[0m09:15:37.449971 [info ] [MainThread]: Running with dbt=1.8.6
[0m09:15:37.464580 [debug] [MainThread]: running dbt with arguments {'printer_width': '80', 'indirect_selection': 'eager', 'write_json': 'True', 'log_cache_events': 'False', 'partial_parse': 'True', 'cache_selected_only': 'False', 'profiles_dir': '/home/airflow/.dbt', 'fail_fast': 'False', 'debug': 'False', 'log_path': 'logs', 'warn_error': 'None', 'version_check': 'True', 'use_colors': 'True', 'use_experimental_parser': 'False', 'empty': 'None', 'quiet': 'False', 'no_print': 'None', 'warn_error_options': 'WarnErrorOptions(include=[], exclude=[])', 'introspect': 'True', 'static_parser': 'True', 'log_format': 'default', 'target_path': 'None', 'invocation_command': 'dbt debug', 'send_anonymous_usage_stats': 'True'}
[0m09:15:37.520392 [info ] [MainThread]: dbt version: 1.8.6
[0m09:15:37.560634 [info ] [MainThread]: python version: 3.8.18
[0m09:15:37.592494 [info ] [MainThread]: python path: /usr/local/bin/python
[0m09:15:37.606446 [info ] [MainThread]: os info: Linux-5.15.167.4-microsoft-standard-WSL2-x86_64-with-glibc2.34
[0m09:15:37.998503 [info ] [MainThread]: Using profiles dir at /home/airflow/.dbt
[0m09:15:38.091106 [info ] [MainThread]: Using profiles.yml file at /home/airflow/.dbt/profiles.yml
[0m09:15:38.143659 [info ] [MainThread]: Using dbt_project.yml file at /opt/airflow/dbt_project.yml
[0m09:15:38.258201 [info ] [MainThread]: adapter type: postgres
[0m09:15:38.354871 [info ] [MainThread]: adapter version: 1.8.2
[0m09:15:38.406432 [info ] [MainThread]: Configuration:
[0m09:15:38.483225 [info ] [MainThread]:   profiles.yml file [[32mOK found and valid[0m]
[0m09:15:38.567230 [info ] [MainThread]:   dbt_project.yml file [[31mERROR not found[0m]
[0m09:15:38.666011 [info ] [MainThread]: Required dependencies:
[0m09:15:38.745837 [debug] [MainThread]: Executing "git --help"
[0m09:15:38.813234 [info ] [MainThread]:  - git [[31mERROR[0m]

[0m09:15:38.890442 [info ] [MainThread]: Connection:
[0m09:15:39.027630 [info ] [MainThread]:   host: postgres
[0m09:15:39.131862 [info ] [MainThread]:   port: 5432
[0m09:15:39.246950 [info ] [MainThread]:   user: postgres
[0m09:15:39.315404 [info ] [MainThread]:   database: postgres
[0m09:15:39.403641 [info ] [MainThread]:   schema: public
[0m09:15:39.475582 [info ] [MainThread]:   connect_timeout: 10
[0m09:15:39.604627 [info ] [MainThread]:   role: None
[0m09:15:39.723084 [info ] [MainThread]:   search_path: None
[0m09:15:39.855753 [info ] [MainThread]:   keepalives_idle: 0
[0m09:15:39.948215 [info ] [MainThread]:   sslmode: None
[0m09:15:40.059251 [info ] [MainThread]:   sslcert: None
[0m09:15:40.182208 [info ] [MainThread]:   sslkey: None
[0m09:15:40.260823 [info ] [MainThread]:   sslrootcert: None
[0m09:15:40.335156 [info ] [MainThread]:   application_name: dbt
[0m09:15:40.436555 [info ] [MainThread]:   retries: 1
[0m09:15:40.523062 [info ] [MainThread]: Registered adapter: postgres=1.8.2
[0m09:15:40.626368 [debug] [MainThread]: Acquiring new postgres connection 'debug'
[0m09:15:40.975840 [debug] [MainThread]: Using postgres connection "debug"
[0m09:15:41.018041 [debug] [MainThread]: On debug: select 1 as id
[0m09:15:41.053564 [debug] [MainThread]: Opening a new connection, currently in state init
[0m09:15:41.150575 [debug] [MainThread]: SQL status: SELECT 1 in 0.097 seconds
[0m09:15:41.189120 [debug] [MainThread]: On debug: Close
[0m09:15:41.248469 [info ] [MainThread]:   Connection test: [[32mOK connection ok[0m]

[0m09:15:41.311185 [info ] [MainThread]: [31m2 checks failed:[0m
[0m09:15:41.375932 [info ] [MainThread]: Project loading failed for the following reason:
 project path </opt/airflow/dbt_project.yml> not found

[0m09:15:41.447121 [info ] [MainThread]: Error from git --help: User does not have permissions for this command: "git"

[0m09:15:41.490143 [debug] [MainThread]: Resource report: {"command_name": "debug", "command_wall_clock_time": 4.6638527, "process_user_time": 11.868329, "process_kernel_time": 0.633947, "process_mem_max_rss": "102920", "command_success": false, "process_in_blocks": "0", "process_out_blocks": "0"}
[0m09:15:41.530984 [debug] [MainThread]: Command `dbt debug` failed at 09:15:41.530371 after 4.70 seconds
[0m09:15:41.574405 [debug] [MainThread]: Connection 'debug' was properly closed.
[0m09:15:41.586333 [debug] [MainThread]: Sending event: {'category': 'dbt', 'action': 'invocation', 'label': 'end', 'context': [<snowplow_tracker.self_describing_json.SelfDescribingJson object at 0x7f6f2e348af0>, <snowplow_tracker.self_describing_json.SelfDescribingJson object at 0x7f6f2bf8d130>, <snowplow_tracker.self_describing_json.SelfDescribingJson object at 0x7f6f2bf8d040>]}
[0m09:15:41.626559 [debug] [MainThread]: Flushing usage events
[0m09:17:58.123611 [debug] [MainThread]: Sending event: {'category': 'dbt', 'action': 'invocation', 'label': 'start', 'context': [<snowplow_tracker.self_describing_json.SelfDescribingJson object at 0x7f8cc6c85b80>, <snowplow_tracker.self_describing_json.SelfDescribingJson object at 0x7f8cc710a490>, <snowplow_tracker.self_describing_json.SelfDescribingJson object at 0x7f8cc5e67eb0>]}


============================== 09:17:58.237650 | bd49946e-ea8f-4ca2-8792-8beba045f852 ==============================
[0m09:17:58.237650 [info ] [MainThread]: Running with dbt=1.8.6
[0m09:17:58.302598 [debug] [MainThread]: running dbt with arguments {'printer_width': '80', 'indirect_selection': 'eager', 'write_json': 'True', 'log_cache_events': 'False', 'partial_parse': 'True', 'cache_selected_only': 'False', 'warn_error': 'None', 'fail_fast': 'False', 'profiles_dir': '/home/airflow/.dbt', 'log_path': 'logs', 'debug': 'False', 'version_check': 'True', 'use_colors': 'True', 'use_experimental_parser': 'False', 'empty': 'None', 'quiet': 'False', 'no_print': 'None', 'warn_error_options': 'WarnErrorOptions(include=[], exclude=[])', 'invocation_command': 'dbt debug', 'static_parser': 'True', 'introspect': 'True', 'target_path': 'None', 'log_format': 'default', 'send_anonymous_usage_stats': 'True'}
[0m09:17:58.387732 [info ] [MainThread]: dbt version: 1.8.6
[0m09:17:58.457479 [info ] [MainThread]: python version: 3.8.18
[0m09:17:58.617296 [info ] [MainThread]: python path: /usr/local/bin/python
[0m09:17:58.664432 [info ] [MainThread]: os info: Linux-5.15.167.4-microsoft-standard-WSL2-x86_64-with-glibc2.34
[0m09:17:59.159409 [info ] [MainThread]: Using profiles dir at /home/airflow/.dbt
[0m09:17:59.176714 [info ] [MainThread]: Using profiles.yml file at /home/airflow/.dbt/profiles.yml
[0m09:17:59.257292 [info ] [MainThread]: Using dbt_project.yml file at /opt/airflow/dbt_project.yml
[0m09:17:59.287634 [info ] [MainThread]: adapter type: postgres
[0m09:17:59.339679 [info ] [MainThread]: adapter version: 1.8.2
[0m09:17:59.454422 [info ] [MainThread]: Configuration:
[0m09:17:59.572959 [info ] [MainThread]:   profiles.yml file [[32mOK found and valid[0m]
[0m09:17:59.671212 [info ] [MainThread]:   dbt_project.yml file [[31mERROR not found[0m]
[0m09:17:59.785782 [info ] [MainThread]: Required dependencies:
[0m09:17:59.853335 [debug] [MainThread]: Executing "git --help"
[0m09:18:00.038580 [info ] [MainThread]:  - git [[31mERROR[0m]

[0m09:18:00.188951 [info ] [MainThread]: Connection:
[0m09:18:00.280666 [info ] [MainThread]:   host: postgres
[0m09:18:00.394982 [info ] [MainThread]:   port: 5432
[0m09:18:00.539819 [info ] [MainThread]:   user: postgres
[0m09:18:00.701865 [info ] [MainThread]:   database: postgres
[0m09:18:00.811778 [info ] [MainThread]:   schema: public
[0m09:18:00.946348 [info ] [MainThread]:   connect_timeout: 10
[0m09:18:01.070505 [info ] [MainThread]:   role: None
[0m09:18:01.215143 [info ] [MainThread]:   search_path: None
[0m09:18:01.304639 [info ] [MainThread]:   keepalives_idle: 0
[0m09:18:01.397019 [info ] [MainThread]:   sslmode: None
[0m09:18:01.448480 [info ] [MainThread]:   sslcert: None
[0m09:18:01.571085 [info ] [MainThread]:   sslkey: None
[0m09:18:01.702685 [info ] [MainThread]:   sslrootcert: None
[0m09:18:01.797320 [info ] [MainThread]:   application_name: dbt
[0m09:18:01.901656 [info ] [MainThread]:   retries: 1
[0m09:18:02.012124 [info ] [MainThread]: Registered adapter: postgres=1.8.2
[0m09:18:02.136833 [debug] [MainThread]: Acquiring new postgres connection 'debug'
[0m09:18:02.581804 [debug] [MainThread]: Using postgres connection "debug"
[0m09:18:02.650225 [debug] [MainThread]: On debug: select 1 as id
[0m09:18:02.722212 [debug] [MainThread]: Opening a new connection, currently in state init
[0m09:18:02.809395 [debug] [MainThread]: SQL status: SELECT 1 in 0.087 seconds
[0m09:18:02.879419 [debug] [MainThread]: On debug: Close
[0m09:18:02.945322 [info ] [MainThread]:   Connection test: [[32mOK connection ok[0m]

[0m09:18:03.011013 [info ] [MainThread]: [31m2 checks failed:[0m
[0m09:18:03.140540 [info ] [MainThread]: Project loading failed for the following reason:
 project path </opt/airflow/dbt_project.yml> not found

[0m09:18:03.216324 [info ] [MainThread]: Error from git --help: User does not have permissions for this command: "git"

[0m09:18:03.310463 [debug] [MainThread]: Resource report: {"command_name": "debug", "command_wall_clock_time": 5.935334, "process_user_time": 12.489916, "process_kernel_time": 0.866775, "process_mem_max_rss": "103124", "command_success": false, "process_in_blocks": "0", "process_out_blocks": "0"}
[0m09:18:03.400633 [debug] [MainThread]: Command `dbt debug` failed at 09:18:03.400109 after 6.03 seconds
[0m09:18:03.487257 [debug] [MainThread]: Connection 'debug' was properly closed.
[0m09:18:03.593968 [debug] [MainThread]: Sending event: {'category': 'dbt', 'action': 'invocation', 'label': 'end', 'context': [<snowplow_tracker.self_describing_json.SelfDescribingJson object at 0x7f8cc6c85b80>, <snowplow_tracker.self_describing_json.SelfDescribingJson object at 0x7f8cc45cd160>, <snowplow_tracker.self_describing_json.SelfDescribingJson object at 0x7f8cc45cd070>]}
[0m09:18:03.613188 [debug] [MainThread]: Flushing usage events
