[2026-02-20T01:43:34.858+0000] {processor.py:161} INFO - Started process (PID=22648) to work on /opt/airflow/dags/Sales_Data_Full.xlsx
[2026-02-20T01:43:34.867+0000] {processor.py:830} INFO - Processing file /opt/airflow/dags/Sales_Data_Full.xlsx for tasks to queue
[2026-02-20T01:43:34.869+0000] {logging_mixin.py:188} INFO - [2026-02-20T01:43:34.868+0000] {dagbag.py:538} INFO - Filling up the DagBag from /opt/airflow/dags/Sales_Data_Full.xlsx
[2026-02-20T01:43:34.896+0000] {processor.py:842} WARNING - No viable dags retrieved from /opt/airflow/dags/Sales_Data_Full.xlsx
[2026-02-20T01:43:34.945+0000] {processor.py:183} INFO - Processing /opt/airflow/dags/Sales_Data_Full.xlsx took 0.104 seconds
[2026-02-20T01:44:15.745+0000] {processor.py:161} INFO - Started process (PID=22656) to work on /opt/airflow/dags/Sales_Data_Full.xlsx
[2026-02-20T01:44:15.748+0000] {processor.py:830} INFO - Processing file /opt/airflow/dags/Sales_Data_Full.xlsx for tasks to queue
[2026-02-20T01:44:15.751+0000] {logging_mixin.py:188} INFO - [2026-02-20T01:44:15.750+0000] {dagbag.py:538} INFO - Filling up the DagBag from /opt/airflow/dags/Sales_Data_Full.xlsx
[2026-02-20T01:44:15.774+0000] {processor.py:842} WARNING - No viable dags retrieved from /opt/airflow/dags/Sales_Data_Full.xlsx
[2026-02-20T01:44:15.826+0000] {processor.py:183} INFO - Processing /opt/airflow/dags/Sales_Data_Full.xlsx took 0.088 seconds
[2026-02-20T01:45:07.524+0000] {processor.py:161} INFO - Started process (PID=22664) to work on /opt/airflow/dags/Sales_Data_Full.xlsx
[2026-02-20T01:45:07.527+0000] {processor.py:830} INFO - Processing file /opt/airflow/dags/Sales_Data_Full.xlsx for tasks to queue
[2026-02-20T01:45:07.537+0000] {logging_mixin.py:188} INFO - [2026-02-20T01:45:07.536+0000] {dagbag.py:538} INFO - Filling up the DagBag from /opt/airflow/dags/Sales_Data_Full.xlsx
[2026-02-20T01:45:07.644+0000] {processor.py:842} WARNING - No viable dags retrieved from /opt/airflow/dags/Sales_Data_Full.xlsx
[2026-02-20T01:45:07.684+0000] {processor.py:183} INFO - Processing /opt/airflow/dags/Sales_Data_Full.xlsx took 0.166 seconds
[2026-02-20T01:45:52.294+0000] {processor.py:161} INFO - Started process (PID=22672) to work on /opt/airflow/dags/Sales_Data_Full.xlsx
[2026-02-20T01:45:52.306+0000] {processor.py:830} INFO - Processing file /opt/airflow/dags/Sales_Data_Full.xlsx for tasks to queue
[2026-02-20T01:45:52.311+0000] {logging_mixin.py:188} INFO - [2026-02-20T01:45:52.310+0000] {dagbag.py:538} INFO - Filling up the DagBag from /opt/airflow/dags/Sales_Data_Full.xlsx
[2026-02-20T01:45:52.461+0000] {processor.py:842} WARNING - No viable dags retrieved from /opt/airflow/dags/Sales_Data_Full.xlsx
[2026-02-20T01:45:52.511+0000] {processor.py:183} INFO - Processing /opt/airflow/dags/Sales_Data_Full.xlsx took 0.227 seconds
[2026-02-20T01:46:29.948+0000] {processor.py:161} INFO - Started process (PID=22680) to work on /opt/airflow/dags/Sales_Data_Full.xlsx
[2026-02-20T01:46:29.951+0000] {processor.py:830} INFO - Processing file /opt/airflow/dags/Sales_Data_Full.xlsx for tasks to queue
[2026-02-20T01:46:29.957+0000] {logging_mixin.py:188} INFO - [2026-02-20T01:46:29.952+0000] {dagbag.py:538} INFO - Filling up the DagBag from /opt/airflow/dags/Sales_Data_Full.xlsx
[2026-02-20T01:46:29.974+0000] {processor.py:842} WARNING - No viable dags retrieved from /opt/airflow/dags/Sales_Data_Full.xlsx
[2026-02-20T01:46:30.010+0000] {processor.py:183} INFO - Processing /opt/airflow/dags/Sales_Data_Full.xlsx took 0.069 seconds
[2026-02-20T01:47:06.854+0000] {processor.py:161} INFO - Started process (PID=22688) to work on /opt/airflow/dags/Sales_Data_Full.xlsx
[2026-02-20T01:47:06.856+0000] {processor.py:830} INFO - Processing file /opt/airflow/dags/Sales_Data_Full.xlsx for tasks to queue
[2026-02-20T01:47:06.859+0000] {logging_mixin.py:188} INFO - [2026-02-20T01:47:06.858+0000] {dagbag.py:538} INFO - Filling up the DagBag from /opt/airflow/dags/Sales_Data_Full.xlsx
[2026-02-20T01:47:06.872+0000] {processor.py:842} WARNING - No viable dags retrieved from /opt/airflow/dags/Sales_Data_Full.xlsx
[2026-02-20T01:47:06.896+0000] {processor.py:183} INFO - Processing /opt/airflow/dags/Sales_Data_Full.xlsx took 0.048 seconds
[2026-02-20T01:47:41.709+0000] {processor.py:161} INFO - Started process (PID=22696) to work on /opt/airflow/dags/Sales_Data_Full.xlsx
[2026-02-20T01:47:41.711+0000] {processor.py:830} INFO - Processing file /opt/airflow/dags/Sales_Data_Full.xlsx for tasks to queue
[2026-02-20T01:47:41.712+0000] {logging_mixin.py:188} INFO - [2026-02-20T01:47:41.712+0000] {dagbag.py:538} INFO - Filling up the DagBag from /opt/airflow/dags/Sales_Data_Full.xlsx
[2026-02-20T01:47:41.724+0000] {processor.py:842} WARNING - No viable dags retrieved from /opt/airflow/dags/Sales_Data_Full.xlsx
[2026-02-20T01:47:41.747+0000] {processor.py:183} INFO - Processing /opt/airflow/dags/Sales_Data_Full.xlsx took 0.042 seconds
[2026-02-20T01:48:19.129+0000] {processor.py:161} INFO - Started process (PID=22704) to work on /opt/airflow/dags/Sales_Data_Full.xlsx
[2026-02-20T01:48:19.131+0000] {processor.py:830} INFO - Processing file /opt/airflow/dags/Sales_Data_Full.xlsx for tasks to queue
[2026-02-20T01:48:19.134+0000] {logging_mixin.py:188} INFO - [2026-02-20T01:48:19.133+0000] {dagbag.py:538} INFO - Filling up the DagBag from /opt/airflow/dags/Sales_Data_Full.xlsx
[2026-02-20T01:48:19.157+0000] {processor.py:842} WARNING - No viable dags retrieved from /opt/airflow/dags/Sales_Data_Full.xlsx
[2026-02-20T01:48:19.197+0000] {processor.py:183} INFO - Processing /opt/airflow/dags/Sales_Data_Full.xlsx took 0.079 seconds
[2026-02-20T01:49:00.834+0000] {processor.py:161} INFO - Started process (PID=22712) to work on /opt/airflow/dags/Sales_Data_Full.xlsx
[2026-02-20T01:49:00.836+0000] {processor.py:830} INFO - Processing file /opt/airflow/dags/Sales_Data_Full.xlsx for tasks to queue
[2026-02-20T01:49:00.847+0000] {logging_mixin.py:188} INFO - [2026-02-20T01:49:00.847+0000] {dagbag.py:538} INFO - Filling up the DagBag from /opt/airflow/dags/Sales_Data_Full.xlsx
[2026-02-20T01:49:00.873+0000] {processor.py:842} WARNING - No viable dags retrieved from /opt/airflow/dags/Sales_Data_Full.xlsx
[2026-02-20T01:49:00.921+0000] {processor.py:183} INFO - Processing /opt/airflow/dags/Sales_Data_Full.xlsx took 0.093 seconds
[2026-02-20T01:49:42.671+0000] {processor.py:161} INFO - Started process (PID=22720) to work on /opt/airflow/dags/Sales_Data_Full.xlsx
[2026-02-20T01:49:42.683+0000] {processor.py:830} INFO - Processing file /opt/airflow/dags/Sales_Data_Full.xlsx for tasks to queue
[2026-02-20T01:49:42.685+0000] {logging_mixin.py:188} INFO - [2026-02-20T01:49:42.684+0000] {dagbag.py:538} INFO - Filling up the DagBag from /opt/airflow/dags/Sales_Data_Full.xlsx
[2026-02-20T01:49:42.702+0000] {processor.py:842} WARNING - No viable dags retrieved from /opt/airflow/dags/Sales_Data_Full.xlsx
[2026-02-20T01:49:42.750+0000] {processor.py:183} INFO - Processing /opt/airflow/dags/Sales_Data_Full.xlsx took 0.090 seconds
[2026-02-20T01:50:16.703+0000] {processor.py:161} INFO - Started process (PID=22728) to work on /opt/airflow/dags/Sales_Data_Full.xlsx
[2026-02-20T01:50:16.706+0000] {processor.py:830} INFO - Processing file /opt/airflow/dags/Sales_Data_Full.xlsx for tasks to queue
[2026-02-20T01:50:16.707+0000] {logging_mixin.py:188} INFO - [2026-02-20T01:50:16.707+0000] {dagbag.py:538} INFO - Filling up the DagBag from /opt/airflow/dags/Sales_Data_Full.xlsx
[2026-02-20T01:50:16.720+0000] {processor.py:842} WARNING - No viable dags retrieved from /opt/airflow/dags/Sales_Data_Full.xlsx
[2026-02-20T01:50:16.735+0000] {processor.py:183} INFO - Processing /opt/airflow/dags/Sales_Data_Full.xlsx took 0.038 seconds
[2026-02-20T01:50:51.531+0000] {processor.py:161} INFO - Started process (PID=22736) to work on /opt/airflow/dags/Sales_Data_Full.xlsx
[2026-02-20T01:50:51.533+0000] {processor.py:830} INFO - Processing file /opt/airflow/dags/Sales_Data_Full.xlsx for tasks to queue
[2026-02-20T01:50:51.535+0000] {logging_mixin.py:188} INFO - [2026-02-20T01:50:51.534+0000] {dagbag.py:538} INFO - Filling up the DagBag from /opt/airflow/dags/Sales_Data_Full.xlsx
[2026-02-20T01:50:51.550+0000] {processor.py:842} WARNING - No viable dags retrieved from /opt/airflow/dags/Sales_Data_Full.xlsx
[2026-02-20T01:50:51.573+0000] {processor.py:183} INFO - Processing /opt/airflow/dags/Sales_Data_Full.xlsx took 0.048 seconds
[2026-02-20T01:51:28.891+0000] {processor.py:161} INFO - Started process (PID=22744) to work on /opt/airflow/dags/Sales_Data_Full.xlsx
[2026-02-20T01:51:28.894+0000] {processor.py:830} INFO - Processing file /opt/airflow/dags/Sales_Data_Full.xlsx for tasks to queue
[2026-02-20T01:51:28.896+0000] {logging_mixin.py:188} INFO - [2026-02-20T01:51:28.895+0000] {dagbag.py:538} INFO - Filling up the DagBag from /opt/airflow/dags/Sales_Data_Full.xlsx
[2026-02-20T01:51:28.909+0000] {processor.py:842} WARNING - No viable dags retrieved from /opt/airflow/dags/Sales_Data_Full.xlsx
[2026-02-20T01:51:28.930+0000] {processor.py:183} INFO - Processing /opt/airflow/dags/Sales_Data_Full.xlsx took 0.045 seconds
[2026-02-20T01:52:20.198+0000] {processor.py:161} INFO - Started process (PID=22752) to work on /opt/airflow/dags/Sales_Data_Full.xlsx
[2026-02-20T01:52:20.204+0000] {processor.py:830} INFO - Processing file /opt/airflow/dags/Sales_Data_Full.xlsx for tasks to queue
[2026-02-20T01:52:20.210+0000] {logging_mixin.py:188} INFO - [2026-02-20T01:52:20.209+0000] {dagbag.py:538} INFO - Filling up the DagBag from /opt/airflow/dags/Sales_Data_Full.xlsx
[2026-02-20T01:52:20.224+0000] {processor.py:842} WARNING - No viable dags retrieved from /opt/airflow/dags/Sales_Data_Full.xlsx
[2026-02-20T01:52:20.258+0000] {processor.py:183} INFO - Processing /opt/airflow/dags/Sales_Data_Full.xlsx took 0.067 seconds
[2026-02-20T01:52:54.661+0000] {processor.py:161} INFO - Started process (PID=22760) to work on /opt/airflow/dags/Sales_Data_Full.xlsx
[2026-02-20T01:52:54.663+0000] {processor.py:830} INFO - Processing file /opt/airflow/dags/Sales_Data_Full.xlsx for tasks to queue
[2026-02-20T01:52:54.665+0000] {logging_mixin.py:188} INFO - [2026-02-20T01:52:54.664+0000] {dagbag.py:538} INFO - Filling up the DagBag from /opt/airflow/dags/Sales_Data_Full.xlsx
[2026-02-20T01:52:54.677+0000] {processor.py:842} WARNING - No viable dags retrieved from /opt/airflow/dags/Sales_Data_Full.xlsx
[2026-02-20T01:52:54.694+0000] {processor.py:183} INFO - Processing /opt/airflow/dags/Sales_Data_Full.xlsx took 0.038 seconds
[2026-02-20T01:53:34.130+0000] {processor.py:161} INFO - Started process (PID=22768) to work on /opt/airflow/dags/Sales_Data_Full.xlsx
[2026-02-20T01:53:34.133+0000] {processor.py:830} INFO - Processing file /opt/airflow/dags/Sales_Data_Full.xlsx for tasks to queue
[2026-02-20T01:53:34.143+0000] {logging_mixin.py:188} INFO - [2026-02-20T01:53:34.137+0000] {dagbag.py:538} INFO - Filling up the DagBag from /opt/airflow/dags/Sales_Data_Full.xlsx
[2026-02-20T01:53:34.327+0000] {processor.py:842} WARNING - No viable dags retrieved from /opt/airflow/dags/Sales_Data_Full.xlsx
[2026-02-20T01:53:34.368+0000] {processor.py:183} INFO - Processing /opt/airflow/dags/Sales_Data_Full.xlsx took 0.245 seconds
[2026-02-20T01:54:11.580+0000] {processor.py:161} INFO - Started process (PID=22776) to work on /opt/airflow/dags/Sales_Data_Full.xlsx
[2026-02-20T01:54:11.584+0000] {processor.py:830} INFO - Processing file /opt/airflow/dags/Sales_Data_Full.xlsx for tasks to queue
[2026-02-20T01:54:11.587+0000] {logging_mixin.py:188} INFO - [2026-02-20T01:54:11.586+0000] {dagbag.py:538} INFO - Filling up the DagBag from /opt/airflow/dags/Sales_Data_Full.xlsx
[2026-02-20T01:54:11.612+0000] {processor.py:842} WARNING - No viable dags retrieved from /opt/airflow/dags/Sales_Data_Full.xlsx
[2026-02-20T01:54:11.643+0000] {processor.py:183} INFO - Processing /opt/airflow/dags/Sales_Data_Full.xlsx took 0.076 seconds
[2026-02-20T01:54:50.748+0000] {processor.py:161} INFO - Started process (PID=22784) to work on /opt/airflow/dags/Sales_Data_Full.xlsx
[2026-02-20T01:54:50.760+0000] {processor.py:830} INFO - Processing file /opt/airflow/dags/Sales_Data_Full.xlsx for tasks to queue
[2026-02-20T01:54:50.762+0000] {logging_mixin.py:188} INFO - [2026-02-20T01:54:50.761+0000] {dagbag.py:538} INFO - Filling up the DagBag from /opt/airflow/dags/Sales_Data_Full.xlsx
[2026-02-20T01:54:50.943+0000] {processor.py:842} WARNING - No viable dags retrieved from /opt/airflow/dags/Sales_Data_Full.xlsx
[2026-02-20T01:54:50.991+0000] {processor.py:183} INFO - Processing /opt/airflow/dags/Sales_Data_Full.xlsx took 0.253 seconds
[2026-02-20T01:55:24.988+0000] {processor.py:161} INFO - Started process (PID=22792) to work on /opt/airflow/dags/Sales_Data_Full.xlsx
[2026-02-20T01:55:24.999+0000] {processor.py:830} INFO - Processing file /opt/airflow/dags/Sales_Data_Full.xlsx for tasks to queue
[2026-02-20T01:55:25.002+0000] {logging_mixin.py:188} INFO - [2026-02-20T01:55:25.002+0000] {dagbag.py:538} INFO - Filling up the DagBag from /opt/airflow/dags/Sales_Data_Full.xlsx
[2026-02-20T01:55:25.109+0000] {processor.py:842} WARNING - No viable dags retrieved from /opt/airflow/dags/Sales_Data_Full.xlsx
[2026-02-20T01:55:25.163+0000] {processor.py:183} INFO - Processing /opt/airflow/dags/Sales_Data_Full.xlsx took 0.181 seconds
[2026-02-20T01:56:13.505+0000] {processor.py:161} INFO - Started process (PID=22800) to work on /opt/airflow/dags/Sales_Data_Full.xlsx
[2026-02-20T01:56:13.512+0000] {processor.py:830} INFO - Processing file /opt/airflow/dags/Sales_Data_Full.xlsx for tasks to queue
[2026-02-20T01:56:13.519+0000] {logging_mixin.py:188} INFO - [2026-02-20T01:56:13.518+0000] {dagbag.py:538} INFO - Filling up the DagBag from /opt/airflow/dags/Sales_Data_Full.xlsx
[2026-02-20T01:56:13.603+0000] {processor.py:842} WARNING - No viable dags retrieved from /opt/airflow/dags/Sales_Data_Full.xlsx
[2026-02-20T01:56:13.652+0000] {processor.py:183} INFO - Processing /opt/airflow/dags/Sales_Data_Full.xlsx took 0.154 seconds
[2026-02-20T01:56:57.956+0000] {processor.py:161} INFO - Started process (PID=22808) to work on /opt/airflow/dags/Sales_Data_Full.xlsx
[2026-02-20T01:56:57.959+0000] {processor.py:830} INFO - Processing file /opt/airflow/dags/Sales_Data_Full.xlsx for tasks to queue
[2026-02-20T01:56:57.968+0000] {logging_mixin.py:188} INFO - [2026-02-20T01:56:57.967+0000] {dagbag.py:538} INFO - Filling up the DagBag from /opt/airflow/dags/Sales_Data_Full.xlsx
[2026-02-20T01:56:58.009+0000] {processor.py:842} WARNING - No viable dags retrieved from /opt/airflow/dags/Sales_Data_Full.xlsx
[2026-02-20T01:56:58.055+0000] {processor.py:183} INFO - Processing /opt/airflow/dags/Sales_Data_Full.xlsx took 0.106 seconds
[2026-02-20T01:57:34.346+0000] {processor.py:161} INFO - Started process (PID=22816) to work on /opt/airflow/dags/Sales_Data_Full.xlsx
[2026-02-20T01:57:34.349+0000] {processor.py:830} INFO - Processing file /opt/airflow/dags/Sales_Data_Full.xlsx for tasks to queue
[2026-02-20T01:57:34.351+0000] {logging_mixin.py:188} INFO - [2026-02-20T01:57:34.350+0000] {dagbag.py:538} INFO - Filling up the DagBag from /opt/airflow/dags/Sales_Data_Full.xlsx
[2026-02-20T01:57:34.362+0000] {processor.py:842} WARNING - No viable dags retrieved from /opt/airflow/dags/Sales_Data_Full.xlsx
[2026-02-20T01:57:34.387+0000] {processor.py:183} INFO - Processing /opt/airflow/dags/Sales_Data_Full.xlsx took 0.047 seconds
[2026-02-20T01:58:11.074+0000] {processor.py:161} INFO - Started process (PID=22824) to work on /opt/airflow/dags/Sales_Data_Full.xlsx
[2026-02-20T01:58:11.086+0000] {processor.py:830} INFO - Processing file /opt/airflow/dags/Sales_Data_Full.xlsx for tasks to queue
[2026-02-20T01:58:11.089+0000] {logging_mixin.py:188} INFO - [2026-02-20T01:58:11.088+0000] {dagbag.py:538} INFO - Filling up the DagBag from /opt/airflow/dags/Sales_Data_Full.xlsx
[2026-02-20T01:58:11.114+0000] {processor.py:842} WARNING - No viable dags retrieved from /opt/airflow/dags/Sales_Data_Full.xlsx
[2026-02-20T01:58:11.167+0000] {processor.py:183} INFO - Processing /opt/airflow/dags/Sales_Data_Full.xlsx took 0.099 seconds
[2026-02-20T01:58:45.604+0000] {processor.py:161} INFO - Started process (PID=22832) to work on /opt/airflow/dags/Sales_Data_Full.xlsx
[2026-02-20T01:58:45.610+0000] {processor.py:830} INFO - Processing file /opt/airflow/dags/Sales_Data_Full.xlsx for tasks to queue
[2026-02-20T01:58:45.613+0000] {logging_mixin.py:188} INFO - [2026-02-20T01:58:45.612+0000] {dagbag.py:538} INFO - Filling up the DagBag from /opt/airflow/dags/Sales_Data_Full.xlsx
[2026-02-20T01:58:45.635+0000] {processor.py:842} WARNING - No viable dags retrieved from /opt/airflow/dags/Sales_Data_Full.xlsx
[2026-02-20T01:58:45.679+0000] {processor.py:183} INFO - Processing /opt/airflow/dags/Sales_Data_Full.xlsx took 0.085 seconds
[2026-02-20T01:59:20.107+0000] {processor.py:161} INFO - Started process (PID=22840) to work on /opt/airflow/dags/Sales_Data_Full.xlsx
[2026-02-20T01:59:20.112+0000] {processor.py:830} INFO - Processing file /opt/airflow/dags/Sales_Data_Full.xlsx for tasks to queue
[2026-02-20T01:59:20.121+0000] {logging_mixin.py:188} INFO - [2026-02-20T01:59:20.114+0000] {dagbag.py:538} INFO - Filling up the DagBag from /opt/airflow/dags/Sales_Data_Full.xlsx
[2026-02-20T01:59:20.138+0000] {processor.py:842} WARNING - No viable dags retrieved from /opt/airflow/dags/Sales_Data_Full.xlsx
[2026-02-20T01:59:20.168+0000] {processor.py:183} INFO - Processing /opt/airflow/dags/Sales_Data_Full.xlsx took 0.075 seconds
[2026-02-20T01:59:53.800+0000] {processor.py:161} INFO - Started process (PID=22848) to work on /opt/airflow/dags/Sales_Data_Full.xlsx
[2026-02-20T01:59:53.804+0000] {processor.py:830} INFO - Processing file /opt/airflow/dags/Sales_Data_Full.xlsx for tasks to queue
[2026-02-20T01:59:53.807+0000] {logging_mixin.py:188} INFO - [2026-02-20T01:59:53.806+0000] {dagbag.py:538} INFO - Filling up the DagBag from /opt/airflow/dags/Sales_Data_Full.xlsx
[2026-02-20T01:59:53.820+0000] {processor.py:842} WARNING - No viable dags retrieved from /opt/airflow/dags/Sales_Data_Full.xlsx
[2026-02-20T01:59:53.849+0000] {processor.py:183} INFO - Processing /opt/airflow/dags/Sales_Data_Full.xlsx took 0.055 seconds
[2026-02-20T02:00:37.744+0000] {processor.py:161} INFO - Started process (PID=22856) to work on /opt/airflow/dags/Sales_Data_Full.xlsx
[2026-02-20T02:00:37.748+0000] {processor.py:830} INFO - Processing file /opt/airflow/dags/Sales_Data_Full.xlsx for tasks to queue
[2026-02-20T02:00:37.750+0000] {logging_mixin.py:188} INFO - [2026-02-20T02:00:37.749+0000] {dagbag.py:538} INFO - Filling up the DagBag from /opt/airflow/dags/Sales_Data_Full.xlsx
[2026-02-20T02:00:37.771+0000] {processor.py:842} WARNING - No viable dags retrieved from /opt/airflow/dags/Sales_Data_Full.xlsx
[2026-02-20T02:00:37.792+0000] {processor.py:183} INFO - Processing /opt/airflow/dags/Sales_Data_Full.xlsx took 0.056 seconds
[2026-02-20T02:01:11.314+0000] {processor.py:161} INFO - Started process (PID=22864) to work on /opt/airflow/dags/Sales_Data_Full.xlsx
[2026-02-20T02:01:11.316+0000] {processor.py:830} INFO - Processing file /opt/airflow/dags/Sales_Data_Full.xlsx for tasks to queue
[2026-02-20T02:01:11.319+0000] {logging_mixin.py:188} INFO - [2026-02-20T02:01:11.319+0000] {dagbag.py:538} INFO - Filling up the DagBag from /opt/airflow/dags/Sales_Data_Full.xlsx
[2026-02-20T02:01:11.342+0000] {processor.py:842} WARNING - No viable dags retrieved from /opt/airflow/dags/Sales_Data_Full.xlsx
[2026-02-20T02:01:11.386+0000] {processor.py:183} INFO - Processing /opt/airflow/dags/Sales_Data_Full.xlsx took 0.078 seconds
[2026-02-20T02:01:49.095+0000] {processor.py:161} INFO - Started process (PID=22872) to work on /opt/airflow/dags/Sales_Data_Full.xlsx
[2026-02-20T02:01:49.097+0000] {processor.py:830} INFO - Processing file /opt/airflow/dags/Sales_Data_Full.xlsx for tasks to queue
[2026-02-20T02:01:49.099+0000] {logging_mixin.py:188} INFO - [2026-02-20T02:01:49.098+0000] {dagbag.py:538} INFO - Filling up the DagBag from /opt/airflow/dags/Sales_Data_Full.xlsx
[2026-02-20T02:01:49.113+0000] {processor.py:842} WARNING - No viable dags retrieved from /opt/airflow/dags/Sales_Data_Full.xlsx
[2026-02-20T02:01:49.131+0000] {processor.py:183} INFO - Processing /opt/airflow/dags/Sales_Data_Full.xlsx took 0.040 seconds
[2026-02-20T02:02:30.581+0000] {processor.py:161} INFO - Started process (PID=22880) to work on /opt/airflow/dags/Sales_Data_Full.xlsx
[2026-02-20T02:02:30.583+0000] {processor.py:830} INFO - Processing file /opt/airflow/dags/Sales_Data_Full.xlsx for tasks to queue
[2026-02-20T02:02:30.586+0000] {logging_mixin.py:188} INFO - [2026-02-20T02:02:30.585+0000] {dagbag.py:538} INFO - Filling up the DagBag from /opt/airflow/dags/Sales_Data_Full.xlsx
[2026-02-20T02:02:30.602+0000] {processor.py:842} WARNING - No viable dags retrieved from /opt/airflow/dags/Sales_Data_Full.xlsx
[2026-02-20T02:02:30.620+0000] {processor.py:183} INFO - Processing /opt/airflow/dags/Sales_Data_Full.xlsx took 0.044 seconds
[2026-02-20T02:03:12.373+0000] {processor.py:161} INFO - Started process (PID=22888) to work on /opt/airflow/dags/Sales_Data_Full.xlsx
[2026-02-20T02:03:12.388+0000] {processor.py:830} INFO - Processing file /opt/airflow/dags/Sales_Data_Full.xlsx for tasks to queue
[2026-02-20T02:03:12.391+0000] {logging_mixin.py:188} INFO - [2026-02-20T02:03:12.390+0000] {dagbag.py:538} INFO - Filling up the DagBag from /opt/airflow/dags/Sales_Data_Full.xlsx
[2026-02-20T02:03:12.420+0000] {processor.py:842} WARNING - No viable dags retrieved from /opt/airflow/dags/Sales_Data_Full.xlsx
[2026-02-20T02:03:12.464+0000] {processor.py:183} INFO - Processing /opt/airflow/dags/Sales_Data_Full.xlsx took 0.098 seconds
[2026-02-20T02:03:46.707+0000] {processor.py:161} INFO - Started process (PID=22896) to work on /opt/airflow/dags/Sales_Data_Full.xlsx
[2026-02-20T02:03:46.711+0000] {processor.py:830} INFO - Processing file /opt/airflow/dags/Sales_Data_Full.xlsx for tasks to queue
[2026-02-20T02:03:46.712+0000] {logging_mixin.py:188} INFO - [2026-02-20T02:03:46.712+0000] {dagbag.py:538} INFO - Filling up the DagBag from /opt/airflow/dags/Sales_Data_Full.xlsx
[2026-02-20T02:03:46.725+0000] {processor.py:842} WARNING - No viable dags retrieved from /opt/airflow/dags/Sales_Data_Full.xlsx
[2026-02-20T02:03:46.742+0000] {processor.py:183} INFO - Processing /opt/airflow/dags/Sales_Data_Full.xlsx took 0.041 seconds
[2026-02-20T02:04:23.132+0000] {processor.py:161} INFO - Started process (PID=22904) to work on /opt/airflow/dags/Sales_Data_Full.xlsx
[2026-02-20T02:04:23.135+0000] {processor.py:830} INFO - Processing file /opt/airflow/dags/Sales_Data_Full.xlsx for tasks to queue
[2026-02-20T02:04:23.139+0000] {logging_mixin.py:188} INFO - [2026-02-20T02:04:23.138+0000] {dagbag.py:538} INFO - Filling up the DagBag from /opt/airflow/dags/Sales_Data_Full.xlsx
[2026-02-20T02:04:23.159+0000] {processor.py:842} WARNING - No viable dags retrieved from /opt/airflow/dags/Sales_Data_Full.xlsx
[2026-02-20T02:04:23.185+0000] {processor.py:183} INFO - Processing /opt/airflow/dags/Sales_Data_Full.xlsx took 0.058 seconds
[2026-02-20T02:05:01.508+0000] {processor.py:161} INFO - Started process (PID=22912) to work on /opt/airflow/dags/Sales_Data_Full.xlsx
[2026-02-20T02:05:01.513+0000] {processor.py:830} INFO - Processing file /opt/airflow/dags/Sales_Data_Full.xlsx for tasks to queue
[2026-02-20T02:05:01.518+0000] {logging_mixin.py:188} INFO - [2026-02-20T02:05:01.517+0000] {dagbag.py:538} INFO - Filling up the DagBag from /opt/airflow/dags/Sales_Data_Full.xlsx
[2026-02-20T02:05:01.532+0000] {processor.py:842} WARNING - No viable dags retrieved from /opt/airflow/dags/Sales_Data_Full.xlsx
[2026-02-20T02:05:01.566+0000] {processor.py:183} INFO - Processing /opt/airflow/dags/Sales_Data_Full.xlsx took 0.065 seconds
[2026-02-20T02:05:38.895+0000] {processor.py:161} INFO - Started process (PID=22920) to work on /opt/airflow/dags/Sales_Data_Full.xlsx
[2026-02-20T02:05:38.898+0000] {processor.py:830} INFO - Processing file /opt/airflow/dags/Sales_Data_Full.xlsx for tasks to queue
[2026-02-20T02:05:38.900+0000] {logging_mixin.py:188} INFO - [2026-02-20T02:05:38.900+0000] {dagbag.py:538} INFO - Filling up the DagBag from /opt/airflow/dags/Sales_Data_Full.xlsx
[2026-02-20T02:05:38.917+0000] {processor.py:842} WARNING - No viable dags retrieved from /opt/airflow/dags/Sales_Data_Full.xlsx
[2026-02-20T02:05:38.949+0000] {processor.py:183} INFO - Processing /opt/airflow/dags/Sales_Data_Full.xlsx took 0.061 seconds
[2026-02-20T02:06:12.949+0000] {processor.py:161} INFO - Started process (PID=22928) to work on /opt/airflow/dags/Sales_Data_Full.xlsx
[2026-02-20T02:06:12.950+0000] {processor.py:830} INFO - Processing file /opt/airflow/dags/Sales_Data_Full.xlsx for tasks to queue
[2026-02-20T02:06:12.952+0000] {logging_mixin.py:188} INFO - [2026-02-20T02:06:12.951+0000] {dagbag.py:538} INFO - Filling up the DagBag from /opt/airflow/dags/Sales_Data_Full.xlsx
[2026-02-20T02:06:12.964+0000] {processor.py:842} WARNING - No viable dags retrieved from /opt/airflow/dags/Sales_Data_Full.xlsx
[2026-02-20T02:06:12.979+0000] {processor.py:183} INFO - Processing /opt/airflow/dags/Sales_Data_Full.xlsx took 0.035 seconds
[2026-02-20T02:06:50.606+0000] {processor.py:161} INFO - Started process (PID=22936) to work on /opt/airflow/dags/Sales_Data_Full.xlsx
[2026-02-20T02:06:50.608+0000] {processor.py:830} INFO - Processing file /opt/airflow/dags/Sales_Data_Full.xlsx for tasks to queue
[2026-02-20T02:06:50.611+0000] {logging_mixin.py:188} INFO - [2026-02-20T02:06:50.610+0000] {dagbag.py:538} INFO - Filling up the DagBag from /opt/airflow/dags/Sales_Data_Full.xlsx
[2026-02-20T02:06:50.637+0000] {processor.py:842} WARNING - No viable dags retrieved from /opt/airflow/dags/Sales_Data_Full.xlsx
[2026-02-20T02:06:50.674+0000] {processor.py:183} INFO - Processing /opt/airflow/dags/Sales_Data_Full.xlsx took 0.074 seconds
[2026-02-20T02:07:28.576+0000] {processor.py:161} INFO - Started process (PID=22944) to work on /opt/airflow/dags/Sales_Data_Full.xlsx
[2026-02-20T02:07:28.579+0000] {processor.py:830} INFO - Processing file /opt/airflow/dags/Sales_Data_Full.xlsx for tasks to queue
[2026-02-20T02:07:28.591+0000] {logging_mixin.py:188} INFO - [2026-02-20T02:07:28.586+0000] {dagbag.py:538} INFO - Filling up the DagBag from /opt/airflow/dags/Sales_Data_Full.xlsx
[2026-02-20T02:07:28.613+0000] {processor.py:842} WARNING - No viable dags retrieved from /opt/airflow/dags/Sales_Data_Full.xlsx
[2026-02-20T02:07:28.646+0000] {processor.py:183} INFO - Processing /opt/airflow/dags/Sales_Data_Full.xlsx took 0.077 seconds
[2026-02-20T02:08:12.752+0000] {processor.py:161} INFO - Started process (PID=22952) to work on /opt/airflow/dags/Sales_Data_Full.xlsx
[2026-02-20T02:08:12.857+0000] {processor.py:830} INFO - Processing file /opt/airflow/dags/Sales_Data_Full.xlsx for tasks to queue
[2026-02-20T02:08:12.919+0000] {logging_mixin.py:188} INFO - [2026-02-20T02:08:12.918+0000] {dagbag.py:538} INFO - Filling up the DagBag from /opt/airflow/dags/Sales_Data_Full.xlsx
[2026-02-20T02:08:15.432+0000] {processor.py:842} WARNING - No viable dags retrieved from /opt/airflow/dags/Sales_Data_Full.xlsx
[2026-02-20T02:08:15.563+0000] {processor.py:183} INFO - Processing /opt/airflow/dags/Sales_Data_Full.xlsx took 2.817 seconds
[2026-02-20T02:08:46.111+0000] {processor.py:161} INFO - Started process (PID=22960) to work on /opt/airflow/dags/Sales_Data_Full.xlsx
[2026-02-20T02:08:46.113+0000] {processor.py:830} INFO - Processing file /opt/airflow/dags/Sales_Data_Full.xlsx for tasks to queue
[2026-02-20T02:08:46.117+0000] {logging_mixin.py:188} INFO - [2026-02-20T02:08:46.116+0000] {dagbag.py:538} INFO - Filling up the DagBag from /opt/airflow/dags/Sales_Data_Full.xlsx
[2026-02-20T02:08:46.133+0000] {processor.py:842} WARNING - No viable dags retrieved from /opt/airflow/dags/Sales_Data_Full.xlsx
[2026-02-20T02:08:46.161+0000] {processor.py:183} INFO - Processing /opt/airflow/dags/Sales_Data_Full.xlsx took 0.058 seconds
[2026-02-20T02:09:16.652+0000] {processor.py:161} INFO - Started process (PID=22968) to work on /opt/airflow/dags/Sales_Data_Full.xlsx
[2026-02-20T02:09:16.654+0000] {processor.py:830} INFO - Processing file /opt/airflow/dags/Sales_Data_Full.xlsx for tasks to queue
[2026-02-20T02:09:16.656+0000] {logging_mixin.py:188} INFO - [2026-02-20T02:09:16.656+0000] {dagbag.py:538} INFO - Filling up the DagBag from /opt/airflow/dags/Sales_Data_Full.xlsx
[2026-02-20T02:09:16.670+0000] {processor.py:842} WARNING - No viable dags retrieved from /opt/airflow/dags/Sales_Data_Full.xlsx
[2026-02-20T02:09:16.691+0000] {processor.py:183} INFO - Processing /opt/airflow/dags/Sales_Data_Full.xlsx took 0.044 seconds
[2026-02-20T02:09:53.206+0000] {processor.py:161} INFO - Started process (PID=22976) to work on /opt/airflow/dags/Sales_Data_Full.xlsx
[2026-02-20T02:09:53.212+0000] {processor.py:830} INFO - Processing file /opt/airflow/dags/Sales_Data_Full.xlsx for tasks to queue
[2026-02-20T02:09:53.218+0000] {logging_mixin.py:188} INFO - [2026-02-20T02:09:53.216+0000] {dagbag.py:538} INFO - Filling up the DagBag from /opt/airflow/dags/Sales_Data_Full.xlsx
[2026-02-20T02:09:53.296+0000] {processor.py:842} WARNING - No viable dags retrieved from /opt/airflow/dags/Sales_Data_Full.xlsx
[2026-02-20T02:09:53.338+0000] {processor.py:183} INFO - Processing /opt/airflow/dags/Sales_Data_Full.xlsx took 0.139 seconds
[2026-02-20T02:10:53.706+0000] {processor.py:161} INFO - Started process (PID=22984) to work on /opt/airflow/dags/Sales_Data_Full.xlsx
[2026-02-20T02:10:53.718+0000] {processor.py:830} INFO - Processing file /opt/airflow/dags/Sales_Data_Full.xlsx for tasks to queue
[2026-02-20T02:10:53.720+0000] {logging_mixin.py:188} INFO - [2026-02-20T02:10:53.719+0000] {dagbag.py:538} INFO - Filling up the DagBag from /opt/airflow/dags/Sales_Data_Full.xlsx
[2026-02-20T02:10:53.747+0000] {processor.py:842} WARNING - No viable dags retrieved from /opt/airflow/dags/Sales_Data_Full.xlsx
[2026-02-20T02:10:53.798+0000] {processor.py:183} INFO - Processing /opt/airflow/dags/Sales_Data_Full.xlsx took 0.099 seconds
[2026-02-20T02:11:29.394+0000] {processor.py:161} INFO - Started process (PID=22992) to work on /opt/airflow/dags/Sales_Data_Full.xlsx
[2026-02-20T02:11:29.411+0000] {processor.py:830} INFO - Processing file /opt/airflow/dags/Sales_Data_Full.xlsx for tasks to queue
[2026-02-20T02:11:29.430+0000] {logging_mixin.py:188} INFO - [2026-02-20T02:11:29.429+0000] {dagbag.py:538} INFO - Filling up the DagBag from /opt/airflow/dags/Sales_Data_Full.xlsx
[2026-02-20T02:11:29.552+0000] {processor.py:842} WARNING - No viable dags retrieved from /opt/airflow/dags/Sales_Data_Full.xlsx
[2026-02-20T02:11:29.600+0000] {processor.py:183} INFO - Processing /opt/airflow/dags/Sales_Data_Full.xlsx took 0.213 seconds
[2026-02-20T02:12:15.153+0000] {processor.py:161} INFO - Started process (PID=23000) to work on /opt/airflow/dags/Sales_Data_Full.xlsx
[2026-02-20T02:12:15.157+0000] {processor.py:830} INFO - Processing file /opt/airflow/dags/Sales_Data_Full.xlsx for tasks to queue
[2026-02-20T02:12:15.161+0000] {logging_mixin.py:188} INFO - [2026-02-20T02:12:15.160+0000] {dagbag.py:538} INFO - Filling up the DagBag from /opt/airflow/dags/Sales_Data_Full.xlsx
[2026-02-20T02:12:15.214+0000] {processor.py:842} WARNING - No viable dags retrieved from /opt/airflow/dags/Sales_Data_Full.xlsx
[2026-02-20T02:12:15.276+0000] {processor.py:183} INFO - Processing /opt/airflow/dags/Sales_Data_Full.xlsx took 0.140 seconds
[2026-02-20T02:12:54.848+0000] {processor.py:161} INFO - Started process (PID=23008) to work on /opt/airflow/dags/Sales_Data_Full.xlsx
[2026-02-20T02:12:54.850+0000] {processor.py:830} INFO - Processing file /opt/airflow/dags/Sales_Data_Full.xlsx for tasks to queue
[2026-02-20T02:12:54.853+0000] {logging_mixin.py:188} INFO - [2026-02-20T02:12:54.852+0000] {dagbag.py:538} INFO - Filling up the DagBag from /opt/airflow/dags/Sales_Data_Full.xlsx
[2026-02-20T02:12:54.866+0000] {processor.py:842} WARNING - No viable dags retrieved from /opt/airflow/dags/Sales_Data_Full.xlsx
[2026-02-20T02:12:54.883+0000] {processor.py:183} INFO - Processing /opt/airflow/dags/Sales_Data_Full.xlsx took 0.041 seconds
[2026-02-20T02:14:05.731+0000] {processor.py:161} INFO - Started process (PID=23016) to work on /opt/airflow/dags/Sales_Data_Full.xlsx
[2026-02-20T02:14:05.734+0000] {processor.py:830} INFO - Processing file /opt/airflow/dags/Sales_Data_Full.xlsx for tasks to queue
[2026-02-20T02:14:05.747+0000] {logging_mixin.py:188} INFO - [2026-02-20T02:14:05.747+0000] {dagbag.py:538} INFO - Filling up the DagBag from /opt/airflow/dags/Sales_Data_Full.xlsx
[2026-02-20T02:14:05.778+0000] {processor.py:842} WARNING - No viable dags retrieved from /opt/airflow/dags/Sales_Data_Full.xlsx
[2026-02-20T02:14:05.827+0000] {processor.py:183} INFO - Processing /opt/airflow/dags/Sales_Data_Full.xlsx took 0.103 seconds
[2026-02-20T02:14:47.836+0000] {processor.py:161} INFO - Started process (PID=23024) to work on /opt/airflow/dags/Sales_Data_Full.xlsx
[2026-02-20T02:14:47.884+0000] {processor.py:830} INFO - Processing file /opt/airflow/dags/Sales_Data_Full.xlsx for tasks to queue
[2026-02-20T02:14:47.898+0000] {logging_mixin.py:188} INFO - [2026-02-20T02:14:47.897+0000] {dagbag.py:538} INFO - Filling up the DagBag from /opt/airflow/dags/Sales_Data_Full.xlsx
[2026-02-20T02:14:48.008+0000] {processor.py:842} WARNING - No viable dags retrieved from /opt/airflow/dags/Sales_Data_Full.xlsx
[2026-02-20T02:14:48.044+0000] {processor.py:183} INFO - Processing /opt/airflow/dags/Sales_Data_Full.xlsx took 0.224 seconds
[2026-02-20T02:15:26.341+0000] {processor.py:161} INFO - Started process (PID=23032) to work on /opt/airflow/dags/Sales_Data_Full.xlsx
[2026-02-20T02:15:26.343+0000] {processor.py:830} INFO - Processing file /opt/airflow/dags/Sales_Data_Full.xlsx for tasks to queue
[2026-02-20T02:15:26.345+0000] {logging_mixin.py:188} INFO - [2026-02-20T02:15:26.344+0000] {dagbag.py:538} INFO - Filling up the DagBag from /opt/airflow/dags/Sales_Data_Full.xlsx
[2026-02-20T02:15:26.366+0000] {processor.py:842} WARNING - No viable dags retrieved from /opt/airflow/dags/Sales_Data_Full.xlsx
[2026-02-20T02:15:26.391+0000] {processor.py:183} INFO - Processing /opt/airflow/dags/Sales_Data_Full.xlsx took 0.055 seconds
[2026-02-20T04:49:39.084+0000] {processor.py:161} INFO - Started process (PID=66) to work on /opt/airflow/dags/Sales_Data_Full.xlsx
[2026-02-20T04:49:39.089+0000] {processor.py:830} INFO - Processing file /opt/airflow/dags/Sales_Data_Full.xlsx for tasks to queue
[2026-02-20T04:49:39.095+0000] {logging_mixin.py:188} INFO - [2026-02-20T04:49:39.093+0000] {dagbag.py:538} INFO - Filling up the DagBag from /opt/airflow/dags/Sales_Data_Full.xlsx
[2026-02-20T04:49:39.122+0000] {processor.py:842} WARNING - No viable dags retrieved from /opt/airflow/dags/Sales_Data_Full.xlsx
[2026-02-20T04:49:39.152+0000] {processor.py:183} INFO - Processing /opt/airflow/dags/Sales_Data_Full.xlsx took 0.078 seconds
[2026-02-20T04:50:13.046+0000] {processor.py:161} INFO - Started process (PID=74) to work on /opt/airflow/dags/Sales_Data_Full.xlsx
[2026-02-20T04:50:13.048+0000] {processor.py:830} INFO - Processing file /opt/airflow/dags/Sales_Data_Full.xlsx for tasks to queue
[2026-02-20T04:50:13.050+0000] {logging_mixin.py:188} INFO - [2026-02-20T04:50:13.049+0000] {dagbag.py:538} INFO - Filling up the DagBag from /opt/airflow/dags/Sales_Data_Full.xlsx
[2026-02-20T04:50:13.067+0000] {processor.py:842} WARNING - No viable dags retrieved from /opt/airflow/dags/Sales_Data_Full.xlsx
[2026-02-20T04:50:13.085+0000] {processor.py:183} INFO - Processing /opt/airflow/dags/Sales_Data_Full.xlsx took 0.045 seconds
[2026-02-20T04:50:46.451+0000] {processor.py:161} INFO - Started process (PID=82) to work on /opt/airflow/dags/Sales_Data_Full.xlsx
[2026-02-20T04:50:46.452+0000] {processor.py:830} INFO - Processing file /opt/airflow/dags/Sales_Data_Full.xlsx for tasks to queue
[2026-02-20T04:50:46.454+0000] {logging_mixin.py:188} INFO - [2026-02-20T04:50:46.453+0000] {dagbag.py:538} INFO - Filling up the DagBag from /opt/airflow/dags/Sales_Data_Full.xlsx
[2026-02-20T04:50:46.466+0000] {processor.py:842} WARNING - No viable dags retrieved from /opt/airflow/dags/Sales_Data_Full.xlsx
[2026-02-20T04:50:46.478+0000] {processor.py:183} INFO - Processing /opt/airflow/dags/Sales_Data_Full.xlsx took 0.031 seconds
[2026-02-20T04:51:19.371+0000] {processor.py:161} INFO - Started process (PID=90) to work on /opt/airflow/dags/Sales_Data_Full.xlsx
[2026-02-20T04:51:19.372+0000] {processor.py:830} INFO - Processing file /opt/airflow/dags/Sales_Data_Full.xlsx for tasks to queue
[2026-02-20T04:51:19.374+0000] {logging_mixin.py:188} INFO - [2026-02-20T04:51:19.373+0000] {dagbag.py:538} INFO - Filling up the DagBag from /opt/airflow/dags/Sales_Data_Full.xlsx
[2026-02-20T04:51:19.384+0000] {processor.py:842} WARNING - No viable dags retrieved from /opt/airflow/dags/Sales_Data_Full.xlsx
[2026-02-20T04:51:19.395+0000] {processor.py:183} INFO - Processing /opt/airflow/dags/Sales_Data_Full.xlsx took 0.028 seconds
[2026-02-20T04:51:52.614+0000] {processor.py:161} INFO - Started process (PID=98) to work on /opt/airflow/dags/Sales_Data_Full.xlsx
[2026-02-20T04:51:52.617+0000] {processor.py:830} INFO - Processing file /opt/airflow/dags/Sales_Data_Full.xlsx for tasks to queue
[2026-02-20T04:51:52.619+0000] {logging_mixin.py:188} INFO - [2026-02-20T04:51:52.618+0000] {dagbag.py:538} INFO - Filling up the DagBag from /opt/airflow/dags/Sales_Data_Full.xlsx
[2026-02-20T04:51:52.632+0000] {processor.py:842} WARNING - No viable dags retrieved from /opt/airflow/dags/Sales_Data_Full.xlsx
[2026-02-20T04:51:52.650+0000] {processor.py:183} INFO - Processing /opt/airflow/dags/Sales_Data_Full.xlsx took 0.041 seconds
[2026-02-20T04:52:27.032+0000] {processor.py:161} INFO - Started process (PID=106) to work on /opt/airflow/dags/Sales_Data_Full.xlsx
[2026-02-20T04:52:27.034+0000] {processor.py:830} INFO - Processing file /opt/airflow/dags/Sales_Data_Full.xlsx for tasks to queue
[2026-02-20T04:52:27.036+0000] {logging_mixin.py:188} INFO - [2026-02-20T04:52:27.035+0000] {dagbag.py:538} INFO - Filling up the DagBag from /opt/airflow/dags/Sales_Data_Full.xlsx
[2026-02-20T04:52:27.047+0000] {processor.py:842} WARNING - No viable dags retrieved from /opt/airflow/dags/Sales_Data_Full.xlsx
[2026-02-20T04:52:27.062+0000] {processor.py:183} INFO - Processing /opt/airflow/dags/Sales_Data_Full.xlsx took 0.033 seconds
[2026-02-20T04:52:59.871+0000] {processor.py:161} INFO - Started process (PID=114) to work on /opt/airflow/dags/Sales_Data_Full.xlsx
[2026-02-20T04:52:59.873+0000] {processor.py:830} INFO - Processing file /opt/airflow/dags/Sales_Data_Full.xlsx for tasks to queue
[2026-02-20T04:52:59.874+0000] {logging_mixin.py:188} INFO - [2026-02-20T04:52:59.874+0000] {dagbag.py:538} INFO - Filling up the DagBag from /opt/airflow/dags/Sales_Data_Full.xlsx
[2026-02-20T04:52:59.885+0000] {processor.py:842} WARNING - No viable dags retrieved from /opt/airflow/dags/Sales_Data_Full.xlsx
[2026-02-20T04:52:59.897+0000] {processor.py:183} INFO - Processing /opt/airflow/dags/Sales_Data_Full.xlsx took 0.029 seconds
[2026-02-20T04:53:34.777+0000] {processor.py:161} INFO - Started process (PID=122) to work on /opt/airflow/dags/Sales_Data_Full.xlsx
[2026-02-20T04:53:34.778+0000] {processor.py:830} INFO - Processing file /opt/airflow/dags/Sales_Data_Full.xlsx for tasks to queue
[2026-02-20T04:53:34.780+0000] {logging_mixin.py:188} INFO - [2026-02-20T04:53:34.780+0000] {dagbag.py:538} INFO - Filling up the DagBag from /opt/airflow/dags/Sales_Data_Full.xlsx
[2026-02-20T04:53:34.792+0000] {processor.py:842} WARNING - No viable dags retrieved from /opt/airflow/dags/Sales_Data_Full.xlsx
[2026-02-20T04:53:34.806+0000] {processor.py:183} INFO - Processing /opt/airflow/dags/Sales_Data_Full.xlsx took 0.035 seconds
[2026-02-20T04:54:09.343+0000] {processor.py:161} INFO - Started process (PID=130) to work on /opt/airflow/dags/Sales_Data_Full.xlsx
[2026-02-20T04:54:09.345+0000] {processor.py:830} INFO - Processing file /opt/airflow/dags/Sales_Data_Full.xlsx for tasks to queue
[2026-02-20T04:54:09.346+0000] {logging_mixin.py:188} INFO - [2026-02-20T04:54:09.346+0000] {dagbag.py:538} INFO - Filling up the DagBag from /opt/airflow/dags/Sales_Data_Full.xlsx
[2026-02-20T04:54:09.357+0000] {processor.py:842} WARNING - No viable dags retrieved from /opt/airflow/dags/Sales_Data_Full.xlsx
[2026-02-20T04:54:09.369+0000] {processor.py:183} INFO - Processing /opt/airflow/dags/Sales_Data_Full.xlsx took 0.030 seconds
[2026-02-20T04:54:43.109+0000] {processor.py:161} INFO - Started process (PID=138) to work on /opt/airflow/dags/Sales_Data_Full.xlsx
[2026-02-20T04:54:43.111+0000] {processor.py:830} INFO - Processing file /opt/airflow/dags/Sales_Data_Full.xlsx for tasks to queue
[2026-02-20T04:54:43.113+0000] {logging_mixin.py:188} INFO - [2026-02-20T04:54:43.113+0000] {dagbag.py:538} INFO - Filling up the DagBag from /opt/airflow/dags/Sales_Data_Full.xlsx
[2026-02-20T04:54:43.122+0000] {processor.py:842} WARNING - No viable dags retrieved from /opt/airflow/dags/Sales_Data_Full.xlsx
[2026-02-20T04:54:43.135+0000] {processor.py:183} INFO - Processing /opt/airflow/dags/Sales_Data_Full.xlsx took 0.030 seconds
[2026-02-20T04:55:16.768+0000] {processor.py:161} INFO - Started process (PID=146) to work on /opt/airflow/dags/Sales_Data_Full.xlsx
[2026-02-20T04:55:16.770+0000] {processor.py:830} INFO - Processing file /opt/airflow/dags/Sales_Data_Full.xlsx for tasks to queue
[2026-02-20T04:55:16.772+0000] {logging_mixin.py:188} INFO - [2026-02-20T04:55:16.771+0000] {dagbag.py:538} INFO - Filling up the DagBag from /opt/airflow/dags/Sales_Data_Full.xlsx
[2026-02-20T04:55:16.783+0000] {processor.py:842} WARNING - No viable dags retrieved from /opt/airflow/dags/Sales_Data_Full.xlsx
[2026-02-20T04:55:16.798+0000] {processor.py:183} INFO - Processing /opt/airflow/dags/Sales_Data_Full.xlsx took 0.034 seconds
[2026-02-20T04:55:49.920+0000] {processor.py:161} INFO - Started process (PID=154) to work on /opt/airflow/dags/Sales_Data_Full.xlsx
[2026-02-20T04:55:49.921+0000] {processor.py:830} INFO - Processing file /opt/airflow/dags/Sales_Data_Full.xlsx for tasks to queue
[2026-02-20T04:55:49.923+0000] {logging_mixin.py:188} INFO - [2026-02-20T04:55:49.922+0000] {dagbag.py:538} INFO - Filling up the DagBag from /opt/airflow/dags/Sales_Data_Full.xlsx
[2026-02-20T04:55:49.934+0000] {processor.py:842} WARNING - No viable dags retrieved from /opt/airflow/dags/Sales_Data_Full.xlsx
[2026-02-20T04:55:49.949+0000] {processor.py:183} INFO - Processing /opt/airflow/dags/Sales_Data_Full.xlsx took 0.033 seconds
[2026-02-20T04:56:23.145+0000] {processor.py:161} INFO - Started process (PID=162) to work on /opt/airflow/dags/Sales_Data_Full.xlsx
[2026-02-20T04:56:23.146+0000] {processor.py:830} INFO - Processing file /opt/airflow/dags/Sales_Data_Full.xlsx for tasks to queue
[2026-02-20T04:56:23.148+0000] {logging_mixin.py:188} INFO - [2026-02-20T04:56:23.147+0000] {dagbag.py:538} INFO - Filling up the DagBag from /opt/airflow/dags/Sales_Data_Full.xlsx
[2026-02-20T04:56:23.157+0000] {processor.py:842} WARNING - No viable dags retrieved from /opt/airflow/dags/Sales_Data_Full.xlsx
[2026-02-20T04:56:23.169+0000] {processor.py:183} INFO - Processing /opt/airflow/dags/Sales_Data_Full.xlsx took 0.028 seconds
[2026-02-20T04:56:57.400+0000] {processor.py:161} INFO - Started process (PID=170) to work on /opt/airflow/dags/Sales_Data_Full.xlsx
[2026-02-20T04:56:57.401+0000] {processor.py:830} INFO - Processing file /opt/airflow/dags/Sales_Data_Full.xlsx for tasks to queue
[2026-02-20T04:56:57.403+0000] {logging_mixin.py:188} INFO - [2026-02-20T04:56:57.402+0000] {dagbag.py:538} INFO - Filling up the DagBag from /opt/airflow/dags/Sales_Data_Full.xlsx
[2026-02-20T04:56:57.414+0000] {processor.py:842} WARNING - No viable dags retrieved from /opt/airflow/dags/Sales_Data_Full.xlsx
[2026-02-20T04:56:57.430+0000] {processor.py:183} INFO - Processing /opt/airflow/dags/Sales_Data_Full.xlsx took 0.033 seconds
[2026-02-20T04:57:30.747+0000] {processor.py:161} INFO - Started process (PID=178) to work on /opt/airflow/dags/Sales_Data_Full.xlsx
[2026-02-20T04:57:30.751+0000] {processor.py:830} INFO - Processing file /opt/airflow/dags/Sales_Data_Full.xlsx for tasks to queue
[2026-02-20T04:57:30.754+0000] {logging_mixin.py:188} INFO - [2026-02-20T04:57:30.753+0000] {dagbag.py:538} INFO - Filling up the DagBag from /opt/airflow/dags/Sales_Data_Full.xlsx
[2026-02-20T04:57:30.767+0000] {processor.py:842} WARNING - No viable dags retrieved from /opt/airflow/dags/Sales_Data_Full.xlsx
[2026-02-20T04:57:30.793+0000] {processor.py:183} INFO - Processing /opt/airflow/dags/Sales_Data_Full.xlsx took 0.061 seconds
[2026-02-20T04:58:09.760+0000] {processor.py:161} INFO - Started process (PID=186) to work on /opt/airflow/dags/Sales_Data_Full.xlsx
[2026-02-20T04:58:09.761+0000] {processor.py:830} INFO - Processing file /opt/airflow/dags/Sales_Data_Full.xlsx for tasks to queue
[2026-02-20T04:58:09.763+0000] {logging_mixin.py:188} INFO - [2026-02-20T04:58:09.762+0000] {dagbag.py:538} INFO - Filling up the DagBag from /opt/airflow/dags/Sales_Data_Full.xlsx
[2026-02-20T04:58:09.773+0000] {processor.py:842} WARNING - No viable dags retrieved from /opt/airflow/dags/Sales_Data_Full.xlsx
[2026-02-20T04:58:09.785+0000] {processor.py:183} INFO - Processing /opt/airflow/dags/Sales_Data_Full.xlsx took 0.029 seconds
[2026-02-20T04:58:43.242+0000] {processor.py:161} INFO - Started process (PID=194) to work on /opt/airflow/dags/Sales_Data_Full.xlsx
[2026-02-20T04:58:43.251+0000] {processor.py:830} INFO - Processing file /opt/airflow/dags/Sales_Data_Full.xlsx for tasks to queue
[2026-02-20T04:58:43.257+0000] {logging_mixin.py:188} INFO - [2026-02-20T04:58:43.252+0000] {dagbag.py:538} INFO - Filling up the DagBag from /opt/airflow/dags/Sales_Data_Full.xlsx
[2026-02-20T04:58:43.272+0000] {processor.py:842} WARNING - No viable dags retrieved from /opt/airflow/dags/Sales_Data_Full.xlsx
[2026-02-20T04:58:43.319+0000] {processor.py:183} INFO - Processing /opt/airflow/dags/Sales_Data_Full.xlsx took 0.083 seconds
[2026-02-20T04:59:17.138+0000] {processor.py:161} INFO - Started process (PID=202) to work on /opt/airflow/dags/Sales_Data_Full.xlsx
[2026-02-20T04:59:17.140+0000] {processor.py:830} INFO - Processing file /opt/airflow/dags/Sales_Data_Full.xlsx for tasks to queue
[2026-02-20T04:59:17.142+0000] {logging_mixin.py:188} INFO - [2026-02-20T04:59:17.141+0000] {dagbag.py:538} INFO - Filling up the DagBag from /opt/airflow/dags/Sales_Data_Full.xlsx
[2026-02-20T04:59:17.170+0000] {processor.py:842} WARNING - No viable dags retrieved from /opt/airflow/dags/Sales_Data_Full.xlsx
[2026-02-20T04:59:17.199+0000] {processor.py:183} INFO - Processing /opt/airflow/dags/Sales_Data_Full.xlsx took 0.073 seconds
[2026-02-20T04:59:58.422+0000] {processor.py:161} INFO - Started process (PID=210) to work on /opt/airflow/dags/Sales_Data_Full.xlsx
[2026-02-20T04:59:58.423+0000] {processor.py:830} INFO - Processing file /opt/airflow/dags/Sales_Data_Full.xlsx for tasks to queue
[2026-02-20T04:59:58.425+0000] {logging_mixin.py:188} INFO - [2026-02-20T04:59:58.424+0000] {dagbag.py:538} INFO - Filling up the DagBag from /opt/airflow/dags/Sales_Data_Full.xlsx
[2026-02-20T04:59:58.435+0000] {processor.py:842} WARNING - No viable dags retrieved from /opt/airflow/dags/Sales_Data_Full.xlsx
[2026-02-20T04:59:58.452+0000] {processor.py:183} INFO - Processing /opt/airflow/dags/Sales_Data_Full.xlsx took 0.035 seconds
[2026-02-20T05:00:32.002+0000] {processor.py:161} INFO - Started process (PID=218) to work on /opt/airflow/dags/Sales_Data_Full.xlsx
[2026-02-20T05:00:32.007+0000] {processor.py:830} INFO - Processing file /opt/airflow/dags/Sales_Data_Full.xlsx for tasks to queue
[2026-02-20T05:00:32.010+0000] {logging_mixin.py:188} INFO - [2026-02-20T05:00:32.009+0000] {dagbag.py:538} INFO - Filling up the DagBag from /opt/airflow/dags/Sales_Data_Full.xlsx
[2026-02-20T05:00:32.065+0000] {processor.py:842} WARNING - No viable dags retrieved from /opt/airflow/dags/Sales_Data_Full.xlsx
[2026-02-20T05:00:32.098+0000] {processor.py:183} INFO - Processing /opt/airflow/dags/Sales_Data_Full.xlsx took 0.111 seconds
[2026-02-20T05:01:07.150+0000] {processor.py:161} INFO - Started process (PID=226) to work on /opt/airflow/dags/Sales_Data_Full.xlsx
[2026-02-20T05:01:07.158+0000] {processor.py:830} INFO - Processing file /opt/airflow/dags/Sales_Data_Full.xlsx for tasks to queue
[2026-02-20T05:01:07.163+0000] {logging_mixin.py:188} INFO - [2026-02-20T05:01:07.162+0000] {dagbag.py:538} INFO - Filling up the DagBag from /opt/airflow/dags/Sales_Data_Full.xlsx
[2026-02-20T05:01:07.206+0000] {processor.py:842} WARNING - No viable dags retrieved from /opt/airflow/dags/Sales_Data_Full.xlsx
[2026-02-20T05:01:07.258+0000] {processor.py:183} INFO - Processing /opt/airflow/dags/Sales_Data_Full.xlsx took 0.165 seconds
[2026-02-20T05:01:40.062+0000] {processor.py:161} INFO - Started process (PID=234) to work on /opt/airflow/dags/Sales_Data_Full.xlsx
[2026-02-20T05:01:40.063+0000] {processor.py:830} INFO - Processing file /opt/airflow/dags/Sales_Data_Full.xlsx for tasks to queue
[2026-02-20T05:01:40.065+0000] {logging_mixin.py:188} INFO - [2026-02-20T05:01:40.064+0000] {dagbag.py:538} INFO - Filling up the DagBag from /opt/airflow/dags/Sales_Data_Full.xlsx
[2026-02-20T05:01:40.078+0000] {processor.py:842} WARNING - No viable dags retrieved from /opt/airflow/dags/Sales_Data_Full.xlsx
[2026-02-20T05:01:40.089+0000] {processor.py:183} INFO - Processing /opt/airflow/dags/Sales_Data_Full.xlsx took 0.031 seconds
[2026-02-20T05:02:15.590+0000] {processor.py:161} INFO - Started process (PID=242) to work on /opt/airflow/dags/Sales_Data_Full.xlsx
[2026-02-20T05:02:15.599+0000] {processor.py:830} INFO - Processing file /opt/airflow/dags/Sales_Data_Full.xlsx for tasks to queue
[2026-02-20T05:02:15.603+0000] {logging_mixin.py:188} INFO - [2026-02-20T05:02:15.602+0000] {dagbag.py:538} INFO - Filling up the DagBag from /opt/airflow/dags/Sales_Data_Full.xlsx
[2026-02-20T05:02:15.639+0000] {processor.py:842} WARNING - No viable dags retrieved from /opt/airflow/dags/Sales_Data_Full.xlsx
[2026-02-20T05:02:15.672+0000] {processor.py:183} INFO - Processing /opt/airflow/dags/Sales_Data_Full.xlsx took 0.088 seconds
[2026-02-20T05:02:49.517+0000] {processor.py:161} INFO - Started process (PID=250) to work on /opt/airflow/dags/Sales_Data_Full.xlsx
[2026-02-20T05:02:49.518+0000] {processor.py:830} INFO - Processing file /opt/airflow/dags/Sales_Data_Full.xlsx for tasks to queue
[2026-02-20T05:02:49.520+0000] {logging_mixin.py:188} INFO - [2026-02-20T05:02:49.520+0000] {dagbag.py:538} INFO - Filling up the DagBag from /opt/airflow/dags/Sales_Data_Full.xlsx
[2026-02-20T05:02:49.531+0000] {processor.py:842} WARNING - No viable dags retrieved from /opt/airflow/dags/Sales_Data_Full.xlsx
[2026-02-20T05:02:49.544+0000] {processor.py:183} INFO - Processing /opt/airflow/dags/Sales_Data_Full.xlsx took 0.032 seconds
[2026-02-20T05:03:23.250+0000] {processor.py:161} INFO - Started process (PID=258) to work on /opt/airflow/dags/Sales_Data_Full.xlsx
[2026-02-20T05:03:23.252+0000] {processor.py:830} INFO - Processing file /opt/airflow/dags/Sales_Data_Full.xlsx for tasks to queue
[2026-02-20T05:03:23.258+0000] {logging_mixin.py:188} INFO - [2026-02-20T05:03:23.257+0000] {dagbag.py:538} INFO - Filling up the DagBag from /opt/airflow/dags/Sales_Data_Full.xlsx
[2026-02-20T05:03:23.283+0000] {processor.py:842} WARNING - No viable dags retrieved from /opt/airflow/dags/Sales_Data_Full.xlsx
[2026-02-20T05:03:23.315+0000] {processor.py:183} INFO - Processing /opt/airflow/dags/Sales_Data_Full.xlsx took 0.071 seconds
[2026-02-20T05:03:56.927+0000] {processor.py:161} INFO - Started process (PID=266) to work on /opt/airflow/dags/Sales_Data_Full.xlsx
[2026-02-20T05:03:56.928+0000] {processor.py:830} INFO - Processing file /opt/airflow/dags/Sales_Data_Full.xlsx for tasks to queue
[2026-02-20T05:03:56.930+0000] {logging_mixin.py:188} INFO - [2026-02-20T05:03:56.930+0000] {dagbag.py:538} INFO - Filling up the DagBag from /opt/airflow/dags/Sales_Data_Full.xlsx
[2026-02-20T05:03:56.941+0000] {processor.py:842} WARNING - No viable dags retrieved from /opt/airflow/dags/Sales_Data_Full.xlsx
[2026-02-20T05:03:56.983+0000] {processor.py:183} INFO - Processing /opt/airflow/dags/Sales_Data_Full.xlsx took 0.061 seconds
[2026-02-20T05:04:30.169+0000] {processor.py:161} INFO - Started process (PID=274) to work on /opt/airflow/dags/Sales_Data_Full.xlsx
[2026-02-20T05:04:30.170+0000] {processor.py:830} INFO - Processing file /opt/airflow/dags/Sales_Data_Full.xlsx for tasks to queue
[2026-02-20T05:04:30.172+0000] {logging_mixin.py:188} INFO - [2026-02-20T05:04:30.171+0000] {dagbag.py:538} INFO - Filling up the DagBag from /opt/airflow/dags/Sales_Data_Full.xlsx
[2026-02-20T05:04:30.180+0000] {processor.py:842} WARNING - No viable dags retrieved from /opt/airflow/dags/Sales_Data_Full.xlsx
[2026-02-20T05:04:30.194+0000] {processor.py:183} INFO - Processing /opt/airflow/dags/Sales_Data_Full.xlsx took 0.030 seconds
[2026-02-20T05:05:04.003+0000] {processor.py:161} INFO - Started process (PID=282) to work on /opt/airflow/dags/Sales_Data_Full.xlsx
[2026-02-20T05:05:04.004+0000] {processor.py:830} INFO - Processing file /opt/airflow/dags/Sales_Data_Full.xlsx for tasks to queue
[2026-02-20T05:05:04.006+0000] {logging_mixin.py:188} INFO - [2026-02-20T05:05:04.006+0000] {dagbag.py:538} INFO - Filling up the DagBag from /opt/airflow/dags/Sales_Data_Full.xlsx
[2026-02-20T05:05:04.020+0000] {processor.py:842} WARNING - No viable dags retrieved from /opt/airflow/dags/Sales_Data_Full.xlsx
[2026-02-20T05:05:04.033+0000] {processor.py:183} INFO - Processing /opt/airflow/dags/Sales_Data_Full.xlsx took 0.035 seconds
[2026-02-20T05:05:37.187+0000] {processor.py:161} INFO - Started process (PID=290) to work on /opt/airflow/dags/Sales_Data_Full.xlsx
[2026-02-20T05:05:37.189+0000] {processor.py:830} INFO - Processing file /opt/airflow/dags/Sales_Data_Full.xlsx for tasks to queue
[2026-02-20T05:05:37.191+0000] {logging_mixin.py:188} INFO - [2026-02-20T05:05:37.191+0000] {dagbag.py:538} INFO - Filling up the DagBag from /opt/airflow/dags/Sales_Data_Full.xlsx
[2026-02-20T05:05:37.203+0000] {processor.py:842} WARNING - No viable dags retrieved from /opt/airflow/dags/Sales_Data_Full.xlsx
[2026-02-20T05:05:37.218+0000] {processor.py:183} INFO - Processing /opt/airflow/dags/Sales_Data_Full.xlsx took 0.037 seconds
[2026-02-20T05:06:10.419+0000] {processor.py:161} INFO - Started process (PID=298) to work on /opt/airflow/dags/Sales_Data_Full.xlsx
[2026-02-20T05:06:10.420+0000] {processor.py:830} INFO - Processing file /opt/airflow/dags/Sales_Data_Full.xlsx for tasks to queue
[2026-02-20T05:06:10.422+0000] {logging_mixin.py:188} INFO - [2026-02-20T05:06:10.421+0000] {dagbag.py:538} INFO - Filling up the DagBag from /opt/airflow/dags/Sales_Data_Full.xlsx
[2026-02-20T05:06:10.434+0000] {processor.py:842} WARNING - No viable dags retrieved from /opt/airflow/dags/Sales_Data_Full.xlsx
[2026-02-20T05:06:10.448+0000] {processor.py:183} INFO - Processing /opt/airflow/dags/Sales_Data_Full.xlsx took 0.034 seconds
[2026-02-20T05:06:44.472+0000] {processor.py:161} INFO - Started process (PID=306) to work on /opt/airflow/dags/Sales_Data_Full.xlsx
[2026-02-20T05:06:44.473+0000] {processor.py:830} INFO - Processing file /opt/airflow/dags/Sales_Data_Full.xlsx for tasks to queue
[2026-02-20T05:06:44.475+0000] {logging_mixin.py:188} INFO - [2026-02-20T05:06:44.474+0000] {dagbag.py:538} INFO - Filling up the DagBag from /opt/airflow/dags/Sales_Data_Full.xlsx
[2026-02-20T05:06:44.492+0000] {processor.py:842} WARNING - No viable dags retrieved from /opt/airflow/dags/Sales_Data_Full.xlsx
[2026-02-20T05:06:44.560+0000] {processor.py:183} INFO - Processing /opt/airflow/dags/Sales_Data_Full.xlsx took 0.094 seconds
[2026-02-20T05:07:18.448+0000] {processor.py:161} INFO - Started process (PID=314) to work on /opt/airflow/dags/Sales_Data_Full.xlsx
[2026-02-20T05:07:18.450+0000] {processor.py:830} INFO - Processing file /opt/airflow/dags/Sales_Data_Full.xlsx for tasks to queue
[2026-02-20T05:07:18.452+0000] {logging_mixin.py:188} INFO - [2026-02-20T05:07:18.452+0000] {dagbag.py:538} INFO - Filling up the DagBag from /opt/airflow/dags/Sales_Data_Full.xlsx
[2026-02-20T05:07:18.466+0000] {processor.py:842} WARNING - No viable dags retrieved from /opt/airflow/dags/Sales_Data_Full.xlsx
[2026-02-20T05:07:18.482+0000] {processor.py:183} INFO - Processing /opt/airflow/dags/Sales_Data_Full.xlsx took 0.039 seconds
[2026-02-20T05:07:51.767+0000] {processor.py:161} INFO - Started process (PID=322) to work on /opt/airflow/dags/Sales_Data_Full.xlsx
[2026-02-20T05:07:51.769+0000] {processor.py:830} INFO - Processing file /opt/airflow/dags/Sales_Data_Full.xlsx for tasks to queue
[2026-02-20T05:07:51.770+0000] {logging_mixin.py:188} INFO - [2026-02-20T05:07:51.770+0000] {dagbag.py:538} INFO - Filling up the DagBag from /opt/airflow/dags/Sales_Data_Full.xlsx
[2026-02-20T05:07:51.780+0000] {processor.py:842} WARNING - No viable dags retrieved from /opt/airflow/dags/Sales_Data_Full.xlsx
[2026-02-20T05:07:51.793+0000] {processor.py:183} INFO - Processing /opt/airflow/dags/Sales_Data_Full.xlsx took 0.029 seconds
[2026-02-20T05:08:26.300+0000] {processor.py:161} INFO - Started process (PID=330) to work on /opt/airflow/dags/Sales_Data_Full.xlsx
[2026-02-20T05:08:26.306+0000] {processor.py:830} INFO - Processing file /opt/airflow/dags/Sales_Data_Full.xlsx for tasks to queue
[2026-02-20T05:08:26.309+0000] {logging_mixin.py:188} INFO - [2026-02-20T05:08:26.308+0000] {dagbag.py:538} INFO - Filling up the DagBag from /opt/airflow/dags/Sales_Data_Full.xlsx
[2026-02-20T05:08:26.388+0000] {processor.py:842} WARNING - No viable dags retrieved from /opt/airflow/dags/Sales_Data_Full.xlsx
[2026-02-20T05:08:26.416+0000] {processor.py:183} INFO - Processing /opt/airflow/dags/Sales_Data_Full.xlsx took 0.120 seconds
[2026-02-20T05:08:59.907+0000] {processor.py:161} INFO - Started process (PID=338) to work on /opt/airflow/dags/Sales_Data_Full.xlsx
[2026-02-20T05:08:59.909+0000] {processor.py:830} INFO - Processing file /opt/airflow/dags/Sales_Data_Full.xlsx for tasks to queue
[2026-02-20T05:08:59.910+0000] {logging_mixin.py:188} INFO - [2026-02-20T05:08:59.910+0000] {dagbag.py:538} INFO - Filling up the DagBag from /opt/airflow/dags/Sales_Data_Full.xlsx
[2026-02-20T05:08:59.920+0000] {processor.py:842} WARNING - No viable dags retrieved from /opt/airflow/dags/Sales_Data_Full.xlsx
[2026-02-20T05:08:59.932+0000] {processor.py:183} INFO - Processing /opt/airflow/dags/Sales_Data_Full.xlsx took 0.028 seconds
[2026-02-20T05:09:33.255+0000] {processor.py:161} INFO - Started process (PID=346) to work on /opt/airflow/dags/Sales_Data_Full.xlsx
[2026-02-20T05:09:33.257+0000] {processor.py:830} INFO - Processing file /opt/airflow/dags/Sales_Data_Full.xlsx for tasks to queue
[2026-02-20T05:09:33.259+0000] {logging_mixin.py:188} INFO - [2026-02-20T05:09:33.258+0000] {dagbag.py:538} INFO - Filling up the DagBag from /opt/airflow/dags/Sales_Data_Full.xlsx
[2026-02-20T05:09:33.271+0000] {processor.py:842} WARNING - No viable dags retrieved from /opt/airflow/dags/Sales_Data_Full.xlsx
[2026-02-20T05:09:33.284+0000] {processor.py:183} INFO - Processing /opt/airflow/dags/Sales_Data_Full.xlsx took 0.033 seconds
[2026-02-20T05:10:06.283+0000] {processor.py:161} INFO - Started process (PID=354) to work on /opt/airflow/dags/Sales_Data_Full.xlsx
[2026-02-20T05:10:06.285+0000] {processor.py:830} INFO - Processing file /opt/airflow/dags/Sales_Data_Full.xlsx for tasks to queue
[2026-02-20T05:10:06.287+0000] {logging_mixin.py:188} INFO - [2026-02-20T05:10:06.286+0000] {dagbag.py:538} INFO - Filling up the DagBag from /opt/airflow/dags/Sales_Data_Full.xlsx
[2026-02-20T05:10:06.303+0000] {processor.py:842} WARNING - No viable dags retrieved from /opt/airflow/dags/Sales_Data_Full.xlsx
[2026-02-20T05:10:06.316+0000] {processor.py:183} INFO - Processing /opt/airflow/dags/Sales_Data_Full.xlsx took 0.037 seconds
[2026-02-20T05:10:40.429+0000] {processor.py:161} INFO - Started process (PID=362) to work on /opt/airflow/dags/Sales_Data_Full.xlsx
[2026-02-20T05:10:40.431+0000] {processor.py:830} INFO - Processing file /opt/airflow/dags/Sales_Data_Full.xlsx for tasks to queue
[2026-02-20T05:10:40.433+0000] {logging_mixin.py:188} INFO - [2026-02-20T05:10:40.433+0000] {dagbag.py:538} INFO - Filling up the DagBag from /opt/airflow/dags/Sales_Data_Full.xlsx
[2026-02-20T05:10:40.450+0000] {processor.py:842} WARNING - No viable dags retrieved from /opt/airflow/dags/Sales_Data_Full.xlsx
[2026-02-20T05:10:40.473+0000] {processor.py:183} INFO - Processing /opt/airflow/dags/Sales_Data_Full.xlsx took 0.050 seconds
[2026-02-20T05:11:15.649+0000] {processor.py:161} INFO - Started process (PID=370) to work on /opt/airflow/dags/Sales_Data_Full.xlsx
[2026-02-20T05:11:15.665+0000] {processor.py:830} INFO - Processing file /opt/airflow/dags/Sales_Data_Full.xlsx for tasks to queue
[2026-02-20T05:11:15.669+0000] {logging_mixin.py:188} INFO - [2026-02-20T05:11:15.668+0000] {dagbag.py:538} INFO - Filling up the DagBag from /opt/airflow/dags/Sales_Data_Full.xlsx
[2026-02-20T05:11:15.709+0000] {processor.py:842} WARNING - No viable dags retrieved from /opt/airflow/dags/Sales_Data_Full.xlsx
[2026-02-20T05:11:15.757+0000] {processor.py:183} INFO - Processing /opt/airflow/dags/Sales_Data_Full.xlsx took 0.114 seconds
[2026-02-20T05:11:49.219+0000] {processor.py:161} INFO - Started process (PID=378) to work on /opt/airflow/dags/Sales_Data_Full.xlsx
[2026-02-20T05:11:49.220+0000] {processor.py:830} INFO - Processing file /opt/airflow/dags/Sales_Data_Full.xlsx for tasks to queue
[2026-02-20T05:11:49.221+0000] {logging_mixin.py:188} INFO - [2026-02-20T05:11:49.221+0000] {dagbag.py:538} INFO - Filling up the DagBag from /opt/airflow/dags/Sales_Data_Full.xlsx
[2026-02-20T05:11:49.230+0000] {processor.py:842} WARNING - No viable dags retrieved from /opt/airflow/dags/Sales_Data_Full.xlsx
[2026-02-20T05:11:49.246+0000] {processor.py:183} INFO - Processing /opt/airflow/dags/Sales_Data_Full.xlsx took 0.030 seconds
[2026-02-20T05:12:22.152+0000] {processor.py:161} INFO - Started process (PID=386) to work on /opt/airflow/dags/Sales_Data_Full.xlsx
[2026-02-20T05:12:22.154+0000] {processor.py:830} INFO - Processing file /opt/airflow/dags/Sales_Data_Full.xlsx for tasks to queue
[2026-02-20T05:12:22.155+0000] {logging_mixin.py:188} INFO - [2026-02-20T05:12:22.155+0000] {dagbag.py:538} INFO - Filling up the DagBag from /opt/airflow/dags/Sales_Data_Full.xlsx
[2026-02-20T05:12:22.166+0000] {processor.py:842} WARNING - No viable dags retrieved from /opt/airflow/dags/Sales_Data_Full.xlsx
[2026-02-20T05:12:22.178+0000] {processor.py:183} INFO - Processing /opt/airflow/dags/Sales_Data_Full.xlsx took 0.031 seconds
[2026-02-20T05:13:00.043+0000] {processor.py:161} INFO - Started process (PID=394) to work on /opt/airflow/dags/Sales_Data_Full.xlsx
[2026-02-20T05:13:00.044+0000] {processor.py:830} INFO - Processing file /opt/airflow/dags/Sales_Data_Full.xlsx for tasks to queue
[2026-02-20T05:13:00.046+0000] {logging_mixin.py:188} INFO - [2026-02-20T05:13:00.045+0000] {dagbag.py:538} INFO - Filling up the DagBag from /opt/airflow/dags/Sales_Data_Full.xlsx
[2026-02-20T05:13:00.061+0000] {processor.py:842} WARNING - No viable dags retrieved from /opt/airflow/dags/Sales_Data_Full.xlsx
[2026-02-20T05:13:00.081+0000] {processor.py:183} INFO - Processing /opt/airflow/dags/Sales_Data_Full.xlsx took 0.043 seconds
[2026-02-20T05:13:34.493+0000] {processor.py:161} INFO - Started process (PID=402) to work on /opt/airflow/dags/Sales_Data_Full.xlsx
[2026-02-20T05:13:34.497+0000] {processor.py:830} INFO - Processing file /opt/airflow/dags/Sales_Data_Full.xlsx for tasks to queue
[2026-02-20T05:13:34.504+0000] {logging_mixin.py:188} INFO - [2026-02-20T05:13:34.500+0000] {dagbag.py:538} INFO - Filling up the DagBag from /opt/airflow/dags/Sales_Data_Full.xlsx
[2026-02-20T05:13:34.542+0000] {processor.py:842} WARNING - No viable dags retrieved from /opt/airflow/dags/Sales_Data_Full.xlsx
[2026-02-20T05:13:34.565+0000] {processor.py:183} INFO - Processing /opt/airflow/dags/Sales_Data_Full.xlsx took 0.079 seconds
[2026-02-20T05:14:09.568+0000] {processor.py:161} INFO - Started process (PID=410) to work on /opt/airflow/dags/Sales_Data_Full.xlsx
[2026-02-20T05:14:09.570+0000] {processor.py:830} INFO - Processing file /opt/airflow/dags/Sales_Data_Full.xlsx for tasks to queue
[2026-02-20T05:14:09.571+0000] {logging_mixin.py:188} INFO - [2026-02-20T05:14:09.571+0000] {dagbag.py:538} INFO - Filling up the DagBag from /opt/airflow/dags/Sales_Data_Full.xlsx
[2026-02-20T05:14:09.581+0000] {processor.py:842} WARNING - No viable dags retrieved from /opt/airflow/dags/Sales_Data_Full.xlsx
[2026-02-20T05:14:09.593+0000] {processor.py:183} INFO - Processing /opt/airflow/dags/Sales_Data_Full.xlsx took 0.028 seconds
[2026-02-20T05:14:42.466+0000] {processor.py:161} INFO - Started process (PID=418) to work on /opt/airflow/dags/Sales_Data_Full.xlsx
[2026-02-20T05:14:42.468+0000] {processor.py:830} INFO - Processing file /opt/airflow/dags/Sales_Data_Full.xlsx for tasks to queue
[2026-02-20T05:14:42.470+0000] {logging_mixin.py:188} INFO - [2026-02-20T05:14:42.469+0000] {dagbag.py:538} INFO - Filling up the DagBag from /opt/airflow/dags/Sales_Data_Full.xlsx
[2026-02-20T05:14:42.482+0000] {processor.py:842} WARNING - No viable dags retrieved from /opt/airflow/dags/Sales_Data_Full.xlsx
[2026-02-20T05:14:42.495+0000] {processor.py:183} INFO - Processing /opt/airflow/dags/Sales_Data_Full.xlsx took 0.032 seconds
[2026-02-20T05:15:15.933+0000] {processor.py:161} INFO - Started process (PID=426) to work on /opt/airflow/dags/Sales_Data_Full.xlsx
[2026-02-20T05:15:15.941+0000] {processor.py:830} INFO - Processing file /opt/airflow/dags/Sales_Data_Full.xlsx for tasks to queue
[2026-02-20T05:15:15.944+0000] {logging_mixin.py:188} INFO - [2026-02-20T05:15:15.943+0000] {dagbag.py:538} INFO - Filling up the DagBag from /opt/airflow/dags/Sales_Data_Full.xlsx
[2026-02-20T05:15:15.955+0000] {processor.py:842} WARNING - No viable dags retrieved from /opt/airflow/dags/Sales_Data_Full.xlsx
[2026-02-20T05:15:15.970+0000] {processor.py:183} INFO - Processing /opt/airflow/dags/Sales_Data_Full.xlsx took 0.043 seconds
[2026-02-20T05:15:50.274+0000] {processor.py:161} INFO - Started process (PID=434) to work on /opt/airflow/dags/Sales_Data_Full.xlsx
[2026-02-20T05:15:50.275+0000] {processor.py:830} INFO - Processing file /opt/airflow/dags/Sales_Data_Full.xlsx for tasks to queue
[2026-02-20T05:15:50.277+0000] {logging_mixin.py:188} INFO - [2026-02-20T05:15:50.276+0000] {dagbag.py:538} INFO - Filling up the DagBag from /opt/airflow/dags/Sales_Data_Full.xlsx
[2026-02-20T05:15:50.289+0000] {processor.py:842} WARNING - No viable dags retrieved from /opt/airflow/dags/Sales_Data_Full.xlsx
[2026-02-20T05:15:50.305+0000] {processor.py:183} INFO - Processing /opt/airflow/dags/Sales_Data_Full.xlsx took 0.037 seconds
[2026-02-20T05:16:23.309+0000] {processor.py:161} INFO - Started process (PID=442) to work on /opt/airflow/dags/Sales_Data_Full.xlsx
[2026-02-20T05:16:23.310+0000] {processor.py:830} INFO - Processing file /opt/airflow/dags/Sales_Data_Full.xlsx for tasks to queue
[2026-02-20T05:16:23.312+0000] {logging_mixin.py:188} INFO - [2026-02-20T05:16:23.311+0000] {dagbag.py:538} INFO - Filling up the DagBag from /opt/airflow/dags/Sales_Data_Full.xlsx
[2026-02-20T05:16:23.322+0000] {processor.py:842} WARNING - No viable dags retrieved from /opt/airflow/dags/Sales_Data_Full.xlsx
[2026-02-20T05:16:23.334+0000] {processor.py:183} INFO - Processing /opt/airflow/dags/Sales_Data_Full.xlsx took 0.029 seconds
[2026-02-20T05:16:57.135+0000] {processor.py:161} INFO - Started process (PID=450) to work on /opt/airflow/dags/Sales_Data_Full.xlsx
[2026-02-20T05:16:57.137+0000] {processor.py:830} INFO - Processing file /opt/airflow/dags/Sales_Data_Full.xlsx for tasks to queue
[2026-02-20T05:16:57.138+0000] {logging_mixin.py:188} INFO - [2026-02-20T05:16:57.138+0000] {dagbag.py:538} INFO - Filling up the DagBag from /opt/airflow/dags/Sales_Data_Full.xlsx
[2026-02-20T05:16:57.148+0000] {processor.py:842} WARNING - No viable dags retrieved from /opt/airflow/dags/Sales_Data_Full.xlsx
[2026-02-20T05:16:57.160+0000] {processor.py:183} INFO - Processing /opt/airflow/dags/Sales_Data_Full.xlsx took 0.028 seconds
[2026-02-20T05:17:30.278+0000] {processor.py:161} INFO - Started process (PID=458) to work on /opt/airflow/dags/Sales_Data_Full.xlsx
[2026-02-20T05:17:30.280+0000] {processor.py:830} INFO - Processing file /opt/airflow/dags/Sales_Data_Full.xlsx for tasks to queue
[2026-02-20T05:17:30.282+0000] {logging_mixin.py:188} INFO - [2026-02-20T05:17:30.281+0000] {dagbag.py:538} INFO - Filling up the DagBag from /opt/airflow/dags/Sales_Data_Full.xlsx
[2026-02-20T05:17:30.317+0000] {processor.py:842} WARNING - No viable dags retrieved from /opt/airflow/dags/Sales_Data_Full.xlsx
[2026-02-20T05:17:30.338+0000] {processor.py:183} INFO - Processing /opt/airflow/dags/Sales_Data_Full.xlsx took 0.065 seconds
[2026-02-20T05:18:03.444+0000] {processor.py:161} INFO - Started process (PID=466) to work on /opt/airflow/dags/Sales_Data_Full.xlsx
[2026-02-20T05:18:03.446+0000] {processor.py:830} INFO - Processing file /opt/airflow/dags/Sales_Data_Full.xlsx for tasks to queue
[2026-02-20T05:18:03.447+0000] {logging_mixin.py:188} INFO - [2026-02-20T05:18:03.447+0000] {dagbag.py:538} INFO - Filling up the DagBag from /opt/airflow/dags/Sales_Data_Full.xlsx
[2026-02-20T05:18:03.461+0000] {processor.py:842} WARNING - No viable dags retrieved from /opt/airflow/dags/Sales_Data_Full.xlsx
[2026-02-20T05:18:03.476+0000] {processor.py:183} INFO - Processing /opt/airflow/dags/Sales_Data_Full.xlsx took 0.036 seconds
[2026-02-20T05:18:38.508+0000] {processor.py:161} INFO - Started process (PID=474) to work on /opt/airflow/dags/Sales_Data_Full.xlsx
[2026-02-20T05:18:38.510+0000] {processor.py:830} INFO - Processing file /opt/airflow/dags/Sales_Data_Full.xlsx for tasks to queue
[2026-02-20T05:18:38.519+0000] {logging_mixin.py:188} INFO - [2026-02-20T05:18:38.514+0000] {dagbag.py:538} INFO - Filling up the DagBag from /opt/airflow/dags/Sales_Data_Full.xlsx
[2026-02-20T05:18:38.535+0000] {processor.py:842} WARNING - No viable dags retrieved from /opt/airflow/dags/Sales_Data_Full.xlsx
[2026-02-20T05:18:38.592+0000] {processor.py:183} INFO - Processing /opt/airflow/dags/Sales_Data_Full.xlsx took 0.100 seconds
[2026-02-20T05:19:11.500+0000] {processor.py:161} INFO - Started process (PID=482) to work on /opt/airflow/dags/Sales_Data_Full.xlsx
[2026-02-20T05:19:11.502+0000] {processor.py:830} INFO - Processing file /opt/airflow/dags/Sales_Data_Full.xlsx for tasks to queue
[2026-02-20T05:19:11.514+0000] {logging_mixin.py:188} INFO - [2026-02-20T05:19:11.504+0000] {dagbag.py:538} INFO - Filling up the DagBag from /opt/airflow/dags/Sales_Data_Full.xlsx
[2026-02-20T05:19:11.542+0000] {processor.py:842} WARNING - No viable dags retrieved from /opt/airflow/dags/Sales_Data_Full.xlsx
[2026-02-20T05:19:11.583+0000] {processor.py:183} INFO - Processing /opt/airflow/dags/Sales_Data_Full.xlsx took 0.089 seconds
[2026-02-20T05:19:46.756+0000] {processor.py:161} INFO - Started process (PID=490) to work on /opt/airflow/dags/Sales_Data_Full.xlsx
[2026-02-20T05:19:46.758+0000] {processor.py:830} INFO - Processing file /opt/airflow/dags/Sales_Data_Full.xlsx for tasks to queue
[2026-02-20T05:19:46.760+0000] {logging_mixin.py:188} INFO - [2026-02-20T05:19:46.760+0000] {dagbag.py:538} INFO - Filling up the DagBag from /opt/airflow/dags/Sales_Data_Full.xlsx
[2026-02-20T05:19:46.785+0000] {processor.py:842} WARNING - No viable dags retrieved from /opt/airflow/dags/Sales_Data_Full.xlsx
[2026-02-20T05:19:46.829+0000] {processor.py:183} INFO - Processing /opt/airflow/dags/Sales_Data_Full.xlsx took 0.090 seconds
[2026-02-20T05:20:22.305+0000] {processor.py:161} INFO - Started process (PID=498) to work on /opt/airflow/dags/Sales_Data_Full.xlsx
[2026-02-20T05:20:22.307+0000] {processor.py:830} INFO - Processing file /opt/airflow/dags/Sales_Data_Full.xlsx for tasks to queue
[2026-02-20T05:20:22.310+0000] {logging_mixin.py:188} INFO - [2026-02-20T05:20:22.309+0000] {dagbag.py:538} INFO - Filling up the DagBag from /opt/airflow/dags/Sales_Data_Full.xlsx
[2026-02-20T05:20:22.320+0000] {processor.py:842} WARNING - No viable dags retrieved from /opt/airflow/dags/Sales_Data_Full.xlsx
[2026-02-20T05:20:22.333+0000] {processor.py:183} INFO - Processing /opt/airflow/dags/Sales_Data_Full.xlsx took 0.035 seconds
[2026-02-20T05:20:55.326+0000] {processor.py:161} INFO - Started process (PID=506) to work on /opt/airflow/dags/Sales_Data_Full.xlsx
[2026-02-20T05:20:55.328+0000] {processor.py:830} INFO - Processing file /opt/airflow/dags/Sales_Data_Full.xlsx for tasks to queue
[2026-02-20T05:20:55.330+0000] {logging_mixin.py:188} INFO - [2026-02-20T05:20:55.329+0000] {dagbag.py:538} INFO - Filling up the DagBag from /opt/airflow/dags/Sales_Data_Full.xlsx
[2026-02-20T05:20:55.344+0000] {processor.py:842} WARNING - No viable dags retrieved from /opt/airflow/dags/Sales_Data_Full.xlsx
[2026-02-20T05:20:55.363+0000] {processor.py:183} INFO - Processing /opt/airflow/dags/Sales_Data_Full.xlsx took 0.042 seconds
[2026-02-20T05:21:30.889+0000] {processor.py:161} INFO - Started process (PID=514) to work on /opt/airflow/dags/Sales_Data_Full.xlsx
[2026-02-20T05:21:30.891+0000] {processor.py:830} INFO - Processing file /opt/airflow/dags/Sales_Data_Full.xlsx for tasks to queue
[2026-02-20T05:21:30.893+0000] {logging_mixin.py:188} INFO - [2026-02-20T05:21:30.892+0000] {dagbag.py:538} INFO - Filling up the DagBag from /opt/airflow/dags/Sales_Data_Full.xlsx
[2026-02-20T05:21:30.905+0000] {processor.py:842} WARNING - No viable dags retrieved from /opt/airflow/dags/Sales_Data_Full.xlsx
[2026-02-20T05:21:30.921+0000] {processor.py:183} INFO - Processing /opt/airflow/dags/Sales_Data_Full.xlsx took 0.037 seconds
[2026-02-20T05:22:05.297+0000] {processor.py:161} INFO - Started process (PID=522) to work on /opt/airflow/dags/Sales_Data_Full.xlsx
[2026-02-20T05:22:05.299+0000] {processor.py:830} INFO - Processing file /opt/airflow/dags/Sales_Data_Full.xlsx for tasks to queue
[2026-02-20T05:22:05.300+0000] {logging_mixin.py:188} INFO - [2026-02-20T05:22:05.300+0000] {dagbag.py:538} INFO - Filling up the DagBag from /opt/airflow/dags/Sales_Data_Full.xlsx
[2026-02-20T05:22:05.314+0000] {processor.py:842} WARNING - No viable dags retrieved from /opt/airflow/dags/Sales_Data_Full.xlsx
[2026-02-20T05:22:05.331+0000] {processor.py:183} INFO - Processing /opt/airflow/dags/Sales_Data_Full.xlsx took 0.038 seconds
[2026-02-20T05:22:37.626+0000] {processor.py:161} INFO - Started process (PID=530) to work on /opt/airflow/dags/Sales_Data_Full.xlsx
[2026-02-20T05:22:37.628+0000] {processor.py:830} INFO - Processing file /opt/airflow/dags/Sales_Data_Full.xlsx for tasks to queue
[2026-02-20T05:22:37.629+0000] {logging_mixin.py:188} INFO - [2026-02-20T05:22:37.629+0000] {dagbag.py:538} INFO - Filling up the DagBag from /opt/airflow/dags/Sales_Data_Full.xlsx
[2026-02-20T05:22:37.638+0000] {processor.py:842} WARNING - No viable dags retrieved from /opt/airflow/dags/Sales_Data_Full.xlsx
[2026-02-20T05:22:37.650+0000] {processor.py:183} INFO - Processing /opt/airflow/dags/Sales_Data_Full.xlsx took 0.028 seconds
