[2026-02-20T01:43:36.420+0000] {processor.py:161} INFO - Started process (PID=22649) to work on /opt/airflow/dags/US HOLIDAY.xlsx
[2026-02-20T01:43:36.422+0000] {processor.py:830} INFO - Processing file /opt/airflow/dags/US HOLIDAY.xlsx for tasks to queue
[2026-02-20T01:43:36.432+0000] {logging_mixin.py:188} INFO - [2026-02-20T01:43:36.424+0000] {dagbag.py:538} INFO - Filling up the DagBag from /opt/airflow/dags/US HOLIDAY.xlsx
[2026-02-20T01:43:36.481+0000] {processor.py:842} WARNING - No viable dags retrieved from /opt/airflow/dags/US HOLIDAY.xlsx
[2026-02-20T01:43:36.519+0000] {processor.py:183} INFO - Processing /opt/airflow/dags/US HOLIDAY.xlsx took 0.106 seconds
[2026-02-20T01:44:17.050+0000] {processor.py:161} INFO - Started process (PID=22657) to work on /opt/airflow/dags/US HOLIDAY.xlsx
[2026-02-20T01:44:17.055+0000] {processor.py:830} INFO - Processing file /opt/airflow/dags/US HOLIDAY.xlsx for tasks to queue
[2026-02-20T01:44:17.059+0000] {logging_mixin.py:188} INFO - [2026-02-20T01:44:17.058+0000] {dagbag.py:538} INFO - Filling up the DagBag from /opt/airflow/dags/US HOLIDAY.xlsx
[2026-02-20T01:44:17.080+0000] {processor.py:842} WARNING - No viable dags retrieved from /opt/airflow/dags/US HOLIDAY.xlsx
[2026-02-20T01:44:17.120+0000] {processor.py:183} INFO - Processing /opt/airflow/dags/US HOLIDAY.xlsx took 0.078 seconds
[2026-02-20T01:45:09.091+0000] {processor.py:161} INFO - Started process (PID=22665) to work on /opt/airflow/dags/US HOLIDAY.xlsx
[2026-02-20T01:45:09.104+0000] {processor.py:830} INFO - Processing file /opt/airflow/dags/US HOLIDAY.xlsx for tasks to queue
[2026-02-20T01:45:09.106+0000] {logging_mixin.py:188} INFO - [2026-02-20T01:45:09.105+0000] {dagbag.py:538} INFO - Filling up the DagBag from /opt/airflow/dags/US HOLIDAY.xlsx
[2026-02-20T01:45:09.233+0000] {processor.py:842} WARNING - No viable dags retrieved from /opt/airflow/dags/US HOLIDAY.xlsx
[2026-02-20T01:45:09.278+0000] {processor.py:183} INFO - Processing /opt/airflow/dags/US HOLIDAY.xlsx took 0.193 seconds
[2026-02-20T01:45:53.753+0000] {processor.py:161} INFO - Started process (PID=22673) to work on /opt/airflow/dags/US HOLIDAY.xlsx
[2026-02-20T01:45:53.756+0000] {processor.py:830} INFO - Processing file /opt/airflow/dags/US HOLIDAY.xlsx for tasks to queue
[2026-02-20T01:45:53.766+0000] {logging_mixin.py:188} INFO - [2026-02-20T01:45:53.765+0000] {dagbag.py:538} INFO - Filling up the DagBag from /opt/airflow/dags/US HOLIDAY.xlsx
[2026-02-20T01:45:53.783+0000] {processor.py:842} WARNING - No viable dags retrieved from /opt/airflow/dags/US HOLIDAY.xlsx
[2026-02-20T01:45:53.820+0000] {processor.py:183} INFO - Processing /opt/airflow/dags/US HOLIDAY.xlsx took 0.073 seconds
[2026-02-20T01:46:31.189+0000] {processor.py:161} INFO - Started process (PID=22681) to work on /opt/airflow/dags/US HOLIDAY.xlsx
[2026-02-20T01:46:31.192+0000] {processor.py:830} INFO - Processing file /opt/airflow/dags/US HOLIDAY.xlsx for tasks to queue
[2026-02-20T01:46:31.202+0000] {logging_mixin.py:188} INFO - [2026-02-20T01:46:31.201+0000] {dagbag.py:538} INFO - Filling up the DagBag from /opt/airflow/dags/US HOLIDAY.xlsx
[2026-02-20T01:46:31.217+0000] {processor.py:842} WARNING - No viable dags retrieved from /opt/airflow/dags/US HOLIDAY.xlsx
[2026-02-20T01:46:31.258+0000] {processor.py:183} INFO - Processing /opt/airflow/dags/US HOLIDAY.xlsx took 0.079 seconds
[2026-02-20T01:47:08.085+0000] {processor.py:161} INFO - Started process (PID=22689) to work on /opt/airflow/dags/US HOLIDAY.xlsx
[2026-02-20T01:47:08.096+0000] {processor.py:830} INFO - Processing file /opt/airflow/dags/US HOLIDAY.xlsx for tasks to queue
[2026-02-20T01:47:08.099+0000] {logging_mixin.py:188} INFO - [2026-02-20T01:47:08.098+0000] {dagbag.py:538} INFO - Filling up the DagBag from /opt/airflow/dags/US HOLIDAY.xlsx
[2026-02-20T01:47:08.116+0000] {processor.py:842} WARNING - No viable dags retrieved from /opt/airflow/dags/US HOLIDAY.xlsx
[2026-02-20T01:47:08.176+0000] {processor.py:183} INFO - Processing /opt/airflow/dags/US HOLIDAY.xlsx took 0.087 seconds
[2026-02-20T01:47:42.871+0000] {processor.py:161} INFO - Started process (PID=22697) to work on /opt/airflow/dags/US HOLIDAY.xlsx
[2026-02-20T01:47:42.873+0000] {processor.py:830} INFO - Processing file /opt/airflow/dags/US HOLIDAY.xlsx for tasks to queue
[2026-02-20T01:47:42.874+0000] {logging_mixin.py:188} INFO - [2026-02-20T01:47:42.874+0000] {dagbag.py:538} INFO - Filling up the DagBag from /opt/airflow/dags/US HOLIDAY.xlsx
[2026-02-20T01:47:42.887+0000] {processor.py:842} WARNING - No viable dags retrieved from /opt/airflow/dags/US HOLIDAY.xlsx
[2026-02-20T01:47:42.903+0000] {processor.py:183} INFO - Processing /opt/airflow/dags/US HOLIDAY.xlsx took 0.036 seconds
[2026-02-20T01:48:20.466+0000] {processor.py:161} INFO - Started process (PID=22705) to work on /opt/airflow/dags/US HOLIDAY.xlsx
[2026-02-20T01:48:20.468+0000] {processor.py:830} INFO - Processing file /opt/airflow/dags/US HOLIDAY.xlsx for tasks to queue
[2026-02-20T01:48:20.472+0000] {logging_mixin.py:188} INFO - [2026-02-20T01:48:20.471+0000] {dagbag.py:538} INFO - Filling up the DagBag from /opt/airflow/dags/US HOLIDAY.xlsx
[2026-02-20T01:48:20.510+0000] {processor.py:842} WARNING - No viable dags retrieved from /opt/airflow/dags/US HOLIDAY.xlsx
[2026-02-20T01:48:20.556+0000] {processor.py:183} INFO - Processing /opt/airflow/dags/US HOLIDAY.xlsx took 0.098 seconds
[2026-02-20T01:49:02.200+0000] {processor.py:161} INFO - Started process (PID=22713) to work on /opt/airflow/dags/US HOLIDAY.xlsx
[2026-02-20T01:49:02.202+0000] {processor.py:830} INFO - Processing file /opt/airflow/dags/US HOLIDAY.xlsx for tasks to queue
[2026-02-20T01:49:02.204+0000] {logging_mixin.py:188} INFO - [2026-02-20T01:49:02.203+0000] {dagbag.py:538} INFO - Filling up the DagBag from /opt/airflow/dags/US HOLIDAY.xlsx
[2026-02-20T01:49:02.222+0000] {processor.py:842} WARNING - No viable dags retrieved from /opt/airflow/dags/US HOLIDAY.xlsx
[2026-02-20T01:49:02.274+0000] {processor.py:183} INFO - Processing /opt/airflow/dags/US HOLIDAY.xlsx took 0.081 seconds
[2026-02-20T01:49:44.033+0000] {processor.py:161} INFO - Started process (PID=22721) to work on /opt/airflow/dags/US HOLIDAY.xlsx
[2026-02-20T01:49:44.035+0000] {processor.py:830} INFO - Processing file /opt/airflow/dags/US HOLIDAY.xlsx for tasks to queue
[2026-02-20T01:49:44.038+0000] {logging_mixin.py:188} INFO - [2026-02-20T01:49:44.037+0000] {dagbag.py:538} INFO - Filling up the DagBag from /opt/airflow/dags/US HOLIDAY.xlsx
[2026-02-20T01:49:44.065+0000] {processor.py:842} WARNING - No viable dags retrieved from /opt/airflow/dags/US HOLIDAY.xlsx
[2026-02-20T01:49:44.114+0000] {processor.py:183} INFO - Processing /opt/airflow/dags/US HOLIDAY.xlsx took 0.093 seconds
[2026-02-20T01:50:17.866+0000] {processor.py:161} INFO - Started process (PID=22729) to work on /opt/airflow/dags/US HOLIDAY.xlsx
[2026-02-20T01:50:17.868+0000] {processor.py:830} INFO - Processing file /opt/airflow/dags/US HOLIDAY.xlsx for tasks to queue
[2026-02-20T01:50:17.870+0000] {logging_mixin.py:188} INFO - [2026-02-20T01:50:17.869+0000] {dagbag.py:538} INFO - Filling up the DagBag from /opt/airflow/dags/US HOLIDAY.xlsx
[2026-02-20T01:50:17.884+0000] {processor.py:842} WARNING - No viable dags retrieved from /opt/airflow/dags/US HOLIDAY.xlsx
[2026-02-20T01:50:17.900+0000] {processor.py:183} INFO - Processing /opt/airflow/dags/US HOLIDAY.xlsx took 0.038 seconds
[2026-02-20T01:50:52.736+0000] {processor.py:161} INFO - Started process (PID=22737) to work on /opt/airflow/dags/US HOLIDAY.xlsx
[2026-02-20T01:50:52.738+0000] {processor.py:830} INFO - Processing file /opt/airflow/dags/US HOLIDAY.xlsx for tasks to queue
[2026-02-20T01:50:52.741+0000] {logging_mixin.py:188} INFO - [2026-02-20T01:50:52.740+0000] {dagbag.py:538} INFO - Filling up the DagBag from /opt/airflow/dags/US HOLIDAY.xlsx
[2026-02-20T01:50:52.762+0000] {processor.py:842} WARNING - No viable dags retrieved from /opt/airflow/dags/US HOLIDAY.xlsx
[2026-02-20T01:50:52.793+0000] {processor.py:183} INFO - Processing /opt/airflow/dags/US HOLIDAY.xlsx took 0.065 seconds
[2026-02-20T01:51:30.094+0000] {processor.py:161} INFO - Started process (PID=22745) to work on /opt/airflow/dags/US HOLIDAY.xlsx
[2026-02-20T01:51:30.096+0000] {processor.py:830} INFO - Processing file /opt/airflow/dags/US HOLIDAY.xlsx for tasks to queue
[2026-02-20T01:51:30.100+0000] {logging_mixin.py:188} INFO - [2026-02-20T01:51:30.098+0000] {dagbag.py:538} INFO - Filling up the DagBag from /opt/airflow/dags/US HOLIDAY.xlsx
[2026-02-20T01:51:30.117+0000] {processor.py:842} WARNING - No viable dags retrieved from /opt/airflow/dags/US HOLIDAY.xlsx
[2026-02-20T01:51:30.145+0000] {processor.py:183} INFO - Processing /opt/airflow/dags/US HOLIDAY.xlsx took 0.059 seconds
[2026-02-20T01:52:21.458+0000] {processor.py:161} INFO - Started process (PID=22753) to work on /opt/airflow/dags/US HOLIDAY.xlsx
[2026-02-20T01:52:21.460+0000] {processor.py:830} INFO - Processing file /opt/airflow/dags/US HOLIDAY.xlsx for tasks to queue
[2026-02-20T01:52:21.463+0000] {logging_mixin.py:188} INFO - [2026-02-20T01:52:21.462+0000] {dagbag.py:538} INFO - Filling up the DagBag from /opt/airflow/dags/US HOLIDAY.xlsx
[2026-02-20T01:52:21.476+0000] {processor.py:842} WARNING - No viable dags retrieved from /opt/airflow/dags/US HOLIDAY.xlsx
[2026-02-20T01:52:21.505+0000] {processor.py:183} INFO - Processing /opt/airflow/dags/US HOLIDAY.xlsx took 0.055 seconds
[2026-02-20T01:52:55.832+0000] {processor.py:161} INFO - Started process (PID=22761) to work on /opt/airflow/dags/US HOLIDAY.xlsx
[2026-02-20T01:52:55.834+0000] {processor.py:830} INFO - Processing file /opt/airflow/dags/US HOLIDAY.xlsx for tasks to queue
[2026-02-20T01:52:55.837+0000] {logging_mixin.py:188} INFO - [2026-02-20T01:52:55.836+0000] {dagbag.py:538} INFO - Filling up the DagBag from /opt/airflow/dags/US HOLIDAY.xlsx
[2026-02-20T01:52:55.856+0000] {processor.py:842} WARNING - No viable dags retrieved from /opt/airflow/dags/US HOLIDAY.xlsx
[2026-02-20T01:52:55.889+0000] {processor.py:183} INFO - Processing /opt/airflow/dags/US HOLIDAY.xlsx took 0.063 seconds
[2026-02-20T01:53:35.788+0000] {processor.py:161} INFO - Started process (PID=22769) to work on /opt/airflow/dags/US HOLIDAY.xlsx
[2026-02-20T01:53:35.818+0000] {processor.py:830} INFO - Processing file /opt/airflow/dags/US HOLIDAY.xlsx for tasks to queue
[2026-02-20T01:53:35.833+0000] {logging_mixin.py:188} INFO - [2026-02-20T01:53:35.832+0000] {dagbag.py:538} INFO - Filling up the DagBag from /opt/airflow/dags/US HOLIDAY.xlsx
[2026-02-20T01:53:36.129+0000] {processor.py:842} WARNING - No viable dags retrieved from /opt/airflow/dags/US HOLIDAY.xlsx
[2026-02-20T01:53:36.169+0000] {processor.py:183} INFO - Processing /opt/airflow/dags/US HOLIDAY.xlsx took 0.387 seconds
[2026-02-20T01:54:12.853+0000] {processor.py:161} INFO - Started process (PID=22777) to work on /opt/airflow/dags/US HOLIDAY.xlsx
[2026-02-20T01:54:12.855+0000] {processor.py:830} INFO - Processing file /opt/airflow/dags/US HOLIDAY.xlsx for tasks to queue
[2026-02-20T01:54:12.859+0000] {logging_mixin.py:188} INFO - [2026-02-20T01:54:12.857+0000] {dagbag.py:538} INFO - Filling up the DagBag from /opt/airflow/dags/US HOLIDAY.xlsx
[2026-02-20T01:54:12.881+0000] {processor.py:842} WARNING - No viable dags retrieved from /opt/airflow/dags/US HOLIDAY.xlsx
[2026-02-20T01:54:12.908+0000] {processor.py:183} INFO - Processing /opt/airflow/dags/US HOLIDAY.xlsx took 0.061 seconds
[2026-02-20T01:54:54.767+0000] {processor.py:161} INFO - Started process (PID=22785) to work on /opt/airflow/dags/US HOLIDAY.xlsx
[2026-02-20T01:54:54.841+0000] {processor.py:830} INFO - Processing file /opt/airflow/dags/US HOLIDAY.xlsx for tasks to queue
[2026-02-20T01:54:54.894+0000] {logging_mixin.py:188} INFO - [2026-02-20T01:54:54.893+0000] {dagbag.py:538} INFO - Filling up the DagBag from /opt/airflow/dags/US HOLIDAY.xlsx
[2026-02-20T01:54:55.558+0000] {processor.py:842} WARNING - No viable dags retrieved from /opt/airflow/dags/US HOLIDAY.xlsx
[2026-02-20T01:54:55.598+0000] {processor.py:183} INFO - Processing /opt/airflow/dags/US HOLIDAY.xlsx took 0.837 seconds
[2026-02-20T01:55:26.858+0000] {processor.py:161} INFO - Started process (PID=22793) to work on /opt/airflow/dags/US HOLIDAY.xlsx
[2026-02-20T01:55:26.860+0000] {processor.py:830} INFO - Processing file /opt/airflow/dags/US HOLIDAY.xlsx for tasks to queue
[2026-02-20T01:55:26.863+0000] {logging_mixin.py:188} INFO - [2026-02-20T01:55:26.862+0000] {dagbag.py:538} INFO - Filling up the DagBag from /opt/airflow/dags/US HOLIDAY.xlsx
[2026-02-20T01:55:26.883+0000] {processor.py:842} WARNING - No viable dags retrieved from /opt/airflow/dags/US HOLIDAY.xlsx
[2026-02-20T01:55:26.911+0000] {processor.py:183} INFO - Processing /opt/airflow/dags/US HOLIDAY.xlsx took 0.064 seconds
[2026-02-20T01:56:14.953+0000] {processor.py:161} INFO - Started process (PID=22801) to work on /opt/airflow/dags/US HOLIDAY.xlsx
[2026-02-20T01:56:14.956+0000] {processor.py:830} INFO - Processing file /opt/airflow/dags/US HOLIDAY.xlsx for tasks to queue
[2026-02-20T01:56:14.967+0000] {logging_mixin.py:188} INFO - [2026-02-20T01:56:14.959+0000] {dagbag.py:538} INFO - Filling up the DagBag from /opt/airflow/dags/US HOLIDAY.xlsx
[2026-02-20T01:56:14.991+0000] {processor.py:842} WARNING - No viable dags retrieved from /opt/airflow/dags/US HOLIDAY.xlsx
[2026-02-20T01:56:15.042+0000] {processor.py:183} INFO - Processing /opt/airflow/dags/US HOLIDAY.xlsx took 0.100 seconds
[2026-02-20T01:56:59.312+0000] {processor.py:161} INFO - Started process (PID=22809) to work on /opt/airflow/dags/US HOLIDAY.xlsx
[2026-02-20T01:56:59.316+0000] {processor.py:830} INFO - Processing file /opt/airflow/dags/US HOLIDAY.xlsx for tasks to queue
[2026-02-20T01:56:59.319+0000] {logging_mixin.py:188} INFO - [2026-02-20T01:56:59.318+0000] {dagbag.py:538} INFO - Filling up the DagBag from /opt/airflow/dags/US HOLIDAY.xlsx
[2026-02-20T01:56:59.337+0000] {processor.py:842} WARNING - No viable dags retrieved from /opt/airflow/dags/US HOLIDAY.xlsx
[2026-02-20T01:56:59.376+0000] {processor.py:183} INFO - Processing /opt/airflow/dags/US HOLIDAY.xlsx took 0.073 seconds
[2026-02-20T01:57:35.531+0000] {processor.py:161} INFO - Started process (PID=22817) to work on /opt/airflow/dags/US HOLIDAY.xlsx
[2026-02-20T01:57:35.532+0000] {processor.py:830} INFO - Processing file /opt/airflow/dags/US HOLIDAY.xlsx for tasks to queue
[2026-02-20T01:57:35.534+0000] {logging_mixin.py:188} INFO - [2026-02-20T01:57:35.533+0000] {dagbag.py:538} INFO - Filling up the DagBag from /opt/airflow/dags/US HOLIDAY.xlsx
[2026-02-20T01:57:35.544+0000] {processor.py:842} WARNING - No viable dags retrieved from /opt/airflow/dags/US HOLIDAY.xlsx
[2026-02-20T01:57:35.563+0000] {processor.py:183} INFO - Processing /opt/airflow/dags/US HOLIDAY.xlsx took 0.036 seconds
[2026-02-20T01:58:12.427+0000] {processor.py:161} INFO - Started process (PID=22825) to work on /opt/airflow/dags/US HOLIDAY.xlsx
[2026-02-20T01:58:12.429+0000] {processor.py:830} INFO - Processing file /opt/airflow/dags/US HOLIDAY.xlsx for tasks to queue
[2026-02-20T01:58:12.434+0000] {logging_mixin.py:188} INFO - [2026-02-20T01:58:12.433+0000] {dagbag.py:538} INFO - Filling up the DagBag from /opt/airflow/dags/US HOLIDAY.xlsx
[2026-02-20T01:58:12.455+0000] {processor.py:842} WARNING - No viable dags retrieved from /opt/airflow/dags/US HOLIDAY.xlsx
[2026-02-20T01:58:12.490+0000] {processor.py:183} INFO - Processing /opt/airflow/dags/US HOLIDAY.xlsx took 0.069 seconds
[2026-02-20T01:58:46.898+0000] {processor.py:161} INFO - Started process (PID=22833) to work on /opt/airflow/dags/US HOLIDAY.xlsx
[2026-02-20T01:58:46.900+0000] {processor.py:830} INFO - Processing file /opt/airflow/dags/US HOLIDAY.xlsx for tasks to queue
[2026-02-20T01:58:46.903+0000] {logging_mixin.py:188} INFO - [2026-02-20T01:58:46.902+0000] {dagbag.py:538} INFO - Filling up the DagBag from /opt/airflow/dags/US HOLIDAY.xlsx
[2026-02-20T01:58:46.917+0000] {processor.py:842} WARNING - No viable dags retrieved from /opt/airflow/dags/US HOLIDAY.xlsx
[2026-02-20T01:58:46.935+0000] {processor.py:183} INFO - Processing /opt/airflow/dags/US HOLIDAY.xlsx took 0.042 seconds
[2026-02-20T01:59:21.338+0000] {processor.py:161} INFO - Started process (PID=22841) to work on /opt/airflow/dags/US HOLIDAY.xlsx
[2026-02-20T01:59:21.340+0000] {processor.py:830} INFO - Processing file /opt/airflow/dags/US HOLIDAY.xlsx for tasks to queue
[2026-02-20T01:59:21.343+0000] {logging_mixin.py:188} INFO - [2026-02-20T01:59:21.342+0000] {dagbag.py:538} INFO - Filling up the DagBag from /opt/airflow/dags/US HOLIDAY.xlsx
[2026-02-20T01:59:21.357+0000] {processor.py:842} WARNING - No viable dags retrieved from /opt/airflow/dags/US HOLIDAY.xlsx
[2026-02-20T01:59:21.376+0000] {processor.py:183} INFO - Processing /opt/airflow/dags/US HOLIDAY.xlsx took 0.044 seconds
[2026-02-20T01:59:55.011+0000] {processor.py:161} INFO - Started process (PID=22849) to work on /opt/airflow/dags/US HOLIDAY.xlsx
[2026-02-20T01:59:55.014+0000] {processor.py:830} INFO - Processing file /opt/airflow/dags/US HOLIDAY.xlsx for tasks to queue
[2026-02-20T01:59:55.017+0000] {logging_mixin.py:188} INFO - [2026-02-20T01:59:55.016+0000] {dagbag.py:538} INFO - Filling up the DagBag from /opt/airflow/dags/US HOLIDAY.xlsx
[2026-02-20T01:59:55.037+0000] {processor.py:842} WARNING - No viable dags retrieved from /opt/airflow/dags/US HOLIDAY.xlsx
[2026-02-20T01:59:55.086+0000] {processor.py:183} INFO - Processing /opt/airflow/dags/US HOLIDAY.xlsx took 0.082 seconds
[2026-02-20T02:00:38.970+0000] {processor.py:161} INFO - Started process (PID=22857) to work on /opt/airflow/dags/US HOLIDAY.xlsx
[2026-02-20T02:00:38.973+0000] {processor.py:830} INFO - Processing file /opt/airflow/dags/US HOLIDAY.xlsx for tasks to queue
[2026-02-20T02:00:38.976+0000] {logging_mixin.py:188} INFO - [2026-02-20T02:00:38.975+0000] {dagbag.py:538} INFO - Filling up the DagBag from /opt/airflow/dags/US HOLIDAY.xlsx
[2026-02-20T02:00:38.991+0000] {processor.py:842} WARNING - No viable dags retrieved from /opt/airflow/dags/US HOLIDAY.xlsx
[2026-02-20T02:00:39.017+0000] {processor.py:183} INFO - Processing /opt/airflow/dags/US HOLIDAY.xlsx took 0.054 seconds
[2026-02-20T02:01:12.547+0000] {processor.py:161} INFO - Started process (PID=22865) to work on /opt/airflow/dags/US HOLIDAY.xlsx
[2026-02-20T02:01:12.559+0000] {processor.py:830} INFO - Processing file /opt/airflow/dags/US HOLIDAY.xlsx for tasks to queue
[2026-02-20T02:01:12.563+0000] {logging_mixin.py:188} INFO - [2026-02-20T02:01:12.562+0000] {dagbag.py:538} INFO - Filling up the DagBag from /opt/airflow/dags/US HOLIDAY.xlsx
[2026-02-20T02:01:12.599+0000] {processor.py:842} WARNING - No viable dags retrieved from /opt/airflow/dags/US HOLIDAY.xlsx
[2026-02-20T02:01:12.635+0000] {processor.py:183} INFO - Processing /opt/airflow/dags/US HOLIDAY.xlsx took 0.095 seconds
[2026-02-20T02:01:53.592+0000] {processor.py:161} INFO - Started process (PID=22873) to work on /opt/airflow/dags/US HOLIDAY.xlsx
[2026-02-20T02:01:53.595+0000] {processor.py:830} INFO - Processing file /opt/airflow/dags/US HOLIDAY.xlsx for tasks to queue
[2026-02-20T02:01:53.602+0000] {logging_mixin.py:188} INFO - [2026-02-20T02:01:53.601+0000] {dagbag.py:538} INFO - Filling up the DagBag from /opt/airflow/dags/US HOLIDAY.xlsx
[2026-02-20T02:01:53.775+0000] {processor.py:842} WARNING - No viable dags retrieved from /opt/airflow/dags/US HOLIDAY.xlsx
[2026-02-20T02:01:53.828+0000] {processor.py:183} INFO - Processing /opt/airflow/dags/US HOLIDAY.xlsx took 0.252 seconds
[2026-02-20T02:02:31.781+0000] {processor.py:161} INFO - Started process (PID=22881) to work on /opt/airflow/dags/US HOLIDAY.xlsx
[2026-02-20T02:02:31.784+0000] {processor.py:830} INFO - Processing file /opt/airflow/dags/US HOLIDAY.xlsx for tasks to queue
[2026-02-20T02:02:31.787+0000] {logging_mixin.py:188} INFO - [2026-02-20T02:02:31.786+0000] {dagbag.py:538} INFO - Filling up the DagBag from /opt/airflow/dags/US HOLIDAY.xlsx
[2026-02-20T02:02:31.821+0000] {processor.py:842} WARNING - No viable dags retrieved from /opt/airflow/dags/US HOLIDAY.xlsx
[2026-02-20T02:02:31.847+0000] {processor.py:183} INFO - Processing /opt/airflow/dags/US HOLIDAY.xlsx took 0.081 seconds
[2026-02-20T02:03:13.693+0000] {processor.py:161} INFO - Started process (PID=22889) to work on /opt/airflow/dags/US HOLIDAY.xlsx
[2026-02-20T02:03:13.695+0000] {processor.py:830} INFO - Processing file /opt/airflow/dags/US HOLIDAY.xlsx for tasks to queue
[2026-02-20T02:03:13.697+0000] {logging_mixin.py:188} INFO - [2026-02-20T02:03:13.696+0000] {dagbag.py:538} INFO - Filling up the DagBag from /opt/airflow/dags/US HOLIDAY.xlsx
[2026-02-20T02:03:13.714+0000] {processor.py:842} WARNING - No viable dags retrieved from /opt/airflow/dags/US HOLIDAY.xlsx
[2026-02-20T02:03:13.755+0000] {processor.py:183} INFO - Processing /opt/airflow/dags/US HOLIDAY.xlsx took 0.072 seconds
[2026-02-20T02:03:47.911+0000] {processor.py:161} INFO - Started process (PID=22897) to work on /opt/airflow/dags/US HOLIDAY.xlsx
[2026-02-20T02:03:47.917+0000] {processor.py:830} INFO - Processing file /opt/airflow/dags/US HOLIDAY.xlsx for tasks to queue
[2026-02-20T02:03:47.920+0000] {logging_mixin.py:188} INFO - [2026-02-20T02:03:47.919+0000] {dagbag.py:538} INFO - Filling up the DagBag from /opt/airflow/dags/US HOLIDAY.xlsx
[2026-02-20T02:03:47.936+0000] {processor.py:842} WARNING - No viable dags retrieved from /opt/airflow/dags/US HOLIDAY.xlsx
[2026-02-20T02:03:47.965+0000] {processor.py:183} INFO - Processing /opt/airflow/dags/US HOLIDAY.xlsx took 0.060 seconds
[2026-02-20T02:04:24.351+0000] {processor.py:161} INFO - Started process (PID=22905) to work on /opt/airflow/dags/US HOLIDAY.xlsx
[2026-02-20T02:04:24.354+0000] {processor.py:830} INFO - Processing file /opt/airflow/dags/US HOLIDAY.xlsx for tasks to queue
[2026-02-20T02:04:24.365+0000] {logging_mixin.py:188} INFO - [2026-02-20T02:04:24.364+0000] {dagbag.py:538} INFO - Filling up the DagBag from /opt/airflow/dags/US HOLIDAY.xlsx
[2026-02-20T02:04:24.386+0000] {processor.py:842} WARNING - No viable dags retrieved from /opt/airflow/dags/US HOLIDAY.xlsx
[2026-02-20T02:04:24.437+0000] {processor.py:183} INFO - Processing /opt/airflow/dags/US HOLIDAY.xlsx took 0.099 seconds
[2026-02-20T02:05:02.822+0000] {processor.py:161} INFO - Started process (PID=22913) to work on /opt/airflow/dags/US HOLIDAY.xlsx
[2026-02-20T02:05:02.825+0000] {processor.py:830} INFO - Processing file /opt/airflow/dags/US HOLIDAY.xlsx for tasks to queue
[2026-02-20T02:05:02.836+0000] {logging_mixin.py:188} INFO - [2026-02-20T02:05:02.835+0000] {dagbag.py:538} INFO - Filling up the DagBag from /opt/airflow/dags/US HOLIDAY.xlsx
[2026-02-20T02:05:02.873+0000] {processor.py:842} WARNING - No viable dags retrieved from /opt/airflow/dags/US HOLIDAY.xlsx
[2026-02-20T02:05:02.910+0000] {processor.py:183} INFO - Processing /opt/airflow/dags/US HOLIDAY.xlsx took 0.095 seconds
[2026-02-20T02:05:40.181+0000] {processor.py:161} INFO - Started process (PID=22921) to work on /opt/airflow/dags/US HOLIDAY.xlsx
[2026-02-20T02:05:40.184+0000] {processor.py:830} INFO - Processing file /opt/airflow/dags/US HOLIDAY.xlsx for tasks to queue
[2026-02-20T02:05:40.186+0000] {logging_mixin.py:188} INFO - [2026-02-20T02:05:40.186+0000] {dagbag.py:538} INFO - Filling up the DagBag from /opt/airflow/dags/US HOLIDAY.xlsx
[2026-02-20T02:05:40.201+0000] {processor.py:842} WARNING - No viable dags retrieved from /opt/airflow/dags/US HOLIDAY.xlsx
[2026-02-20T02:05:40.229+0000] {processor.py:183} INFO - Processing /opt/airflow/dags/US HOLIDAY.xlsx took 0.056 seconds
[2026-02-20T02:06:14.121+0000] {processor.py:161} INFO - Started process (PID=22929) to work on /opt/airflow/dags/US HOLIDAY.xlsx
[2026-02-20T02:06:14.123+0000] {processor.py:830} INFO - Processing file /opt/airflow/dags/US HOLIDAY.xlsx for tasks to queue
[2026-02-20T02:06:14.125+0000] {logging_mixin.py:188} INFO - [2026-02-20T02:06:14.124+0000] {dagbag.py:538} INFO - Filling up the DagBag from /opt/airflow/dags/US HOLIDAY.xlsx
[2026-02-20T02:06:14.140+0000] {processor.py:842} WARNING - No viable dags retrieved from /opt/airflow/dags/US HOLIDAY.xlsx
[2026-02-20T02:06:14.157+0000] {processor.py:183} INFO - Processing /opt/airflow/dags/US HOLIDAY.xlsx took 0.041 seconds
[2026-02-20T02:06:51.925+0000] {processor.py:161} INFO - Started process (PID=22937) to work on /opt/airflow/dags/US HOLIDAY.xlsx
[2026-02-20T02:06:51.927+0000] {processor.py:830} INFO - Processing file /opt/airflow/dags/US HOLIDAY.xlsx for tasks to queue
[2026-02-20T02:06:51.929+0000] {logging_mixin.py:188} INFO - [2026-02-20T02:06:51.928+0000] {dagbag.py:538} INFO - Filling up the DagBag from /opt/airflow/dags/US HOLIDAY.xlsx
[2026-02-20T02:06:51.960+0000] {processor.py:842} WARNING - No viable dags retrieved from /opt/airflow/dags/US HOLIDAY.xlsx
[2026-02-20T02:06:52.008+0000] {processor.py:183} INFO - Processing /opt/airflow/dags/US HOLIDAY.xlsx took 0.090 seconds
[2026-02-20T02:07:29.785+0000] {processor.py:161} INFO - Started process (PID=22945) to work on /opt/airflow/dags/US HOLIDAY.xlsx
[2026-02-20T02:07:29.790+0000] {processor.py:830} INFO - Processing file /opt/airflow/dags/US HOLIDAY.xlsx for tasks to queue
[2026-02-20T02:07:29.792+0000] {logging_mixin.py:188} INFO - [2026-02-20T02:07:29.791+0000] {dagbag.py:538} INFO - Filling up the DagBag from /opt/airflow/dags/US HOLIDAY.xlsx
[2026-02-20T02:07:29.813+0000] {processor.py:842} WARNING - No viable dags retrieved from /opt/airflow/dags/US HOLIDAY.xlsx
[2026-02-20T02:07:29.833+0000] {processor.py:183} INFO - Processing /opt/airflow/dags/US HOLIDAY.xlsx took 0.055 seconds
[2026-02-20T02:08:19.279+0000] {processor.py:161} INFO - Started process (PID=22953) to work on /opt/airflow/dags/US HOLIDAY.xlsx
[2026-02-20T02:08:19.291+0000] {processor.py:830} INFO - Processing file /opt/airflow/dags/US HOLIDAY.xlsx for tasks to queue
[2026-02-20T02:08:19.294+0000] {logging_mixin.py:188} INFO - [2026-02-20T02:08:19.293+0000] {dagbag.py:538} INFO - Filling up the DagBag from /opt/airflow/dags/US HOLIDAY.xlsx
[2026-02-20T02:08:19.315+0000] {processor.py:842} WARNING - No viable dags retrieved from /opt/airflow/dags/US HOLIDAY.xlsx
[2026-02-20T02:08:19.374+0000] {processor.py:183} INFO - Processing /opt/airflow/dags/US HOLIDAY.xlsx took 0.103 seconds
[2026-02-20T02:08:49.881+0000] {processor.py:161} INFO - Started process (PID=22961) to work on /opt/airflow/dags/US HOLIDAY.xlsx
[2026-02-20T02:08:49.885+0000] {processor.py:830} INFO - Processing file /opt/airflow/dags/US HOLIDAY.xlsx for tasks to queue
[2026-02-20T02:08:49.887+0000] {logging_mixin.py:188} INFO - [2026-02-20T02:08:49.886+0000] {dagbag.py:538} INFO - Filling up the DagBag from /opt/airflow/dags/US HOLIDAY.xlsx
[2026-02-20T02:08:49.909+0000] {processor.py:842} WARNING - No viable dags retrieved from /opt/airflow/dags/US HOLIDAY.xlsx
[2026-02-20T02:08:49.939+0000] {processor.py:183} INFO - Processing /opt/airflow/dags/US HOLIDAY.xlsx took 0.065 seconds
[2026-02-20T02:09:20.964+0000] {processor.py:161} INFO - Started process (PID=22969) to work on /opt/airflow/dags/US HOLIDAY.xlsx
[2026-02-20T02:09:20.966+0000] {processor.py:830} INFO - Processing file /opt/airflow/dags/US HOLIDAY.xlsx for tasks to queue
[2026-02-20T02:09:20.967+0000] {logging_mixin.py:188} INFO - [2026-02-20T02:09:20.967+0000] {dagbag.py:538} INFO - Filling up the DagBag from /opt/airflow/dags/US HOLIDAY.xlsx
[2026-02-20T02:09:20.980+0000] {processor.py:842} WARNING - No viable dags retrieved from /opt/airflow/dags/US HOLIDAY.xlsx
[2026-02-20T02:09:21.008+0000] {processor.py:183} INFO - Processing /opt/airflow/dags/US HOLIDAY.xlsx took 0.049 seconds
[2026-02-20T02:09:54.564+0000] {processor.py:161} INFO - Started process (PID=22977) to work on /opt/airflow/dags/US HOLIDAY.xlsx
[2026-02-20T02:09:54.572+0000] {processor.py:830} INFO - Processing file /opt/airflow/dags/US HOLIDAY.xlsx for tasks to queue
[2026-02-20T02:09:54.574+0000] {logging_mixin.py:188} INFO - [2026-02-20T02:09:54.574+0000] {dagbag.py:538} INFO - Filling up the DagBag from /opt/airflow/dags/US HOLIDAY.xlsx
[2026-02-20T02:09:54.591+0000] {processor.py:842} WARNING - No viable dags retrieved from /opt/airflow/dags/US HOLIDAY.xlsx
[2026-02-20T02:09:54.627+0000] {processor.py:183} INFO - Processing /opt/airflow/dags/US HOLIDAY.xlsx took 0.079 seconds
[2026-02-20T02:10:55.071+0000] {processor.py:161} INFO - Started process (PID=22985) to work on /opt/airflow/dags/US HOLIDAY.xlsx
[2026-02-20T02:10:55.084+0000] {processor.py:830} INFO - Processing file /opt/airflow/dags/US HOLIDAY.xlsx for tasks to queue
[2026-02-20T02:10:55.087+0000] {logging_mixin.py:188} INFO - [2026-02-20T02:10:55.086+0000] {dagbag.py:538} INFO - Filling up the DagBag from /opt/airflow/dags/US HOLIDAY.xlsx
[2026-02-20T02:10:55.113+0000] {processor.py:842} WARNING - No viable dags retrieved from /opt/airflow/dags/US HOLIDAY.xlsx
[2026-02-20T02:10:55.165+0000] {processor.py:183} INFO - Processing /opt/airflow/dags/US HOLIDAY.xlsx took 0.101 seconds
[2026-02-20T02:11:31.067+0000] {processor.py:161} INFO - Started process (PID=22993) to work on /opt/airflow/dags/US HOLIDAY.xlsx
[2026-02-20T02:11:31.072+0000] {processor.py:830} INFO - Processing file /opt/airflow/dags/US HOLIDAY.xlsx for tasks to queue
[2026-02-20T02:11:31.075+0000] {logging_mixin.py:188} INFO - [2026-02-20T02:11:31.074+0000] {dagbag.py:538} INFO - Filling up the DagBag from /opt/airflow/dags/US HOLIDAY.xlsx
[2026-02-20T02:11:31.096+0000] {processor.py:842} WARNING - No viable dags retrieved from /opt/airflow/dags/US HOLIDAY.xlsx
[2026-02-20T02:11:31.135+0000] {processor.py:183} INFO - Processing /opt/airflow/dags/US HOLIDAY.xlsx took 0.076 seconds
[2026-02-20T02:12:16.616+0000] {processor.py:161} INFO - Started process (PID=23001) to work on /opt/airflow/dags/US HOLIDAY.xlsx
[2026-02-20T02:12:16.619+0000] {processor.py:830} INFO - Processing file /opt/airflow/dags/US HOLIDAY.xlsx for tasks to queue
[2026-02-20T02:12:16.630+0000] {logging_mixin.py:188} INFO - [2026-02-20T02:12:16.620+0000] {dagbag.py:538} INFO - Filling up the DagBag from /opt/airflow/dags/US HOLIDAY.xlsx
[2026-02-20T02:12:16.652+0000] {processor.py:842} WARNING - No viable dags retrieved from /opt/airflow/dags/US HOLIDAY.xlsx
[2026-02-20T02:12:16.712+0000] {processor.py:183} INFO - Processing /opt/airflow/dags/US HOLIDAY.xlsx took 0.115 seconds
[2026-02-20T02:12:56.027+0000] {processor.py:161} INFO - Started process (PID=23009) to work on /opt/airflow/dags/US HOLIDAY.xlsx
[2026-02-20T02:12:56.029+0000] {processor.py:830} INFO - Processing file /opt/airflow/dags/US HOLIDAY.xlsx for tasks to queue
[2026-02-20T02:12:56.030+0000] {logging_mixin.py:188} INFO - [2026-02-20T02:12:56.030+0000] {dagbag.py:538} INFO - Filling up the DagBag from /opt/airflow/dags/US HOLIDAY.xlsx
[2026-02-20T02:12:56.046+0000] {processor.py:842} WARNING - No viable dags retrieved from /opt/airflow/dags/US HOLIDAY.xlsx
[2026-02-20T02:12:56.071+0000] {processor.py:183} INFO - Processing /opt/airflow/dags/US HOLIDAY.xlsx took 0.048 seconds
[2026-02-20T02:14:07.157+0000] {processor.py:161} INFO - Started process (PID=23017) to work on /opt/airflow/dags/US HOLIDAY.xlsx
[2026-02-20T02:14:07.164+0000] {processor.py:830} INFO - Processing file /opt/airflow/dags/US HOLIDAY.xlsx for tasks to queue
[2026-02-20T02:14:07.167+0000] {logging_mixin.py:188} INFO - [2026-02-20T02:14:07.166+0000] {dagbag.py:538} INFO - Filling up the DagBag from /opt/airflow/dags/US HOLIDAY.xlsx
[2026-02-20T02:14:07.192+0000] {processor.py:842} WARNING - No viable dags retrieved from /opt/airflow/dags/US HOLIDAY.xlsx
[2026-02-20T02:14:07.240+0000] {processor.py:183} INFO - Processing /opt/airflow/dags/US HOLIDAY.xlsx took 0.099 seconds
[2026-02-20T02:14:49.240+0000] {processor.py:161} INFO - Started process (PID=23025) to work on /opt/airflow/dags/US HOLIDAY.xlsx
[2026-02-20T02:14:49.243+0000] {processor.py:830} INFO - Processing file /opt/airflow/dags/US HOLIDAY.xlsx for tasks to queue
[2026-02-20T02:14:49.246+0000] {logging_mixin.py:188} INFO - [2026-02-20T02:14:49.245+0000] {dagbag.py:538} INFO - Filling up the DagBag from /opt/airflow/dags/US HOLIDAY.xlsx
[2026-02-20T02:14:49.321+0000] {processor.py:842} WARNING - No viable dags retrieved from /opt/airflow/dags/US HOLIDAY.xlsx
[2026-02-20T02:14:49.354+0000] {processor.py:183} INFO - Processing /opt/airflow/dags/US HOLIDAY.xlsx took 0.120 seconds
[2026-02-20T02:15:27.653+0000] {processor.py:161} INFO - Started process (PID=23033) to work on /opt/airflow/dags/US HOLIDAY.xlsx
[2026-02-20T02:15:27.663+0000] {processor.py:830} INFO - Processing file /opt/airflow/dags/US HOLIDAY.xlsx for tasks to queue
[2026-02-20T02:15:27.669+0000] {logging_mixin.py:188} INFO - [2026-02-20T02:15:27.668+0000] {dagbag.py:538} INFO - Filling up the DagBag from /opt/airflow/dags/US HOLIDAY.xlsx
[2026-02-20T02:15:28.017+0000] {processor.py:842} WARNING - No viable dags retrieved from /opt/airflow/dags/US HOLIDAY.xlsx
[2026-02-20T02:15:28.072+0000] {processor.py:183} INFO - Processing /opt/airflow/dags/US HOLIDAY.xlsx took 0.427 seconds
[2026-02-20T04:49:40.353+0000] {processor.py:161} INFO - Started process (PID=67) to work on /opt/airflow/dags/US HOLIDAY.xlsx
[2026-02-20T04:49:40.358+0000] {processor.py:830} INFO - Processing file /opt/airflow/dags/US HOLIDAY.xlsx for tasks to queue
[2026-02-20T04:49:40.360+0000] {logging_mixin.py:188} INFO - [2026-02-20T04:49:40.359+0000] {dagbag.py:538} INFO - Filling up the DagBag from /opt/airflow/dags/US HOLIDAY.xlsx
[2026-02-20T04:49:40.375+0000] {processor.py:842} WARNING - No viable dags retrieved from /opt/airflow/dags/US HOLIDAY.xlsx
[2026-02-20T04:49:40.397+0000] {processor.py:183} INFO - Processing /opt/airflow/dags/US HOLIDAY.xlsx took 0.049 seconds
[2026-02-20T04:50:14.221+0000] {processor.py:161} INFO - Started process (PID=75) to work on /opt/airflow/dags/US HOLIDAY.xlsx
[2026-02-20T04:50:14.223+0000] {processor.py:830} INFO - Processing file /opt/airflow/dags/US HOLIDAY.xlsx for tasks to queue
[2026-02-20T04:50:14.225+0000] {logging_mixin.py:188} INFO - [2026-02-20T04:50:14.224+0000] {dagbag.py:538} INFO - Filling up the DagBag from /opt/airflow/dags/US HOLIDAY.xlsx
[2026-02-20T04:50:14.242+0000] {processor.py:842} WARNING - No viable dags retrieved from /opt/airflow/dags/US HOLIDAY.xlsx
[2026-02-20T04:50:14.257+0000] {processor.py:183} INFO - Processing /opt/airflow/dags/US HOLIDAY.xlsx took 0.039 seconds
[2026-02-20T04:50:47.687+0000] {processor.py:161} INFO - Started process (PID=83) to work on /opt/airflow/dags/US HOLIDAY.xlsx
[2026-02-20T04:50:47.690+0000] {processor.py:830} INFO - Processing file /opt/airflow/dags/US HOLIDAY.xlsx for tasks to queue
[2026-02-20T04:50:47.692+0000] {logging_mixin.py:188} INFO - [2026-02-20T04:50:47.692+0000] {dagbag.py:538} INFO - Filling up the DagBag from /opt/airflow/dags/US HOLIDAY.xlsx
[2026-02-20T04:50:47.706+0000] {processor.py:842} WARNING - No viable dags retrieved from /opt/airflow/dags/US HOLIDAY.xlsx
[2026-02-20T04:50:47.733+0000] {processor.py:183} INFO - Processing /opt/airflow/dags/US HOLIDAY.xlsx took 0.058 seconds
[2026-02-20T04:51:20.524+0000] {processor.py:161} INFO - Started process (PID=91) to work on /opt/airflow/dags/US HOLIDAY.xlsx
[2026-02-20T04:51:20.525+0000] {processor.py:830} INFO - Processing file /opt/airflow/dags/US HOLIDAY.xlsx for tasks to queue
[2026-02-20T04:51:20.527+0000] {logging_mixin.py:188} INFO - [2026-02-20T04:51:20.526+0000] {dagbag.py:538} INFO - Filling up the DagBag from /opt/airflow/dags/US HOLIDAY.xlsx
[2026-02-20T04:51:20.537+0000] {processor.py:842} WARNING - No viable dags retrieved from /opt/airflow/dags/US HOLIDAY.xlsx
[2026-02-20T04:51:20.551+0000] {processor.py:183} INFO - Processing /opt/airflow/dags/US HOLIDAY.xlsx took 0.030 seconds
[2026-02-20T04:51:53.789+0000] {processor.py:161} INFO - Started process (PID=99) to work on /opt/airflow/dags/US HOLIDAY.xlsx
[2026-02-20T04:51:53.790+0000] {processor.py:830} INFO - Processing file /opt/airflow/dags/US HOLIDAY.xlsx for tasks to queue
[2026-02-20T04:51:53.792+0000] {logging_mixin.py:188} INFO - [2026-02-20T04:51:53.792+0000] {dagbag.py:538} INFO - Filling up the DagBag from /opt/airflow/dags/US HOLIDAY.xlsx
[2026-02-20T04:51:53.808+0000] {processor.py:842} WARNING - No viable dags retrieved from /opt/airflow/dags/US HOLIDAY.xlsx
[2026-02-20T04:51:53.832+0000] {processor.py:183} INFO - Processing /opt/airflow/dags/US HOLIDAY.xlsx took 0.049 seconds
[2026-02-20T04:52:28.211+0000] {processor.py:161} INFO - Started process (PID=107) to work on /opt/airflow/dags/US HOLIDAY.xlsx
[2026-02-20T04:52:28.213+0000] {processor.py:830} INFO - Processing file /opt/airflow/dags/US HOLIDAY.xlsx for tasks to queue
[2026-02-20T04:52:28.214+0000] {logging_mixin.py:188} INFO - [2026-02-20T04:52:28.214+0000] {dagbag.py:538} INFO - Filling up the DagBag from /opt/airflow/dags/US HOLIDAY.xlsx
[2026-02-20T04:52:28.226+0000] {processor.py:842} WARNING - No viable dags retrieved from /opt/airflow/dags/US HOLIDAY.xlsx
[2026-02-20T04:52:28.241+0000] {processor.py:183} INFO - Processing /opt/airflow/dags/US HOLIDAY.xlsx took 0.035 seconds
[2026-02-20T04:53:01.027+0000] {processor.py:161} INFO - Started process (PID=115) to work on /opt/airflow/dags/US HOLIDAY.xlsx
[2026-02-20T04:53:01.028+0000] {processor.py:830} INFO - Processing file /opt/airflow/dags/US HOLIDAY.xlsx for tasks to queue
[2026-02-20T04:53:01.029+0000] {logging_mixin.py:188} INFO - [2026-02-20T04:53:01.029+0000] {dagbag.py:538} INFO - Filling up the DagBag from /opt/airflow/dags/US HOLIDAY.xlsx
[2026-02-20T04:53:01.041+0000] {processor.py:842} WARNING - No viable dags retrieved from /opt/airflow/dags/US HOLIDAY.xlsx
[2026-02-20T04:53:01.054+0000] {processor.py:183} INFO - Processing /opt/airflow/dags/US HOLIDAY.xlsx took 0.031 seconds
[2026-02-20T04:53:35.947+0000] {processor.py:161} INFO - Started process (PID=123) to work on /opt/airflow/dags/US HOLIDAY.xlsx
[2026-02-20T04:53:35.949+0000] {processor.py:830} INFO - Processing file /opt/airflow/dags/US HOLIDAY.xlsx for tasks to queue
[2026-02-20T04:53:35.954+0000] {logging_mixin.py:188} INFO - [2026-02-20T04:53:35.951+0000] {dagbag.py:538} INFO - Filling up the DagBag from /opt/airflow/dags/US HOLIDAY.xlsx
[2026-02-20T04:53:35.975+0000] {processor.py:842} WARNING - No viable dags retrieved from /opt/airflow/dags/US HOLIDAY.xlsx
[2026-02-20T04:53:36.000+0000] {processor.py:183} INFO - Processing /opt/airflow/dags/US HOLIDAY.xlsx took 0.059 seconds
[2026-02-20T04:54:10.496+0000] {processor.py:161} INFO - Started process (PID=131) to work on /opt/airflow/dags/US HOLIDAY.xlsx
[2026-02-20T04:54:10.497+0000] {processor.py:830} INFO - Processing file /opt/airflow/dags/US HOLIDAY.xlsx for tasks to queue
[2026-02-20T04:54:10.499+0000] {logging_mixin.py:188} INFO - [2026-02-20T04:54:10.498+0000] {dagbag.py:538} INFO - Filling up the DagBag from /opt/airflow/dags/US HOLIDAY.xlsx
[2026-02-20T04:54:10.512+0000] {processor.py:842} WARNING - No viable dags retrieved from /opt/airflow/dags/US HOLIDAY.xlsx
[2026-02-20T04:54:10.524+0000] {processor.py:183} INFO - Processing /opt/airflow/dags/US HOLIDAY.xlsx took 0.032 seconds
[2026-02-20T04:54:44.265+0000] {processor.py:161} INFO - Started process (PID=139) to work on /opt/airflow/dags/US HOLIDAY.xlsx
[2026-02-20T04:54:44.267+0000] {processor.py:830} INFO - Processing file /opt/airflow/dags/US HOLIDAY.xlsx for tasks to queue
[2026-02-20T04:54:44.269+0000] {logging_mixin.py:188} INFO - [2026-02-20T04:54:44.268+0000] {dagbag.py:538} INFO - Filling up the DagBag from /opt/airflow/dags/US HOLIDAY.xlsx
[2026-02-20T04:54:44.280+0000] {processor.py:842} WARNING - No viable dags retrieved from /opt/airflow/dags/US HOLIDAY.xlsx
[2026-02-20T04:54:44.296+0000] {processor.py:183} INFO - Processing /opt/airflow/dags/US HOLIDAY.xlsx took 0.034 seconds
[2026-02-20T04:55:17.930+0000] {processor.py:161} INFO - Started process (PID=147) to work on /opt/airflow/dags/US HOLIDAY.xlsx
[2026-02-20T04:55:17.931+0000] {processor.py:830} INFO - Processing file /opt/airflow/dags/US HOLIDAY.xlsx for tasks to queue
[2026-02-20T04:55:17.933+0000] {logging_mixin.py:188} INFO - [2026-02-20T04:55:17.932+0000] {dagbag.py:538} INFO - Filling up the DagBag from /opt/airflow/dags/US HOLIDAY.xlsx
[2026-02-20T04:55:17.944+0000] {processor.py:842} WARNING - No viable dags retrieved from /opt/airflow/dags/US HOLIDAY.xlsx
[2026-02-20T04:55:17.955+0000] {processor.py:183} INFO - Processing /opt/airflow/dags/US HOLIDAY.xlsx took 0.029 seconds
[2026-02-20T04:55:51.075+0000] {processor.py:161} INFO - Started process (PID=155) to work on /opt/airflow/dags/US HOLIDAY.xlsx
[2026-02-20T04:55:51.077+0000] {processor.py:830} INFO - Processing file /opt/airflow/dags/US HOLIDAY.xlsx for tasks to queue
[2026-02-20T04:55:51.079+0000] {logging_mixin.py:188} INFO - [2026-02-20T04:55:51.078+0000] {dagbag.py:538} INFO - Filling up the DagBag from /opt/airflow/dags/US HOLIDAY.xlsx
[2026-02-20T04:55:51.090+0000] {processor.py:842} WARNING - No viable dags retrieved from /opt/airflow/dags/US HOLIDAY.xlsx
[2026-02-20T04:55:51.104+0000] {processor.py:183} INFO - Processing /opt/airflow/dags/US HOLIDAY.xlsx took 0.033 seconds
[2026-02-20T04:56:24.317+0000] {processor.py:161} INFO - Started process (PID=163) to work on /opt/airflow/dags/US HOLIDAY.xlsx
[2026-02-20T04:56:24.319+0000] {processor.py:830} INFO - Processing file /opt/airflow/dags/US HOLIDAY.xlsx for tasks to queue
[2026-02-20T04:56:24.321+0000] {logging_mixin.py:188} INFO - [2026-02-20T04:56:24.320+0000] {dagbag.py:538} INFO - Filling up the DagBag from /opt/airflow/dags/US HOLIDAY.xlsx
[2026-02-20T04:56:24.335+0000] {processor.py:842} WARNING - No viable dags retrieved from /opt/airflow/dags/US HOLIDAY.xlsx
[2026-02-20T04:56:24.356+0000] {processor.py:183} INFO - Processing /opt/airflow/dags/US HOLIDAY.xlsx took 0.043 seconds
[2026-02-20T04:56:58.578+0000] {processor.py:161} INFO - Started process (PID=171) to work on /opt/airflow/dags/US HOLIDAY.xlsx
[2026-02-20T04:56:58.580+0000] {processor.py:830} INFO - Processing file /opt/airflow/dags/US HOLIDAY.xlsx for tasks to queue
[2026-02-20T04:56:58.582+0000] {logging_mixin.py:188} INFO - [2026-02-20T04:56:58.581+0000] {dagbag.py:538} INFO - Filling up the DagBag from /opt/airflow/dags/US HOLIDAY.xlsx
[2026-02-20T04:56:58.595+0000] {processor.py:842} WARNING - No viable dags retrieved from /opt/airflow/dags/US HOLIDAY.xlsx
[2026-02-20T04:56:58.614+0000] {processor.py:183} INFO - Processing /opt/airflow/dags/US HOLIDAY.xlsx took 0.041 seconds
[2026-02-20T04:57:31.895+0000] {processor.py:161} INFO - Started process (PID=179) to work on /opt/airflow/dags/US HOLIDAY.xlsx
[2026-02-20T04:57:31.896+0000] {processor.py:830} INFO - Processing file /opt/airflow/dags/US HOLIDAY.xlsx for tasks to queue
[2026-02-20T04:57:31.898+0000] {logging_mixin.py:188} INFO - [2026-02-20T04:57:31.898+0000] {dagbag.py:538} INFO - Filling up the DagBag from /opt/airflow/dags/US HOLIDAY.xlsx
[2026-02-20T04:57:31.910+0000] {processor.py:842} WARNING - No viable dags retrieved from /opt/airflow/dags/US HOLIDAY.xlsx
[2026-02-20T04:57:31.925+0000] {processor.py:183} INFO - Processing /opt/airflow/dags/US HOLIDAY.xlsx took 0.034 seconds
[2026-02-20T04:58:10.933+0000] {processor.py:161} INFO - Started process (PID=187) to work on /opt/airflow/dags/US HOLIDAY.xlsx
[2026-02-20T04:58:10.935+0000] {processor.py:830} INFO - Processing file /opt/airflow/dags/US HOLIDAY.xlsx for tasks to queue
[2026-02-20T04:58:10.936+0000] {logging_mixin.py:188} INFO - [2026-02-20T04:58:10.936+0000] {dagbag.py:538} INFO - Filling up the DagBag from /opt/airflow/dags/US HOLIDAY.xlsx
[2026-02-20T04:58:10.946+0000] {processor.py:842} WARNING - No viable dags retrieved from /opt/airflow/dags/US HOLIDAY.xlsx
[2026-02-20T04:58:10.961+0000] {processor.py:183} INFO - Processing /opt/airflow/dags/US HOLIDAY.xlsx took 0.033 seconds
[2026-02-20T04:58:44.923+0000] {processor.py:161} INFO - Started process (PID=195) to work on /opt/airflow/dags/US HOLIDAY.xlsx
[2026-02-20T04:58:44.941+0000] {processor.py:830} INFO - Processing file /opt/airflow/dags/US HOLIDAY.xlsx for tasks to queue
[2026-02-20T04:58:44.944+0000] {logging_mixin.py:188} INFO - [2026-02-20T04:58:44.943+0000] {dagbag.py:538} INFO - Filling up the DagBag from /opt/airflow/dags/US HOLIDAY.xlsx
[2026-02-20T04:58:44.962+0000] {processor.py:842} WARNING - No viable dags retrieved from /opt/airflow/dags/US HOLIDAY.xlsx
[2026-02-20T04:58:45.015+0000] {processor.py:183} INFO - Processing /opt/airflow/dags/US HOLIDAY.xlsx took 0.099 seconds
[2026-02-20T04:59:18.353+0000] {processor.py:161} INFO - Started process (PID=203) to work on /opt/airflow/dags/US HOLIDAY.xlsx
[2026-02-20T04:59:18.354+0000] {processor.py:830} INFO - Processing file /opt/airflow/dags/US HOLIDAY.xlsx for tasks to queue
[2026-02-20T04:59:18.356+0000] {logging_mixin.py:188} INFO - [2026-02-20T04:59:18.355+0000] {dagbag.py:538} INFO - Filling up the DagBag from /opt/airflow/dags/US HOLIDAY.xlsx
[2026-02-20T04:59:18.366+0000] {processor.py:842} WARNING - No viable dags retrieved from /opt/airflow/dags/US HOLIDAY.xlsx
[2026-02-20T04:59:18.381+0000] {processor.py:183} INFO - Processing /opt/airflow/dags/US HOLIDAY.xlsx took 0.032 seconds
[2026-02-20T04:59:59.644+0000] {processor.py:161} INFO - Started process (PID=211) to work on /opt/airflow/dags/US HOLIDAY.xlsx
[2026-02-20T04:59:59.646+0000] {processor.py:830} INFO - Processing file /opt/airflow/dags/US HOLIDAY.xlsx for tasks to queue
[2026-02-20T04:59:59.647+0000] {logging_mixin.py:188} INFO - [2026-02-20T04:59:59.647+0000] {dagbag.py:538} INFO - Filling up the DagBag from /opt/airflow/dags/US HOLIDAY.xlsx
[2026-02-20T04:59:59.660+0000] {processor.py:842} WARNING - No viable dags retrieved from /opt/airflow/dags/US HOLIDAY.xlsx
[2026-02-20T04:59:59.675+0000] {processor.py:183} INFO - Processing /opt/airflow/dags/US HOLIDAY.xlsx took 0.035 seconds
[2026-02-20T05:00:33.315+0000] {processor.py:161} INFO - Started process (PID=219) to work on /opt/airflow/dags/US HOLIDAY.xlsx
[2026-02-20T05:00:33.317+0000] {processor.py:830} INFO - Processing file /opt/airflow/dags/US HOLIDAY.xlsx for tasks to queue
[2026-02-20T05:00:33.318+0000] {logging_mixin.py:188} INFO - [2026-02-20T05:00:33.318+0000] {dagbag.py:538} INFO - Filling up the DagBag from /opt/airflow/dags/US HOLIDAY.xlsx
[2026-02-20T05:00:33.334+0000] {processor.py:842} WARNING - No viable dags retrieved from /opt/airflow/dags/US HOLIDAY.xlsx
[2026-02-20T05:00:33.351+0000] {processor.py:183} INFO - Processing /opt/airflow/dags/US HOLIDAY.xlsx took 0.042 seconds
[2026-02-20T05:01:08.409+0000] {processor.py:161} INFO - Started process (PID=227) to work on /opt/airflow/dags/US HOLIDAY.xlsx
[2026-02-20T05:01:08.411+0000] {processor.py:830} INFO - Processing file /opt/airflow/dags/US HOLIDAY.xlsx for tasks to queue
[2026-02-20T05:01:08.412+0000] {logging_mixin.py:188} INFO - [2026-02-20T05:01:08.412+0000] {dagbag.py:538} INFO - Filling up the DagBag from /opt/airflow/dags/US HOLIDAY.xlsx
[2026-02-20T05:01:08.429+0000] {processor.py:842} WARNING - No viable dags retrieved from /opt/airflow/dags/US HOLIDAY.xlsx
[2026-02-20T05:01:08.447+0000] {processor.py:183} INFO - Processing /opt/airflow/dags/US HOLIDAY.xlsx took 0.043 seconds
[2026-02-20T05:01:41.214+0000] {processor.py:161} INFO - Started process (PID=235) to work on /opt/airflow/dags/US HOLIDAY.xlsx
[2026-02-20T05:01:41.215+0000] {processor.py:830} INFO - Processing file /opt/airflow/dags/US HOLIDAY.xlsx for tasks to queue
[2026-02-20T05:01:41.217+0000] {logging_mixin.py:188} INFO - [2026-02-20T05:01:41.216+0000] {dagbag.py:538} INFO - Filling up the DagBag from /opt/airflow/dags/US HOLIDAY.xlsx
[2026-02-20T05:01:41.227+0000] {processor.py:842} WARNING - No viable dags retrieved from /opt/airflow/dags/US HOLIDAY.xlsx
[2026-02-20T05:01:41.239+0000] {processor.py:183} INFO - Processing /opt/airflow/dags/US HOLIDAY.xlsx took 0.029 seconds
[2026-02-20T05:02:16.871+0000] {processor.py:161} INFO - Started process (PID=243) to work on /opt/airflow/dags/US HOLIDAY.xlsx
[2026-02-20T05:02:16.872+0000] {processor.py:830} INFO - Processing file /opt/airflow/dags/US HOLIDAY.xlsx for tasks to queue
[2026-02-20T05:02:16.874+0000] {logging_mixin.py:188} INFO - [2026-02-20T05:02:16.873+0000] {dagbag.py:538} INFO - Filling up the DagBag from /opt/airflow/dags/US HOLIDAY.xlsx
[2026-02-20T05:02:16.884+0000] {processor.py:842} WARNING - No viable dags retrieved from /opt/airflow/dags/US HOLIDAY.xlsx
[2026-02-20T05:02:16.896+0000] {processor.py:183} INFO - Processing /opt/airflow/dags/US HOLIDAY.xlsx took 0.028 seconds
[2026-02-20T05:02:50.680+0000] {processor.py:161} INFO - Started process (PID=251) to work on /opt/airflow/dags/US HOLIDAY.xlsx
[2026-02-20T05:02:50.682+0000] {processor.py:830} INFO - Processing file /opt/airflow/dags/US HOLIDAY.xlsx for tasks to queue
[2026-02-20T05:02:50.684+0000] {logging_mixin.py:188} INFO - [2026-02-20T05:02:50.684+0000] {dagbag.py:538} INFO - Filling up the DagBag from /opt/airflow/dags/US HOLIDAY.xlsx
[2026-02-20T05:02:50.693+0000] {processor.py:842} WARNING - No viable dags retrieved from /opt/airflow/dags/US HOLIDAY.xlsx
[2026-02-20T05:02:50.708+0000] {processor.py:183} INFO - Processing /opt/airflow/dags/US HOLIDAY.xlsx took 0.031 seconds
[2026-02-20T05:03:24.433+0000] {processor.py:161} INFO - Started process (PID=259) to work on /opt/airflow/dags/US HOLIDAY.xlsx
[2026-02-20T05:03:24.434+0000] {processor.py:830} INFO - Processing file /opt/airflow/dags/US HOLIDAY.xlsx for tasks to queue
[2026-02-20T05:03:24.436+0000] {logging_mixin.py:188} INFO - [2026-02-20T05:03:24.435+0000] {dagbag.py:538} INFO - Filling up the DagBag from /opt/airflow/dags/US HOLIDAY.xlsx
[2026-02-20T05:03:24.446+0000] {processor.py:842} WARNING - No viable dags retrieved from /opt/airflow/dags/US HOLIDAY.xlsx
[2026-02-20T05:03:24.457+0000] {processor.py:183} INFO - Processing /opt/airflow/dags/US HOLIDAY.xlsx took 0.028 seconds
[2026-02-20T05:03:58.176+0000] {processor.py:161} INFO - Started process (PID=267) to work on /opt/airflow/dags/US HOLIDAY.xlsx
[2026-02-20T05:03:58.179+0000] {processor.py:830} INFO - Processing file /opt/airflow/dags/US HOLIDAY.xlsx for tasks to queue
[2026-02-20T05:03:58.181+0000] {logging_mixin.py:188} INFO - [2026-02-20T05:03:58.180+0000] {dagbag.py:538} INFO - Filling up the DagBag from /opt/airflow/dags/US HOLIDAY.xlsx
[2026-02-20T05:03:58.193+0000] {processor.py:842} WARNING - No viable dags retrieved from /opt/airflow/dags/US HOLIDAY.xlsx
[2026-02-20T05:03:58.208+0000] {processor.py:183} INFO - Processing /opt/airflow/dags/US HOLIDAY.xlsx took 0.037 seconds
[2026-02-20T05:04:31.402+0000] {processor.py:161} INFO - Started process (PID=275) to work on /opt/airflow/dags/US HOLIDAY.xlsx
[2026-02-20T05:04:31.404+0000] {processor.py:830} INFO - Processing file /opt/airflow/dags/US HOLIDAY.xlsx for tasks to queue
[2026-02-20T05:04:31.405+0000] {logging_mixin.py:188} INFO - [2026-02-20T05:04:31.405+0000] {dagbag.py:538} INFO - Filling up the DagBag from /opt/airflow/dags/US HOLIDAY.xlsx
[2026-02-20T05:04:31.416+0000] {processor.py:842} WARNING - No viable dags retrieved from /opt/airflow/dags/US HOLIDAY.xlsx
[2026-02-20T05:04:31.432+0000] {processor.py:183} INFO - Processing /opt/airflow/dags/US HOLIDAY.xlsx took 0.036 seconds
[2026-02-20T05:05:05.147+0000] {processor.py:161} INFO - Started process (PID=283) to work on /opt/airflow/dags/US HOLIDAY.xlsx
[2026-02-20T05:05:05.148+0000] {processor.py:830} INFO - Processing file /opt/airflow/dags/US HOLIDAY.xlsx for tasks to queue
[2026-02-20T05:05:05.150+0000] {logging_mixin.py:188} INFO - [2026-02-20T05:05:05.149+0000] {dagbag.py:538} INFO - Filling up the DagBag from /opt/airflow/dags/US HOLIDAY.xlsx
[2026-02-20T05:05:05.173+0000] {processor.py:842} WARNING - No viable dags retrieved from /opt/airflow/dags/US HOLIDAY.xlsx
[2026-02-20T05:05:05.185+0000] {processor.py:183} INFO - Processing /opt/airflow/dags/US HOLIDAY.xlsx took 0.042 seconds
[2026-02-20T05:05:38.359+0000] {processor.py:161} INFO - Started process (PID=291) to work on /opt/airflow/dags/US HOLIDAY.xlsx
[2026-02-20T05:05:38.360+0000] {processor.py:830} INFO - Processing file /opt/airflow/dags/US HOLIDAY.xlsx for tasks to queue
[2026-02-20T05:05:38.362+0000] {logging_mixin.py:188} INFO - [2026-02-20T05:05:38.362+0000] {dagbag.py:538} INFO - Filling up the DagBag from /opt/airflow/dags/US HOLIDAY.xlsx
[2026-02-20T05:05:38.375+0000] {processor.py:842} WARNING - No viable dags retrieved from /opt/airflow/dags/US HOLIDAY.xlsx
[2026-02-20T05:05:38.387+0000] {processor.py:183} INFO - Processing /opt/airflow/dags/US HOLIDAY.xlsx took 0.033 seconds
