[2026-02-20T01:43:37.776+0000] {processor.py:161} INFO - Started process (PID=22650) to work on /opt/airflow/dags/US SALES.xlsx
[2026-02-20T01:43:37.778+0000] {processor.py:830} INFO - Processing file /opt/airflow/dags/US SALES.xlsx for tasks to queue
[2026-02-20T01:43:37.780+0000] {logging_mixin.py:188} INFO - [2026-02-20T01:43:37.779+0000] {dagbag.py:538} INFO - Filling up the DagBag from /opt/airflow/dags/US SALES.xlsx
[2026-02-20T01:43:37.806+0000] {processor.py:842} WARNING - No viable dags retrieved from /opt/airflow/dags/US SALES.xlsx
[2026-02-20T01:43:37.857+0000] {processor.py:183} INFO - Processing /opt/airflow/dags/US SALES.xlsx took 0.095 seconds
[2026-02-20T01:44:18.394+0000] {processor.py:161} INFO - Started process (PID=22658) to work on /opt/airflow/dags/US SALES.xlsx
[2026-02-20T01:44:18.397+0000] {processor.py:830} INFO - Processing file /opt/airflow/dags/US SALES.xlsx for tasks to queue
[2026-02-20T01:44:18.399+0000] {logging_mixin.py:188} INFO - [2026-02-20T01:44:18.398+0000] {dagbag.py:538} INFO - Filling up the DagBag from /opt/airflow/dags/US SALES.xlsx
[2026-02-20T01:44:18.444+0000] {processor.py:842} WARNING - No viable dags retrieved from /opt/airflow/dags/US SALES.xlsx
[2026-02-20T01:44:18.471+0000] {processor.py:183} INFO - Processing /opt/airflow/dags/US SALES.xlsx took 0.086 seconds
[2026-02-20T01:45:10.695+0000] {processor.py:161} INFO - Started process (PID=22666) to work on /opt/airflow/dags/US SALES.xlsx
[2026-02-20T01:45:10.698+0000] {processor.py:830} INFO - Processing file /opt/airflow/dags/US SALES.xlsx for tasks to queue
[2026-02-20T01:45:10.707+0000] {logging_mixin.py:188} INFO - [2026-02-20T01:45:10.706+0000] {dagbag.py:538} INFO - Filling up the DagBag from /opt/airflow/dags/US SALES.xlsx
[2026-02-20T01:45:10.728+0000] {processor.py:842} WARNING - No viable dags retrieved from /opt/airflow/dags/US SALES.xlsx
[2026-02-20T01:45:10.774+0000] {processor.py:183} INFO - Processing /opt/airflow/dags/US SALES.xlsx took 0.084 seconds
[2026-02-20T01:45:56.422+0000] {processor.py:161} INFO - Started process (PID=22674) to work on /opt/airflow/dags/US SALES.xlsx
[2026-02-20T01:45:56.433+0000] {processor.py:830} INFO - Processing file /opt/airflow/dags/US SALES.xlsx for tasks to queue
[2026-02-20T01:45:56.439+0000] {logging_mixin.py:188} INFO - [2026-02-20T01:45:56.438+0000] {dagbag.py:538} INFO - Filling up the DagBag from /opt/airflow/dags/US SALES.xlsx
[2026-02-20T01:45:56.624+0000] {processor.py:842} WARNING - No viable dags retrieved from /opt/airflow/dags/US SALES.xlsx
[2026-02-20T01:45:56.668+0000] {processor.py:183} INFO - Processing /opt/airflow/dags/US SALES.xlsx took 0.252 seconds
[2026-02-20T01:46:32.488+0000] {processor.py:161} INFO - Started process (PID=22682) to work on /opt/airflow/dags/US SALES.xlsx
[2026-02-20T01:46:32.490+0000] {processor.py:830} INFO - Processing file /opt/airflow/dags/US SALES.xlsx for tasks to queue
[2026-02-20T01:46:32.493+0000] {logging_mixin.py:188} INFO - [2026-02-20T01:46:32.492+0000] {dagbag.py:538} INFO - Filling up the DagBag from /opt/airflow/dags/US SALES.xlsx
[2026-02-20T01:46:32.516+0000] {processor.py:842} WARNING - No viable dags retrieved from /opt/airflow/dags/US SALES.xlsx
[2026-02-20T01:46:32.569+0000] {processor.py:183} INFO - Processing /opt/airflow/dags/US SALES.xlsx took 0.096 seconds
[2026-02-20T01:47:09.429+0000] {processor.py:161} INFO - Started process (PID=22690) to work on /opt/airflow/dags/US SALES.xlsx
[2026-02-20T01:47:09.432+0000] {processor.py:830} INFO - Processing file /opt/airflow/dags/US SALES.xlsx for tasks to queue
[2026-02-20T01:47:09.435+0000] {logging_mixin.py:188} INFO - [2026-02-20T01:47:09.434+0000] {dagbag.py:538} INFO - Filling up the DagBag from /opt/airflow/dags/US SALES.xlsx
[2026-02-20T01:47:09.451+0000] {processor.py:842} WARNING - No viable dags retrieved from /opt/airflow/dags/US SALES.xlsx
[2026-02-20T01:47:09.492+0000] {processor.py:183} INFO - Processing /opt/airflow/dags/US SALES.xlsx took 0.073 seconds
[2026-02-20T01:47:44.053+0000] {processor.py:161} INFO - Started process (PID=22698) to work on /opt/airflow/dags/US SALES.xlsx
[2026-02-20T01:47:44.055+0000] {processor.py:830} INFO - Processing file /opt/airflow/dags/US SALES.xlsx for tasks to queue
[2026-02-20T01:47:44.058+0000] {logging_mixin.py:188} INFO - [2026-02-20T01:47:44.057+0000] {dagbag.py:538} INFO - Filling up the DagBag from /opt/airflow/dags/US SALES.xlsx
[2026-02-20T01:47:44.073+0000] {processor.py:842} WARNING - No viable dags retrieved from /opt/airflow/dags/US SALES.xlsx
[2026-02-20T01:47:44.101+0000] {processor.py:183} INFO - Processing /opt/airflow/dags/US SALES.xlsx took 0.056 seconds
[2026-02-20T01:48:21.941+0000] {processor.py:161} INFO - Started process (PID=22706) to work on /opt/airflow/dags/US SALES.xlsx
[2026-02-20T01:48:21.946+0000] {processor.py:830} INFO - Processing file /opt/airflow/dags/US SALES.xlsx for tasks to queue
[2026-02-20T01:48:21.949+0000] {logging_mixin.py:188} INFO - [2026-02-20T01:48:21.948+0000] {dagbag.py:538} INFO - Filling up the DagBag from /opt/airflow/dags/US SALES.xlsx
[2026-02-20T01:48:21.971+0000] {processor.py:842} WARNING - No viable dags retrieved from /opt/airflow/dags/US SALES.xlsx
[2026-02-20T01:48:22.012+0000] {processor.py:183} INFO - Processing /opt/airflow/dags/US SALES.xlsx took 0.081 seconds
[2026-02-20T01:49:03.537+0000] {processor.py:161} INFO - Started process (PID=22714) to work on /opt/airflow/dags/US SALES.xlsx
[2026-02-20T01:49:03.540+0000] {processor.py:830} INFO - Processing file /opt/airflow/dags/US SALES.xlsx for tasks to queue
[2026-02-20T01:49:03.542+0000] {logging_mixin.py:188} INFO - [2026-02-20T01:49:03.541+0000] {dagbag.py:538} INFO - Filling up the DagBag from /opt/airflow/dags/US SALES.xlsx
[2026-02-20T01:49:03.565+0000] {processor.py:842} WARNING - No viable dags retrieved from /opt/airflow/dags/US SALES.xlsx
[2026-02-20T01:49:03.622+0000] {processor.py:183} INFO - Processing /opt/airflow/dags/US SALES.xlsx took 0.101 seconds
[2026-02-20T01:49:45.395+0000] {processor.py:161} INFO - Started process (PID=22722) to work on /opt/airflow/dags/US SALES.xlsx
[2026-02-20T01:49:45.397+0000] {processor.py:830} INFO - Processing file /opt/airflow/dags/US SALES.xlsx for tasks to queue
[2026-02-20T01:49:45.400+0000] {logging_mixin.py:188} INFO - [2026-02-20T01:49:45.399+0000] {dagbag.py:538} INFO - Filling up the DagBag from /opt/airflow/dags/US SALES.xlsx
[2026-02-20T01:49:45.422+0000] {processor.py:842} WARNING - No viable dags retrieved from /opt/airflow/dags/US SALES.xlsx
[2026-02-20T01:49:45.466+0000] {processor.py:183} INFO - Processing /opt/airflow/dags/US SALES.xlsx took 0.079 seconds
[2026-02-20T01:50:19.031+0000] {processor.py:161} INFO - Started process (PID=22730) to work on /opt/airflow/dags/US SALES.xlsx
[2026-02-20T01:50:19.033+0000] {processor.py:830} INFO - Processing file /opt/airflow/dags/US SALES.xlsx for tasks to queue
[2026-02-20T01:50:19.035+0000] {logging_mixin.py:188} INFO - [2026-02-20T01:50:19.034+0000] {dagbag.py:538} INFO - Filling up the DagBag from /opt/airflow/dags/US SALES.xlsx
[2026-02-20T01:50:19.049+0000] {processor.py:842} WARNING - No viable dags retrieved from /opt/airflow/dags/US SALES.xlsx
[2026-02-20T01:50:19.067+0000] {processor.py:183} INFO - Processing /opt/airflow/dags/US SALES.xlsx took 0.040 seconds
[2026-02-20T01:50:53.955+0000] {processor.py:161} INFO - Started process (PID=22738) to work on /opt/airflow/dags/US SALES.xlsx
[2026-02-20T01:50:53.957+0000] {processor.py:830} INFO - Processing file /opt/airflow/dags/US SALES.xlsx for tasks to queue
[2026-02-20T01:50:53.961+0000] {logging_mixin.py:188} INFO - [2026-02-20T01:50:53.960+0000] {dagbag.py:538} INFO - Filling up the DagBag from /opt/airflow/dags/US SALES.xlsx
[2026-02-20T01:50:54.013+0000] {processor.py:842} WARNING - No viable dags retrieved from /opt/airflow/dags/US SALES.xlsx
[2026-02-20T01:50:54.040+0000] {processor.py:183} INFO - Processing /opt/airflow/dags/US SALES.xlsx took 0.090 seconds
[2026-02-20T01:51:31.288+0000] {processor.py:161} INFO - Started process (PID=22746) to work on /opt/airflow/dags/US SALES.xlsx
[2026-02-20T01:51:31.290+0000] {processor.py:830} INFO - Processing file /opt/airflow/dags/US SALES.xlsx for tasks to queue
[2026-02-20T01:51:31.292+0000] {logging_mixin.py:188} INFO - [2026-02-20T01:51:31.292+0000] {dagbag.py:538} INFO - Filling up the DagBag from /opt/airflow/dags/US SALES.xlsx
[2026-02-20T01:51:31.310+0000] {processor.py:842} WARNING - No viable dags retrieved from /opt/airflow/dags/US SALES.xlsx
[2026-02-20T01:51:31.331+0000] {processor.py:183} INFO - Processing /opt/airflow/dags/US SALES.xlsx took 0.049 seconds
[2026-02-20T01:52:22.686+0000] {processor.py:161} INFO - Started process (PID=22754) to work on /opt/airflow/dags/US SALES.xlsx
[2026-02-20T01:52:22.688+0000] {processor.py:830} INFO - Processing file /opt/airflow/dags/US SALES.xlsx for tasks to queue
[2026-02-20T01:52:22.691+0000] {logging_mixin.py:188} INFO - [2026-02-20T01:52:22.690+0000] {dagbag.py:538} INFO - Filling up the DagBag from /opt/airflow/dags/US SALES.xlsx
[2026-02-20T01:52:22.712+0000] {processor.py:842} WARNING - No viable dags retrieved from /opt/airflow/dags/US SALES.xlsx
[2026-02-20T01:52:22.750+0000] {processor.py:183} INFO - Processing /opt/airflow/dags/US SALES.xlsx took 0.070 seconds
[2026-02-20T01:52:57.067+0000] {processor.py:161} INFO - Started process (PID=22762) to work on /opt/airflow/dags/US SALES.xlsx
[2026-02-20T01:52:57.069+0000] {processor.py:830} INFO - Processing file /opt/airflow/dags/US SALES.xlsx for tasks to queue
[2026-02-20T01:52:57.075+0000] {logging_mixin.py:188} INFO - [2026-02-20T01:52:57.070+0000] {dagbag.py:538} INFO - Filling up the DagBag from /opt/airflow/dags/US SALES.xlsx
[2026-02-20T01:52:57.093+0000] {processor.py:842} WARNING - No viable dags retrieved from /opt/airflow/dags/US SALES.xlsx
[2026-02-20T01:52:57.110+0000] {processor.py:183} INFO - Processing /opt/airflow/dags/US SALES.xlsx took 0.047 seconds
[2026-02-20T01:53:37.422+0000] {processor.py:161} INFO - Started process (PID=22770) to work on /opt/airflow/dags/US SALES.xlsx
[2026-02-20T01:53:37.425+0000] {processor.py:830} INFO - Processing file /opt/airflow/dags/US SALES.xlsx for tasks to queue
[2026-02-20T01:53:37.433+0000] {logging_mixin.py:188} INFO - [2026-02-20T01:53:37.432+0000] {dagbag.py:538} INFO - Filling up the DagBag from /opt/airflow/dags/US SALES.xlsx
[2026-02-20T01:53:37.453+0000] {processor.py:842} WARNING - No viable dags retrieved from /opt/airflow/dags/US SALES.xlsx
[2026-02-20T01:53:37.479+0000] {processor.py:183} INFO - Processing /opt/airflow/dags/US SALES.xlsx took 0.063 seconds
[2026-02-20T01:54:14.066+0000] {processor.py:161} INFO - Started process (PID=22778) to work on /opt/airflow/dags/US SALES.xlsx
[2026-02-20T01:54:14.069+0000] {processor.py:830} INFO - Processing file /opt/airflow/dags/US SALES.xlsx for tasks to queue
[2026-02-20T01:54:14.071+0000] {logging_mixin.py:188} INFO - [2026-02-20T01:54:14.071+0000] {dagbag.py:538} INFO - Filling up the DagBag from /opt/airflow/dags/US SALES.xlsx
[2026-02-20T01:54:14.087+0000] {processor.py:842} WARNING - No viable dags retrieved from /opt/airflow/dags/US SALES.xlsx
[2026-02-20T01:54:14.110+0000] {processor.py:183} INFO - Processing /opt/airflow/dags/US SALES.xlsx took 0.050 seconds
[2026-02-20T01:54:57.332+0000] {processor.py:161} INFO - Started process (PID=22786) to work on /opt/airflow/dags/US SALES.xlsx
[2026-02-20T01:54:57.335+0000] {processor.py:830} INFO - Processing file /opt/airflow/dags/US SALES.xlsx for tasks to queue
[2026-02-20T01:54:57.338+0000] {logging_mixin.py:188} INFO - [2026-02-20T01:54:57.337+0000] {dagbag.py:538} INFO - Filling up the DagBag from /opt/airflow/dags/US SALES.xlsx
[2026-02-20T01:54:57.359+0000] {processor.py:842} WARNING - No viable dags retrieved from /opt/airflow/dags/US SALES.xlsx
[2026-02-20T01:54:57.391+0000] {processor.py:183} INFO - Processing /opt/airflow/dags/US SALES.xlsx took 0.069 seconds
[2026-02-20T01:55:28.190+0000] {processor.py:161} INFO - Started process (PID=22794) to work on /opt/airflow/dags/US SALES.xlsx
[2026-02-20T01:55:28.194+0000] {processor.py:830} INFO - Processing file /opt/airflow/dags/US SALES.xlsx for tasks to queue
[2026-02-20T01:55:28.197+0000] {logging_mixin.py:188} INFO - [2026-02-20T01:55:28.196+0000] {dagbag.py:538} INFO - Filling up the DagBag from /opt/airflow/dags/US SALES.xlsx
[2026-02-20T01:55:28.221+0000] {processor.py:842} WARNING - No viable dags retrieved from /opt/airflow/dags/US SALES.xlsx
[2026-02-20T01:55:28.266+0000] {processor.py:183} INFO - Processing /opt/airflow/dags/US SALES.xlsx took 0.088 seconds
[2026-02-20T01:56:16.333+0000] {processor.py:161} INFO - Started process (PID=22802) to work on /opt/airflow/dags/US SALES.xlsx
[2026-02-20T01:56:16.336+0000] {processor.py:830} INFO - Processing file /opt/airflow/dags/US SALES.xlsx for tasks to queue
[2026-02-20T01:56:16.347+0000] {logging_mixin.py:188} INFO - [2026-02-20T01:56:16.346+0000] {dagbag.py:538} INFO - Filling up the DagBag from /opt/airflow/dags/US SALES.xlsx
[2026-02-20T01:56:16.371+0000] {processor.py:842} WARNING - No viable dags retrieved from /opt/airflow/dags/US SALES.xlsx
[2026-02-20T01:56:16.422+0000] {processor.py:183} INFO - Processing /opt/airflow/dags/US SALES.xlsx took 0.105 seconds
[2026-02-20T01:57:00.535+0000] {processor.py:161} INFO - Started process (PID=22810) to work on /opt/airflow/dags/US SALES.xlsx
[2026-02-20T01:57:00.537+0000] {processor.py:830} INFO - Processing file /opt/airflow/dags/US SALES.xlsx for tasks to queue
[2026-02-20T01:57:00.539+0000] {logging_mixin.py:188} INFO - [2026-02-20T01:57:00.538+0000] {dagbag.py:538} INFO - Filling up the DagBag from /opt/airflow/dags/US SALES.xlsx
[2026-02-20T01:57:00.552+0000] {processor.py:842} WARNING - No viable dags retrieved from /opt/airflow/dags/US SALES.xlsx
[2026-02-20T01:57:00.570+0000] {processor.py:183} INFO - Processing /opt/airflow/dags/US SALES.xlsx took 0.039 seconds
[2026-02-20T01:57:36.754+0000] {processor.py:161} INFO - Started process (PID=22818) to work on /opt/airflow/dags/US SALES.xlsx
[2026-02-20T01:57:36.756+0000] {processor.py:830} INFO - Processing file /opt/airflow/dags/US SALES.xlsx for tasks to queue
[2026-02-20T01:57:36.759+0000] {logging_mixin.py:188} INFO - [2026-02-20T01:57:36.758+0000] {dagbag.py:538} INFO - Filling up the DagBag from /opt/airflow/dags/US SALES.xlsx
[2026-02-20T01:57:36.775+0000] {processor.py:842} WARNING - No viable dags retrieved from /opt/airflow/dags/US SALES.xlsx
[2026-02-20T01:57:36.801+0000] {processor.py:183} INFO - Processing /opt/airflow/dags/US SALES.xlsx took 0.054 seconds
[2026-02-20T01:58:13.604+0000] {processor.py:161} INFO - Started process (PID=22826) to work on /opt/airflow/dags/US SALES.xlsx
[2026-02-20T01:58:13.606+0000] {processor.py:830} INFO - Processing file /opt/airflow/dags/US SALES.xlsx for tasks to queue
[2026-02-20T01:58:13.608+0000] {logging_mixin.py:188} INFO - [2026-02-20T01:58:13.608+0000] {dagbag.py:538} INFO - Filling up the DagBag from /opt/airflow/dags/US SALES.xlsx
[2026-02-20T01:58:13.621+0000] {processor.py:842} WARNING - No viable dags retrieved from /opt/airflow/dags/US SALES.xlsx
[2026-02-20T01:58:13.639+0000] {processor.py:183} INFO - Processing /opt/airflow/dags/US SALES.xlsx took 0.041 seconds
[2026-02-20T01:58:48.085+0000] {processor.py:161} INFO - Started process (PID=22834) to work on /opt/airflow/dags/US SALES.xlsx
[2026-02-20T01:58:48.087+0000] {processor.py:830} INFO - Processing file /opt/airflow/dags/US SALES.xlsx for tasks to queue
[2026-02-20T01:58:48.088+0000] {logging_mixin.py:188} INFO - [2026-02-20T01:58:48.088+0000] {dagbag.py:538} INFO - Filling up the DagBag from /opt/airflow/dags/US SALES.xlsx
[2026-02-20T01:58:48.100+0000] {processor.py:842} WARNING - No viable dags retrieved from /opt/airflow/dags/US SALES.xlsx
[2026-02-20T01:58:48.117+0000] {processor.py:183} INFO - Processing /opt/airflow/dags/US SALES.xlsx took 0.036 seconds
[2026-02-20T01:59:22.504+0000] {processor.py:161} INFO - Started process (PID=22842) to work on /opt/airflow/dags/US SALES.xlsx
[2026-02-20T01:59:22.506+0000] {processor.py:830} INFO - Processing file /opt/airflow/dags/US SALES.xlsx for tasks to queue
[2026-02-20T01:59:22.508+0000] {logging_mixin.py:188} INFO - [2026-02-20T01:59:22.507+0000] {dagbag.py:538} INFO - Filling up the DagBag from /opt/airflow/dags/US SALES.xlsx
[2026-02-20T01:59:22.519+0000] {processor.py:842} WARNING - No viable dags retrieved from /opt/airflow/dags/US SALES.xlsx
[2026-02-20T01:59:22.539+0000] {processor.py:183} INFO - Processing /opt/airflow/dags/US SALES.xlsx took 0.039 seconds
[2026-02-20T01:59:56.339+0000] {processor.py:161} INFO - Started process (PID=22850) to work on /opt/airflow/dags/US SALES.xlsx
[2026-02-20T01:59:56.341+0000] {processor.py:830} INFO - Processing file /opt/airflow/dags/US SALES.xlsx for tasks to queue
[2026-02-20T01:59:56.343+0000] {logging_mixin.py:188} INFO - [2026-02-20T01:59:56.342+0000] {dagbag.py:538} INFO - Filling up the DagBag from /opt/airflow/dags/US SALES.xlsx
[2026-02-20T01:59:56.358+0000] {processor.py:842} WARNING - No viable dags retrieved from /opt/airflow/dags/US SALES.xlsx
[2026-02-20T01:59:56.380+0000] {processor.py:183} INFO - Processing /opt/airflow/dags/US SALES.xlsx took 0.048 seconds
[2026-02-20T02:00:40.191+0000] {processor.py:161} INFO - Started process (PID=22858) to work on /opt/airflow/dags/US SALES.xlsx
[2026-02-20T02:00:40.205+0000] {processor.py:830} INFO - Processing file /opt/airflow/dags/US SALES.xlsx for tasks to queue
[2026-02-20T02:00:40.208+0000] {logging_mixin.py:188} INFO - [2026-02-20T02:00:40.207+0000] {dagbag.py:538} INFO - Filling up the DagBag from /opt/airflow/dags/US SALES.xlsx
[2026-02-20T02:00:40.230+0000] {processor.py:842} WARNING - No viable dags retrieved from /opt/airflow/dags/US SALES.xlsx
[2026-02-20T02:00:40.286+0000] {processor.py:183} INFO - Processing /opt/airflow/dags/US SALES.xlsx took 0.105 seconds
[2026-02-20T02:01:13.833+0000] {processor.py:161} INFO - Started process (PID=22866) to work on /opt/airflow/dags/US SALES.xlsx
[2026-02-20T02:01:13.835+0000] {processor.py:830} INFO - Processing file /opt/airflow/dags/US SALES.xlsx for tasks to queue
[2026-02-20T02:01:13.836+0000] {logging_mixin.py:188} INFO - [2026-02-20T02:01:13.836+0000] {dagbag.py:538} INFO - Filling up the DagBag from /opt/airflow/dags/US SALES.xlsx
[2026-02-20T02:01:13.849+0000] {processor.py:842} WARNING - No viable dags retrieved from /opt/airflow/dags/US SALES.xlsx
[2026-02-20T02:01:13.868+0000] {processor.py:183} INFO - Processing /opt/airflow/dags/US SALES.xlsx took 0.039 seconds
[2026-02-20T02:01:55.734+0000] {processor.py:161} INFO - Started process (PID=22874) to work on /opt/airflow/dags/US SALES.xlsx
[2026-02-20T02:01:55.738+0000] {processor.py:830} INFO - Processing file /opt/airflow/dags/US SALES.xlsx for tasks to queue
[2026-02-20T02:01:55.748+0000] {logging_mixin.py:188} INFO - [2026-02-20T02:01:55.747+0000] {dagbag.py:538} INFO - Filling up the DagBag from /opt/airflow/dags/US SALES.xlsx
[2026-02-20T02:01:55.854+0000] {processor.py:842} WARNING - No viable dags retrieved from /opt/airflow/dags/US SALES.xlsx
[2026-02-20T02:01:55.909+0000] {processor.py:183} INFO - Processing /opt/airflow/dags/US SALES.xlsx took 0.182 seconds
[2026-02-20T02:02:33.137+0000] {processor.py:161} INFO - Started process (PID=22882) to work on /opt/airflow/dags/US SALES.xlsx
[2026-02-20T02:02:33.139+0000] {processor.py:830} INFO - Processing file /opt/airflow/dags/US SALES.xlsx for tasks to queue
[2026-02-20T02:02:33.145+0000] {logging_mixin.py:188} INFO - [2026-02-20T02:02:33.144+0000] {dagbag.py:538} INFO - Filling up the DagBag from /opt/airflow/dags/US SALES.xlsx
[2026-02-20T02:02:33.165+0000] {processor.py:842} WARNING - No viable dags retrieved from /opt/airflow/dags/US SALES.xlsx
[2026-02-20T02:02:33.197+0000] {processor.py:183} INFO - Processing /opt/airflow/dags/US SALES.xlsx took 0.072 seconds
[2026-02-20T02:03:14.963+0000] {processor.py:161} INFO - Started process (PID=22890) to work on /opt/airflow/dags/US SALES.xlsx
[2026-02-20T02:03:14.965+0000] {processor.py:830} INFO - Processing file /opt/airflow/dags/US SALES.xlsx for tasks to queue
[2026-02-20T02:03:14.967+0000] {logging_mixin.py:188} INFO - [2026-02-20T02:03:14.966+0000] {dagbag.py:538} INFO - Filling up the DagBag from /opt/airflow/dags/US SALES.xlsx
[2026-02-20T02:03:14.984+0000] {processor.py:842} WARNING - No viable dags retrieved from /opt/airflow/dags/US SALES.xlsx
[2026-02-20T02:03:15.028+0000] {processor.py:183} INFO - Processing /opt/airflow/dags/US SALES.xlsx took 0.078 seconds
[2026-02-20T02:03:49.174+0000] {processor.py:161} INFO - Started process (PID=22898) to work on /opt/airflow/dags/US SALES.xlsx
[2026-02-20T02:03:49.186+0000] {processor.py:830} INFO - Processing file /opt/airflow/dags/US SALES.xlsx for tasks to queue
[2026-02-20T02:03:49.189+0000] {logging_mixin.py:188} INFO - [2026-02-20T02:03:49.188+0000] {dagbag.py:538} INFO - Filling up the DagBag from /opt/airflow/dags/US SALES.xlsx
[2026-02-20T02:03:49.219+0000] {processor.py:842} WARNING - No viable dags retrieved from /opt/airflow/dags/US SALES.xlsx
[2026-02-20T02:03:49.262+0000] {processor.py:183} INFO - Processing /opt/airflow/dags/US SALES.xlsx took 0.095 seconds
[2026-02-20T02:04:25.627+0000] {processor.py:161} INFO - Started process (PID=22906) to work on /opt/airflow/dags/US SALES.xlsx
[2026-02-20T02:04:25.629+0000] {processor.py:830} INFO - Processing file /opt/airflow/dags/US SALES.xlsx for tasks to queue
[2026-02-20T02:04:25.631+0000] {logging_mixin.py:188} INFO - [2026-02-20T02:04:25.630+0000] {dagbag.py:538} INFO - Filling up the DagBag from /opt/airflow/dags/US SALES.xlsx
[2026-02-20T02:04:25.651+0000] {processor.py:842} WARNING - No viable dags retrieved from /opt/airflow/dags/US SALES.xlsx
[2026-02-20T02:04:25.675+0000] {processor.py:183} INFO - Processing /opt/airflow/dags/US SALES.xlsx took 0.053 seconds
[2026-02-20T02:05:04.188+0000] {processor.py:161} INFO - Started process (PID=22914) to work on /opt/airflow/dags/US SALES.xlsx
[2026-02-20T02:05:04.190+0000] {processor.py:830} INFO - Processing file /opt/airflow/dags/US SALES.xlsx for tasks to queue
[2026-02-20T02:05:04.192+0000] {logging_mixin.py:188} INFO - [2026-02-20T02:05:04.191+0000] {dagbag.py:538} INFO - Filling up the DagBag from /opt/airflow/dags/US SALES.xlsx
[2026-02-20T02:05:04.208+0000] {processor.py:842} WARNING - No viable dags retrieved from /opt/airflow/dags/US SALES.xlsx
[2026-02-20T02:05:04.239+0000] {processor.py:183} INFO - Processing /opt/airflow/dags/US SALES.xlsx took 0.057 seconds
[2026-02-20T02:05:41.390+0000] {processor.py:161} INFO - Started process (PID=22922) to work on /opt/airflow/dags/US SALES.xlsx
[2026-02-20T02:05:41.393+0000] {processor.py:830} INFO - Processing file /opt/airflow/dags/US SALES.xlsx for tasks to queue
[2026-02-20T02:05:41.398+0000] {logging_mixin.py:188} INFO - [2026-02-20T02:05:41.397+0000] {dagbag.py:538} INFO - Filling up the DagBag from /opt/airflow/dags/US SALES.xlsx
[2026-02-20T02:05:41.430+0000] {processor.py:842} WARNING - No viable dags retrieved from /opt/airflow/dags/US SALES.xlsx
[2026-02-20T02:05:41.474+0000] {processor.py:183} INFO - Processing /opt/airflow/dags/US SALES.xlsx took 0.091 seconds
[2026-02-20T02:06:15.293+0000] {processor.py:161} INFO - Started process (PID=22930) to work on /opt/airflow/dags/US SALES.xlsx
[2026-02-20T02:06:15.295+0000] {processor.py:830} INFO - Processing file /opt/airflow/dags/US SALES.xlsx for tasks to queue
[2026-02-20T02:06:15.297+0000] {logging_mixin.py:188} INFO - [2026-02-20T02:06:15.296+0000] {dagbag.py:538} INFO - Filling up the DagBag from /opt/airflow/dags/US SALES.xlsx
[2026-02-20T02:06:15.310+0000] {processor.py:842} WARNING - No viable dags retrieved from /opt/airflow/dags/US SALES.xlsx
[2026-02-20T02:06:15.326+0000] {processor.py:183} INFO - Processing /opt/airflow/dags/US SALES.xlsx took 0.037 seconds
[2026-02-20T02:06:53.966+0000] {processor.py:161} INFO - Started process (PID=22938) to work on /opt/airflow/dags/US SALES.xlsx
[2026-02-20T02:06:53.982+0000] {processor.py:830} INFO - Processing file /opt/airflow/dags/US SALES.xlsx for tasks to queue
[2026-02-20T02:06:54.004+0000] {logging_mixin.py:188} INFO - [2026-02-20T02:06:54.003+0000] {dagbag.py:538} INFO - Filling up the DagBag from /opt/airflow/dags/US SALES.xlsx
[2026-02-20T02:06:54.777+0000] {processor.py:842} WARNING - No viable dags retrieved from /opt/airflow/dags/US SALES.xlsx
[2026-02-20T02:06:54.821+0000] {processor.py:183} INFO - Processing /opt/airflow/dags/US SALES.xlsx took 0.861 seconds
[2026-02-20T02:07:31.151+0000] {processor.py:161} INFO - Started process (PID=22946) to work on /opt/airflow/dags/US SALES.xlsx
[2026-02-20T02:07:31.153+0000] {processor.py:830} INFO - Processing file /opt/airflow/dags/US SALES.xlsx for tasks to queue
[2026-02-20T02:07:31.156+0000] {logging_mixin.py:188} INFO - [2026-02-20T02:07:31.155+0000] {dagbag.py:538} INFO - Filling up the DagBag from /opt/airflow/dags/US SALES.xlsx
[2026-02-20T02:07:31.186+0000] {processor.py:842} WARNING - No viable dags retrieved from /opt/airflow/dags/US SALES.xlsx
[2026-02-20T02:07:31.228+0000] {processor.py:183} INFO - Processing /opt/airflow/dags/US SALES.xlsx took 0.094 seconds
[2026-02-20T02:08:21.247+0000] {processor.py:161} INFO - Started process (PID=22954) to work on /opt/airflow/dags/US SALES.xlsx
[2026-02-20T02:08:21.253+0000] {processor.py:830} INFO - Processing file /opt/airflow/dags/US SALES.xlsx for tasks to queue
[2026-02-20T02:08:21.260+0000] {logging_mixin.py:188} INFO - [2026-02-20T02:08:21.259+0000] {dagbag.py:538} INFO - Filling up the DagBag from /opt/airflow/dags/US SALES.xlsx
[2026-02-20T02:08:21.333+0000] {processor.py:842} WARNING - No viable dags retrieved from /opt/airflow/dags/US SALES.xlsx
[2026-02-20T02:08:21.380+0000] {processor.py:183} INFO - Processing /opt/airflow/dags/US SALES.xlsx took 0.139 seconds
[2026-02-20T02:08:52.446+0000] {processor.py:161} INFO - Started process (PID=22962) to work on /opt/airflow/dags/US SALES.xlsx
[2026-02-20T02:08:52.465+0000] {processor.py:830} INFO - Processing file /opt/airflow/dags/US SALES.xlsx for tasks to queue
[2026-02-20T02:08:52.469+0000] {logging_mixin.py:188} INFO - [2026-02-20T02:08:52.468+0000] {dagbag.py:538} INFO - Filling up the DagBag from /opt/airflow/dags/US SALES.xlsx
[2026-02-20T02:08:52.488+0000] {processor.py:842} WARNING - No viable dags retrieved from /opt/airflow/dags/US SALES.xlsx
[2026-02-20T02:08:52.514+0000] {processor.py:183} INFO - Processing /opt/airflow/dags/US SALES.xlsx took 0.075 seconds
[2026-02-20T02:09:23.374+0000] {processor.py:161} INFO - Started process (PID=22970) to work on /opt/airflow/dags/US SALES.xlsx
[2026-02-20T02:09:23.376+0000] {processor.py:830} INFO - Processing file /opt/airflow/dags/US SALES.xlsx for tasks to queue
[2026-02-20T02:09:23.379+0000] {logging_mixin.py:188} INFO - [2026-02-20T02:09:23.378+0000] {dagbag.py:538} INFO - Filling up the DagBag from /opt/airflow/dags/US SALES.xlsx
[2026-02-20T02:09:23.429+0000] {processor.py:842} WARNING - No viable dags retrieved from /opt/airflow/dags/US SALES.xlsx
[2026-02-20T02:09:23.462+0000] {processor.py:183} INFO - Processing /opt/airflow/dags/US SALES.xlsx took 0.103 seconds
[2026-02-20T02:09:55.813+0000] {processor.py:161} INFO - Started process (PID=22978) to work on /opt/airflow/dags/US SALES.xlsx
[2026-02-20T02:09:55.815+0000] {processor.py:830} INFO - Processing file /opt/airflow/dags/US SALES.xlsx for tasks to queue
[2026-02-20T02:09:55.817+0000] {logging_mixin.py:188} INFO - [2026-02-20T02:09:55.816+0000] {dagbag.py:538} INFO - Filling up the DagBag from /opt/airflow/dags/US SALES.xlsx
[2026-02-20T02:09:55.830+0000] {processor.py:842} WARNING - No viable dags retrieved from /opt/airflow/dags/US SALES.xlsx
[2026-02-20T02:09:55.848+0000] {processor.py:183} INFO - Processing /opt/airflow/dags/US SALES.xlsx took 0.040 seconds
[2026-02-20T02:10:56.471+0000] {processor.py:161} INFO - Started process (PID=22986) to work on /opt/airflow/dags/US SALES.xlsx
[2026-02-20T02:10:56.474+0000] {processor.py:830} INFO - Processing file /opt/airflow/dags/US SALES.xlsx for tasks to queue
[2026-02-20T02:10:56.482+0000] {logging_mixin.py:188} INFO - [2026-02-20T02:10:56.476+0000] {dagbag.py:538} INFO - Filling up the DagBag from /opt/airflow/dags/US SALES.xlsx
[2026-02-20T02:10:56.501+0000] {processor.py:842} WARNING - No viable dags retrieved from /opt/airflow/dags/US SALES.xlsx
[2026-02-20T02:10:56.540+0000] {processor.py:183} INFO - Processing /opt/airflow/dags/US SALES.xlsx took 0.086 seconds
[2026-02-20T02:11:32.356+0000] {processor.py:161} INFO - Started process (PID=22994) to work on /opt/airflow/dags/US SALES.xlsx
[2026-02-20T02:11:32.358+0000] {processor.py:830} INFO - Processing file /opt/airflow/dags/US SALES.xlsx for tasks to queue
[2026-02-20T02:11:32.360+0000] {logging_mixin.py:188} INFO - [2026-02-20T02:11:32.359+0000] {dagbag.py:538} INFO - Filling up the DagBag from /opt/airflow/dags/US SALES.xlsx
[2026-02-20T02:11:32.380+0000] {processor.py:842} WARNING - No viable dags retrieved from /opt/airflow/dags/US SALES.xlsx
[2026-02-20T02:11:32.409+0000] {processor.py:183} INFO - Processing /opt/airflow/dags/US SALES.xlsx took 0.063 seconds
[2026-02-20T02:12:18.043+0000] {processor.py:161} INFO - Started process (PID=23002) to work on /opt/airflow/dags/US SALES.xlsx
[2026-02-20T02:12:18.054+0000] {processor.py:830} INFO - Processing file /opt/airflow/dags/US SALES.xlsx for tasks to queue
[2026-02-20T02:12:18.062+0000] {logging_mixin.py:188} INFO - [2026-02-20T02:12:18.061+0000] {dagbag.py:538} INFO - Filling up the DagBag from /opt/airflow/dags/US SALES.xlsx
[2026-02-20T02:12:18.304+0000] {processor.py:842} WARNING - No viable dags retrieved from /opt/airflow/dags/US SALES.xlsx
[2026-02-20T02:12:18.359+0000] {processor.py:183} INFO - Processing /opt/airflow/dags/US SALES.xlsx took 0.331 seconds
[2026-02-20T02:12:57.227+0000] {processor.py:161} INFO - Started process (PID=23010) to work on /opt/airflow/dags/US SALES.xlsx
[2026-02-20T02:12:57.230+0000] {processor.py:830} INFO - Processing file /opt/airflow/dags/US SALES.xlsx for tasks to queue
[2026-02-20T02:12:57.234+0000] {logging_mixin.py:188} INFO - [2026-02-20T02:12:57.234+0000] {dagbag.py:538} INFO - Filling up the DagBag from /opt/airflow/dags/US SALES.xlsx
[2026-02-20T02:12:57.251+0000] {processor.py:842} WARNING - No viable dags retrieved from /opt/airflow/dags/US SALES.xlsx
[2026-02-20T02:12:57.275+0000] {processor.py:183} INFO - Processing /opt/airflow/dags/US SALES.xlsx took 0.054 seconds
[2026-02-20T02:14:08.565+0000] {processor.py:161} INFO - Started process (PID=23018) to work on /opt/airflow/dags/US SALES.xlsx
[2026-02-20T02:14:08.568+0000] {processor.py:830} INFO - Processing file /opt/airflow/dags/US SALES.xlsx for tasks to queue
[2026-02-20T02:14:08.579+0000] {logging_mixin.py:188} INFO - [2026-02-20T02:14:08.578+0000] {dagbag.py:538} INFO - Filling up the DagBag from /opt/airflow/dags/US SALES.xlsx
[2026-02-20T02:14:08.625+0000] {processor.py:842} WARNING - No viable dags retrieved from /opt/airflow/dags/US SALES.xlsx
[2026-02-20T02:14:08.670+0000] {processor.py:183} INFO - Processing /opt/airflow/dags/US SALES.xlsx took 0.118 seconds
[2026-02-20T02:14:50.643+0000] {processor.py:161} INFO - Started process (PID=23026) to work on /opt/airflow/dags/US SALES.xlsx
[2026-02-20T02:14:50.649+0000] {processor.py:830} INFO - Processing file /opt/airflow/dags/US SALES.xlsx for tasks to queue
[2026-02-20T02:14:50.655+0000] {logging_mixin.py:188} INFO - [2026-02-20T02:14:50.654+0000] {dagbag.py:538} INFO - Filling up the DagBag from /opt/airflow/dags/US SALES.xlsx
[2026-02-20T02:14:50.691+0000] {processor.py:842} WARNING - No viable dags retrieved from /opt/airflow/dags/US SALES.xlsx
[2026-02-20T02:14:50.722+0000] {processor.py:183} INFO - Processing /opt/airflow/dags/US SALES.xlsx took 0.085 seconds
[2026-02-20T02:15:29.349+0000] {processor.py:161} INFO - Started process (PID=23034) to work on /opt/airflow/dags/US SALES.xlsx
[2026-02-20T02:15:29.365+0000] {processor.py:830} INFO - Processing file /opt/airflow/dags/US SALES.xlsx for tasks to queue
[2026-02-20T02:15:29.374+0000] {logging_mixin.py:188} INFO - [2026-02-20T02:15:29.373+0000] {dagbag.py:538} INFO - Filling up the DagBag from /opt/airflow/dags/US SALES.xlsx
[2026-02-20T02:15:29.409+0000] {processor.py:842} WARNING - No viable dags retrieved from /opt/airflow/dags/US SALES.xlsx
[2026-02-20T02:15:29.443+0000] {processor.py:183} INFO - Processing /opt/airflow/dags/US SALES.xlsx took 0.106 seconds
[2026-02-20T04:49:41.581+0000] {processor.py:161} INFO - Started process (PID=68) to work on /opt/airflow/dags/US SALES.xlsx
[2026-02-20T04:49:41.583+0000] {processor.py:830} INFO - Processing file /opt/airflow/dags/US SALES.xlsx for tasks to queue
[2026-02-20T04:49:41.586+0000] {logging_mixin.py:188} INFO - [2026-02-20T04:49:41.585+0000] {dagbag.py:538} INFO - Filling up the DagBag from /opt/airflow/dags/US SALES.xlsx
[2026-02-20T04:49:41.618+0000] {processor.py:842} WARNING - No viable dags retrieved from /opt/airflow/dags/US SALES.xlsx
[2026-02-20T04:49:41.649+0000] {processor.py:183} INFO - Processing /opt/airflow/dags/US SALES.xlsx took 0.080 seconds
[2026-02-20T04:50:15.379+0000] {processor.py:161} INFO - Started process (PID=76) to work on /opt/airflow/dags/US SALES.xlsx
[2026-02-20T04:50:15.381+0000] {processor.py:830} INFO - Processing file /opt/airflow/dags/US SALES.xlsx for tasks to queue
[2026-02-20T04:50:15.383+0000] {logging_mixin.py:188} INFO - [2026-02-20T04:50:15.382+0000] {dagbag.py:538} INFO - Filling up the DagBag from /opt/airflow/dags/US SALES.xlsx
[2026-02-20T04:50:15.393+0000] {processor.py:842} WARNING - No viable dags retrieved from /opt/airflow/dags/US SALES.xlsx
[2026-02-20T04:50:15.406+0000] {processor.py:183} INFO - Processing /opt/airflow/dags/US SALES.xlsx took 0.030 seconds
[2026-02-20T04:50:48.841+0000] {processor.py:161} INFO - Started process (PID=84) to work on /opt/airflow/dags/US SALES.xlsx
[2026-02-20T04:50:48.843+0000] {processor.py:830} INFO - Processing file /opt/airflow/dags/US SALES.xlsx for tasks to queue
[2026-02-20T04:50:48.844+0000] {logging_mixin.py:188} INFO - [2026-02-20T04:50:48.844+0000] {dagbag.py:538} INFO - Filling up the DagBag from /opt/airflow/dags/US SALES.xlsx
[2026-02-20T04:50:48.855+0000] {processor.py:842} WARNING - No viable dags retrieved from /opt/airflow/dags/US SALES.xlsx
[2026-02-20T04:50:48.870+0000] {processor.py:183} INFO - Processing /opt/airflow/dags/US SALES.xlsx took 0.032 seconds
[2026-02-20T04:51:21.691+0000] {processor.py:161} INFO - Started process (PID=92) to work on /opt/airflow/dags/US SALES.xlsx
[2026-02-20T04:51:21.693+0000] {processor.py:830} INFO - Processing file /opt/airflow/dags/US SALES.xlsx for tasks to queue
[2026-02-20T04:51:21.694+0000] {logging_mixin.py:188} INFO - [2026-02-20T04:51:21.694+0000] {dagbag.py:538} INFO - Filling up the DagBag from /opt/airflow/dags/US SALES.xlsx
[2026-02-20T04:51:21.709+0000] {processor.py:842} WARNING - No viable dags retrieved from /opt/airflow/dags/US SALES.xlsx
[2026-02-20T04:51:21.725+0000] {processor.py:183} INFO - Processing /opt/airflow/dags/US SALES.xlsx took 0.038 seconds
[2026-02-20T04:51:54.953+0000] {processor.py:161} INFO - Started process (PID=100) to work on /opt/airflow/dags/US SALES.xlsx
[2026-02-20T04:51:54.955+0000] {processor.py:830} INFO - Processing file /opt/airflow/dags/US SALES.xlsx for tasks to queue
[2026-02-20T04:51:54.957+0000] {logging_mixin.py:188} INFO - [2026-02-20T04:51:54.956+0000] {dagbag.py:538} INFO - Filling up the DagBag from /opt/airflow/dags/US SALES.xlsx
[2026-02-20T04:51:54.971+0000] {processor.py:842} WARNING - No viable dags retrieved from /opt/airflow/dags/US SALES.xlsx
[2026-02-20T04:51:54.987+0000] {processor.py:183} INFO - Processing /opt/airflow/dags/US SALES.xlsx took 0.038 seconds
[2026-02-20T04:52:29.374+0000] {processor.py:161} INFO - Started process (PID=108) to work on /opt/airflow/dags/US SALES.xlsx
[2026-02-20T04:52:29.375+0000] {processor.py:830} INFO - Processing file /opt/airflow/dags/US SALES.xlsx for tasks to queue
[2026-02-20T04:52:29.377+0000] {logging_mixin.py:188} INFO - [2026-02-20T04:52:29.376+0000] {dagbag.py:538} INFO - Filling up the DagBag from /opt/airflow/dags/US SALES.xlsx
[2026-02-20T04:52:29.388+0000] {processor.py:842} WARNING - No viable dags retrieved from /opt/airflow/dags/US SALES.xlsx
[2026-02-20T04:52:29.402+0000] {processor.py:183} INFO - Processing /opt/airflow/dags/US SALES.xlsx took 0.032 seconds
[2026-02-20T04:53:02.184+0000] {processor.py:161} INFO - Started process (PID=116) to work on /opt/airflow/dags/US SALES.xlsx
[2026-02-20T04:53:02.186+0000] {processor.py:830} INFO - Processing file /opt/airflow/dags/US SALES.xlsx for tasks to queue
[2026-02-20T04:53:02.187+0000] {logging_mixin.py:188} INFO - [2026-02-20T04:53:02.187+0000] {dagbag.py:538} INFO - Filling up the DagBag from /opt/airflow/dags/US SALES.xlsx
[2026-02-20T04:53:02.198+0000] {processor.py:842} WARNING - No viable dags retrieved from /opt/airflow/dags/US SALES.xlsx
[2026-02-20T04:53:02.210+0000] {processor.py:183} INFO - Processing /opt/airflow/dags/US SALES.xlsx took 0.029 seconds
[2026-02-20T04:53:37.136+0000] {processor.py:161} INFO - Started process (PID=124) to work on /opt/airflow/dags/US SALES.xlsx
[2026-02-20T04:53:37.137+0000] {processor.py:830} INFO - Processing file /opt/airflow/dags/US SALES.xlsx for tasks to queue
[2026-02-20T04:53:37.139+0000] {logging_mixin.py:188} INFO - [2026-02-20T04:53:37.138+0000] {dagbag.py:538} INFO - Filling up the DagBag from /opt/airflow/dags/US SALES.xlsx
[2026-02-20T04:53:37.155+0000] {processor.py:842} WARNING - No viable dags retrieved from /opt/airflow/dags/US SALES.xlsx
[2026-02-20T04:53:37.175+0000] {processor.py:183} INFO - Processing /opt/airflow/dags/US SALES.xlsx took 0.044 seconds
[2026-02-20T04:54:11.666+0000] {processor.py:161} INFO - Started process (PID=132) to work on /opt/airflow/dags/US SALES.xlsx
[2026-02-20T04:54:11.668+0000] {processor.py:830} INFO - Processing file /opt/airflow/dags/US SALES.xlsx for tasks to queue
[2026-02-20T04:54:11.670+0000] {logging_mixin.py:188} INFO - [2026-02-20T04:54:11.669+0000] {dagbag.py:538} INFO - Filling up the DagBag from /opt/airflow/dags/US SALES.xlsx
[2026-02-20T04:54:11.680+0000] {processor.py:842} WARNING - No viable dags retrieved from /opt/airflow/dags/US SALES.xlsx
[2026-02-20T04:54:11.692+0000] {processor.py:183} INFO - Processing /opt/airflow/dags/US SALES.xlsx took 0.029 seconds
[2026-02-20T04:54:45.448+0000] {processor.py:161} INFO - Started process (PID=140) to work on /opt/airflow/dags/US SALES.xlsx
[2026-02-20T04:54:45.450+0000] {processor.py:830} INFO - Processing file /opt/airflow/dags/US SALES.xlsx for tasks to queue
[2026-02-20T04:54:45.452+0000] {logging_mixin.py:188} INFO - [2026-02-20T04:54:45.452+0000] {dagbag.py:538} INFO - Filling up the DagBag from /opt/airflow/dags/US SALES.xlsx
[2026-02-20T04:54:45.469+0000] {processor.py:842} WARNING - No viable dags retrieved from /opt/airflow/dags/US SALES.xlsx
[2026-02-20T04:54:45.487+0000] {processor.py:183} INFO - Processing /opt/airflow/dags/US SALES.xlsx took 0.044 seconds
[2026-02-20T04:55:19.091+0000] {processor.py:161} INFO - Started process (PID=148) to work on /opt/airflow/dags/US SALES.xlsx
[2026-02-20T04:55:19.092+0000] {processor.py:830} INFO - Processing file /opt/airflow/dags/US SALES.xlsx for tasks to queue
[2026-02-20T04:55:19.094+0000] {logging_mixin.py:188} INFO - [2026-02-20T04:55:19.093+0000] {dagbag.py:538} INFO - Filling up the DagBag from /opt/airflow/dags/US SALES.xlsx
[2026-02-20T04:55:19.110+0000] {processor.py:842} WARNING - No viable dags retrieved from /opt/airflow/dags/US SALES.xlsx
[2026-02-20T04:55:19.127+0000] {processor.py:183} INFO - Processing /opt/airflow/dags/US SALES.xlsx took 0.040 seconds
[2026-02-20T04:55:52.231+0000] {processor.py:161} INFO - Started process (PID=156) to work on /opt/airflow/dags/US SALES.xlsx
[2026-02-20T04:55:52.232+0000] {processor.py:830} INFO - Processing file /opt/airflow/dags/US SALES.xlsx for tasks to queue
[2026-02-20T04:55:52.234+0000] {logging_mixin.py:188} INFO - [2026-02-20T04:55:52.233+0000] {dagbag.py:538} INFO - Filling up the DagBag from /opt/airflow/dags/US SALES.xlsx
[2026-02-20T04:55:52.247+0000] {processor.py:842} WARNING - No viable dags retrieved from /opt/airflow/dags/US SALES.xlsx
[2026-02-20T04:55:52.260+0000] {processor.py:183} INFO - Processing /opt/airflow/dags/US SALES.xlsx took 0.033 seconds
[2026-02-20T04:56:25.469+0000] {processor.py:161} INFO - Started process (PID=164) to work on /opt/airflow/dags/US SALES.xlsx
[2026-02-20T04:56:25.471+0000] {processor.py:830} INFO - Processing file /opt/airflow/dags/US SALES.xlsx for tasks to queue
[2026-02-20T04:56:25.472+0000] {logging_mixin.py:188} INFO - [2026-02-20T04:56:25.472+0000] {dagbag.py:538} INFO - Filling up the DagBag from /opt/airflow/dags/US SALES.xlsx
[2026-02-20T04:56:25.483+0000] {processor.py:842} WARNING - No viable dags retrieved from /opt/airflow/dags/US SALES.xlsx
[2026-02-20T04:56:25.494+0000] {processor.py:183} INFO - Processing /opt/airflow/dags/US SALES.xlsx took 0.029 seconds
[2026-02-20T04:56:59.756+0000] {processor.py:161} INFO - Started process (PID=172) to work on /opt/airflow/dags/US SALES.xlsx
[2026-02-20T04:56:59.758+0000] {processor.py:830} INFO - Processing file /opt/airflow/dags/US SALES.xlsx for tasks to queue
[2026-02-20T04:56:59.760+0000] {logging_mixin.py:188} INFO - [2026-02-20T04:56:59.759+0000] {dagbag.py:538} INFO - Filling up the DagBag from /opt/airflow/dags/US SALES.xlsx
[2026-02-20T04:56:59.773+0000] {processor.py:842} WARNING - No viable dags retrieved from /opt/airflow/dags/US SALES.xlsx
[2026-02-20T04:56:59.790+0000] {processor.py:183} INFO - Processing /opt/airflow/dags/US SALES.xlsx took 0.038 seconds
[2026-02-20T04:57:33.343+0000] {processor.py:161} INFO - Started process (PID=180) to work on /opt/airflow/dags/US SALES.xlsx
[2026-02-20T04:57:33.345+0000] {processor.py:830} INFO - Processing file /opt/airflow/dags/US SALES.xlsx for tasks to queue
[2026-02-20T04:57:33.351+0000] {logging_mixin.py:188} INFO - [2026-02-20T04:57:33.347+0000] {dagbag.py:538} INFO - Filling up the DagBag from /opt/airflow/dags/US SALES.xlsx
[2026-02-20T04:57:33.367+0000] {processor.py:842} WARNING - No viable dags retrieved from /opt/airflow/dags/US SALES.xlsx
[2026-02-20T04:57:33.386+0000] {processor.py:183} INFO - Processing /opt/airflow/dags/US SALES.xlsx took 0.060 seconds
[2026-02-20T04:58:12.118+0000] {processor.py:161} INFO - Started process (PID=188) to work on /opt/airflow/dags/US SALES.xlsx
[2026-02-20T04:58:12.120+0000] {processor.py:830} INFO - Processing file /opt/airflow/dags/US SALES.xlsx for tasks to queue
[2026-02-20T04:58:12.124+0000] {logging_mixin.py:188} INFO - [2026-02-20T04:58:12.123+0000] {dagbag.py:538} INFO - Filling up the DagBag from /opt/airflow/dags/US SALES.xlsx
[2026-02-20T04:58:12.139+0000] {processor.py:842} WARNING - No viable dags retrieved from /opt/airflow/dags/US SALES.xlsx
[2026-02-20T04:58:12.159+0000] {processor.py:183} INFO - Processing /opt/airflow/dags/US SALES.xlsx took 0.047 seconds
[2026-02-20T04:58:46.185+0000] {processor.py:161} INFO - Started process (PID=196) to work on /opt/airflow/dags/US SALES.xlsx
[2026-02-20T04:58:46.187+0000] {processor.py:830} INFO - Processing file /opt/airflow/dags/US SALES.xlsx for tasks to queue
[2026-02-20T04:58:46.189+0000] {logging_mixin.py:188} INFO - [2026-02-20T04:58:46.188+0000] {dagbag.py:538} INFO - Filling up the DagBag from /opt/airflow/dags/US SALES.xlsx
[2026-02-20T04:58:46.200+0000] {processor.py:842} WARNING - No viable dags retrieved from /opt/airflow/dags/US SALES.xlsx
[2026-02-20T04:58:46.216+0000] {processor.py:183} INFO - Processing /opt/airflow/dags/US SALES.xlsx took 0.036 seconds
[2026-02-20T04:59:19.537+0000] {processor.py:161} INFO - Started process (PID=204) to work on /opt/airflow/dags/US SALES.xlsx
[2026-02-20T04:59:19.539+0000] {processor.py:830} INFO - Processing file /opt/airflow/dags/US SALES.xlsx for tasks to queue
[2026-02-20T04:59:19.540+0000] {logging_mixin.py:188} INFO - [2026-02-20T04:59:19.540+0000] {dagbag.py:538} INFO - Filling up the DagBag from /opt/airflow/dags/US SALES.xlsx
[2026-02-20T04:59:19.554+0000] {processor.py:842} WARNING - No viable dags retrieved from /opt/airflow/dags/US SALES.xlsx
[2026-02-20T04:59:19.568+0000] {processor.py:183} INFO - Processing /opt/airflow/dags/US SALES.xlsx took 0.036 seconds
[2026-02-20T05:00:00.834+0000] {processor.py:161} INFO - Started process (PID=212) to work on /opt/airflow/dags/US SALES.xlsx
[2026-02-20T05:00:00.836+0000] {processor.py:830} INFO - Processing file /opt/airflow/dags/US SALES.xlsx for tasks to queue
[2026-02-20T05:00:00.838+0000] {logging_mixin.py:188} INFO - [2026-02-20T05:00:00.837+0000] {dagbag.py:538} INFO - Filling up the DagBag from /opt/airflow/dags/US SALES.xlsx
[2026-02-20T05:00:00.852+0000] {processor.py:842} WARNING - No viable dags retrieved from /opt/airflow/dags/US SALES.xlsx
[2026-02-20T05:00:00.869+0000] {processor.py:183} INFO - Processing /opt/airflow/dags/US SALES.xlsx took 0.042 seconds
[2026-02-20T05:00:34.481+0000] {processor.py:161} INFO - Started process (PID=220) to work on /opt/airflow/dags/US SALES.xlsx
[2026-02-20T05:00:34.483+0000] {processor.py:830} INFO - Processing file /opt/airflow/dags/US SALES.xlsx for tasks to queue
[2026-02-20T05:00:34.485+0000] {logging_mixin.py:188} INFO - [2026-02-20T05:00:34.484+0000] {dagbag.py:538} INFO - Filling up the DagBag from /opt/airflow/dags/US SALES.xlsx
[2026-02-20T05:00:34.496+0000] {processor.py:842} WARNING - No viable dags retrieved from /opt/airflow/dags/US SALES.xlsx
[2026-02-20T05:00:34.509+0000] {processor.py:183} INFO - Processing /opt/airflow/dags/US SALES.xlsx took 0.032 seconds
[2026-02-20T05:01:09.564+0000] {processor.py:161} INFO - Started process (PID=228) to work on /opt/airflow/dags/US SALES.xlsx
[2026-02-20T05:01:09.565+0000] {processor.py:830} INFO - Processing file /opt/airflow/dags/US SALES.xlsx for tasks to queue
[2026-02-20T05:01:09.567+0000] {logging_mixin.py:188} INFO - [2026-02-20T05:01:09.566+0000] {dagbag.py:538} INFO - Filling up the DagBag from /opt/airflow/dags/US SALES.xlsx
[2026-02-20T05:01:09.577+0000] {processor.py:842} WARNING - No viable dags retrieved from /opt/airflow/dags/US SALES.xlsx
[2026-02-20T05:01:09.589+0000] {processor.py:183} INFO - Processing /opt/airflow/dags/US SALES.xlsx took 0.028 seconds
[2026-02-20T05:01:42.377+0000] {processor.py:161} INFO - Started process (PID=236) to work on /opt/airflow/dags/US SALES.xlsx
[2026-02-20T05:01:42.379+0000] {processor.py:830} INFO - Processing file /opt/airflow/dags/US SALES.xlsx for tasks to queue
[2026-02-20T05:01:42.381+0000] {logging_mixin.py:188} INFO - [2026-02-20T05:01:42.380+0000] {dagbag.py:538} INFO - Filling up the DagBag from /opt/airflow/dags/US SALES.xlsx
[2026-02-20T05:01:42.392+0000] {processor.py:842} WARNING - No viable dags retrieved from /opt/airflow/dags/US SALES.xlsx
[2026-02-20T05:01:42.405+0000] {processor.py:183} INFO - Processing /opt/airflow/dags/US SALES.xlsx took 0.032 seconds
[2026-02-20T05:02:18.045+0000] {processor.py:161} INFO - Started process (PID=244) to work on /opt/airflow/dags/US SALES.xlsx
[2026-02-20T05:02:18.046+0000] {processor.py:830} INFO - Processing file /opt/airflow/dags/US SALES.xlsx for tasks to queue
[2026-02-20T05:02:18.048+0000] {logging_mixin.py:188} INFO - [2026-02-20T05:02:18.047+0000] {dagbag.py:538} INFO - Filling up the DagBag from /opt/airflow/dags/US SALES.xlsx
[2026-02-20T05:02:18.058+0000] {processor.py:842} WARNING - No viable dags retrieved from /opt/airflow/dags/US SALES.xlsx
[2026-02-20T05:02:18.069+0000] {processor.py:183} INFO - Processing /opt/airflow/dags/US SALES.xlsx took 0.028 seconds
[2026-02-20T05:02:51.867+0000] {processor.py:161} INFO - Started process (PID=252) to work on /opt/airflow/dags/US SALES.xlsx
[2026-02-20T05:02:51.869+0000] {processor.py:830} INFO - Processing file /opt/airflow/dags/US SALES.xlsx for tasks to queue
[2026-02-20T05:02:51.877+0000] {logging_mixin.py:188} INFO - [2026-02-20T05:02:51.876+0000] {dagbag.py:538} INFO - Filling up the DagBag from /opt/airflow/dags/US SALES.xlsx
[2026-02-20T05:02:51.894+0000] {processor.py:842} WARNING - No viable dags retrieved from /opt/airflow/dags/US SALES.xlsx
[2026-02-20T05:02:51.915+0000] {processor.py:183} INFO - Processing /opt/airflow/dags/US SALES.xlsx took 0.053 seconds
[2026-02-20T05:03:25.625+0000] {processor.py:161} INFO - Started process (PID=260) to work on /opt/airflow/dags/US SALES.xlsx
[2026-02-20T05:03:25.627+0000] {processor.py:830} INFO - Processing file /opt/airflow/dags/US SALES.xlsx for tasks to queue
[2026-02-20T05:03:25.629+0000] {logging_mixin.py:188} INFO - [2026-02-20T05:03:25.629+0000] {dagbag.py:538} INFO - Filling up the DagBag from /opt/airflow/dags/US SALES.xlsx
[2026-02-20T05:03:25.684+0000] {processor.py:842} WARNING - No viable dags retrieved from /opt/airflow/dags/US SALES.xlsx
[2026-02-20T05:03:25.717+0000] {processor.py:183} INFO - Processing /opt/airflow/dags/US SALES.xlsx took 0.099 seconds
[2026-02-20T05:03:59.372+0000] {processor.py:161} INFO - Started process (PID=268) to work on /opt/airflow/dags/US SALES.xlsx
[2026-02-20T05:03:59.374+0000] {processor.py:830} INFO - Processing file /opt/airflow/dags/US SALES.xlsx for tasks to queue
[2026-02-20T05:03:59.376+0000] {logging_mixin.py:188} INFO - [2026-02-20T05:03:59.375+0000] {dagbag.py:538} INFO - Filling up the DagBag from /opt/airflow/dags/US SALES.xlsx
[2026-02-20T05:03:59.389+0000] {processor.py:842} WARNING - No viable dags retrieved from /opt/airflow/dags/US SALES.xlsx
[2026-02-20T05:03:59.407+0000] {processor.py:183} INFO - Processing /opt/airflow/dags/US SALES.xlsx took 0.040 seconds
[2026-02-20T05:04:32.647+0000] {processor.py:161} INFO - Started process (PID=276) to work on /opt/airflow/dags/US SALES.xlsx
[2026-02-20T05:04:32.649+0000] {processor.py:830} INFO - Processing file /opt/airflow/dags/US SALES.xlsx for tasks to queue
[2026-02-20T05:04:32.651+0000] {logging_mixin.py:188} INFO - [2026-02-20T05:04:32.651+0000] {dagbag.py:538} INFO - Filling up the DagBag from /opt/airflow/dags/US SALES.xlsx
[2026-02-20T05:04:32.661+0000] {processor.py:842} WARNING - No viable dags retrieved from /opt/airflow/dags/US SALES.xlsx
[2026-02-20T05:04:32.674+0000] {processor.py:183} INFO - Processing /opt/airflow/dags/US SALES.xlsx took 0.033 seconds
[2026-02-20T05:05:06.466+0000] {processor.py:161} INFO - Started process (PID=284) to work on /opt/airflow/dags/US SALES.xlsx
[2026-02-20T05:05:06.468+0000] {processor.py:830} INFO - Processing file /opt/airflow/dags/US SALES.xlsx for tasks to queue
[2026-02-20T05:05:06.470+0000] {logging_mixin.py:188} INFO - [2026-02-20T05:05:06.469+0000] {dagbag.py:538} INFO - Filling up the DagBag from /opt/airflow/dags/US SALES.xlsx
[2026-02-20T05:05:06.482+0000] {processor.py:842} WARNING - No viable dags retrieved from /opt/airflow/dags/US SALES.xlsx
[2026-02-20T05:05:06.498+0000] {processor.py:183} INFO - Processing /opt/airflow/dags/US SALES.xlsx took 0.037 seconds
[2026-02-20T05:05:40.182+0000] {processor.py:161} INFO - Started process (PID=292) to work on /opt/airflow/dags/US SALES.xlsx
[2026-02-20T05:05:40.185+0000] {processor.py:830} INFO - Processing file /opt/airflow/dags/US SALES.xlsx for tasks to queue
[2026-02-20T05:05:40.188+0000] {logging_mixin.py:188} INFO - [2026-02-20T05:05:40.187+0000] {dagbag.py:538} INFO - Filling up the DagBag from /opt/airflow/dags/US SALES.xlsx
[2026-02-20T05:05:40.212+0000] {processor.py:842} WARNING - No viable dags retrieved from /opt/airflow/dags/US SALES.xlsx
[2026-02-20T05:05:40.254+0000] {processor.py:183} INFO - Processing /opt/airflow/dags/US SALES.xlsx took 0.078 seconds
[2026-02-20T05:06:12.732+0000] {processor.py:161} INFO - Started process (PID=300) to work on /opt/airflow/dags/US SALES.xlsx
[2026-02-20T05:06:12.734+0000] {processor.py:830} INFO - Processing file /opt/airflow/dags/US SALES.xlsx for tasks to queue
[2026-02-20T05:06:12.735+0000] {logging_mixin.py:188} INFO - [2026-02-20T05:06:12.735+0000] {dagbag.py:538} INFO - Filling up the DagBag from /opt/airflow/dags/US SALES.xlsx
[2026-02-20T05:06:12.748+0000] {processor.py:842} WARNING - No viable dags retrieved from /opt/airflow/dags/US SALES.xlsx
[2026-02-20T05:06:12.763+0000] {processor.py:183} INFO - Processing /opt/airflow/dags/US SALES.xlsx took 0.034 seconds
[2026-02-20T05:06:46.989+0000] {processor.py:161} INFO - Started process (PID=308) to work on /opt/airflow/dags/US SALES.xlsx
[2026-02-20T05:06:46.993+0000] {processor.py:830} INFO - Processing file /opt/airflow/dags/US SALES.xlsx for tasks to queue
[2026-02-20T05:06:46.998+0000] {logging_mixin.py:188} INFO - [2026-02-20T05:06:46.998+0000] {dagbag.py:538} INFO - Filling up the DagBag from /opt/airflow/dags/US SALES.xlsx
[2026-02-20T05:06:47.009+0000] {processor.py:842} WARNING - No viable dags retrieved from /opt/airflow/dags/US SALES.xlsx
[2026-02-20T05:06:47.023+0000] {processor.py:183} INFO - Processing /opt/airflow/dags/US SALES.xlsx took 0.040 seconds
[2026-02-20T05:07:20.755+0000] {processor.py:161} INFO - Started process (PID=316) to work on /opt/airflow/dags/US SALES.xlsx
[2026-02-20T05:07:20.756+0000] {processor.py:830} INFO - Processing file /opt/airflow/dags/US SALES.xlsx for tasks to queue
[2026-02-20T05:07:20.758+0000] {logging_mixin.py:188} INFO - [2026-02-20T05:07:20.757+0000] {dagbag.py:538} INFO - Filling up the DagBag from /opt/airflow/dags/US SALES.xlsx
[2026-02-20T05:07:20.768+0000] {processor.py:842} WARNING - No viable dags retrieved from /opt/airflow/dags/US SALES.xlsx
[2026-02-20T05:07:20.779+0000] {processor.py:183} INFO - Processing /opt/airflow/dags/US SALES.xlsx took 0.028 seconds
[2026-02-20T05:07:54.094+0000] {processor.py:161} INFO - Started process (PID=324) to work on /opt/airflow/dags/US SALES.xlsx
[2026-02-20T05:07:54.096+0000] {processor.py:830} INFO - Processing file /opt/airflow/dags/US SALES.xlsx for tasks to queue
[2026-02-20T05:07:54.098+0000] {logging_mixin.py:188} INFO - [2026-02-20T05:07:54.097+0000] {dagbag.py:538} INFO - Filling up the DagBag from /opt/airflow/dags/US SALES.xlsx
[2026-02-20T05:07:54.110+0000] {processor.py:842} WARNING - No viable dags retrieved from /opt/airflow/dags/US SALES.xlsx
[2026-02-20T05:07:54.127+0000] {processor.py:183} INFO - Processing /opt/airflow/dags/US SALES.xlsx took 0.039 seconds
[2026-02-20T05:08:28.981+0000] {processor.py:161} INFO - Started process (PID=332) to work on /opt/airflow/dags/US SALES.xlsx
[2026-02-20T05:08:28.993+0000] {processor.py:830} INFO - Processing file /opt/airflow/dags/US SALES.xlsx for tasks to queue
[2026-02-20T05:08:28.996+0000] {logging_mixin.py:188} INFO - [2026-02-20T05:08:28.995+0000] {dagbag.py:538} INFO - Filling up the DagBag from /opt/airflow/dags/US SALES.xlsx
[2026-02-20T05:08:29.027+0000] {processor.py:842} WARNING - No viable dags retrieved from /opt/airflow/dags/US SALES.xlsx
[2026-02-20T05:08:29.060+0000] {processor.py:183} INFO - Processing /opt/airflow/dags/US SALES.xlsx took 0.086 seconds
[2026-02-20T05:09:02.238+0000] {processor.py:161} INFO - Started process (PID=340) to work on /opt/airflow/dags/US SALES.xlsx
[2026-02-20T05:09:02.239+0000] {processor.py:830} INFO - Processing file /opt/airflow/dags/US SALES.xlsx for tasks to queue
[2026-02-20T05:09:02.241+0000] {logging_mixin.py:188} INFO - [2026-02-20T05:09:02.240+0000] {dagbag.py:538} INFO - Filling up the DagBag from /opt/airflow/dags/US SALES.xlsx
[2026-02-20T05:09:02.251+0000] {processor.py:842} WARNING - No viable dags retrieved from /opt/airflow/dags/US SALES.xlsx
[2026-02-20T05:09:02.263+0000] {processor.py:183} INFO - Processing /opt/airflow/dags/US SALES.xlsx took 0.029 seconds
[2026-02-20T05:09:35.610+0000] {processor.py:161} INFO - Started process (PID=348) to work on /opt/airflow/dags/US SALES.xlsx
[2026-02-20T05:09:35.612+0000] {processor.py:830} INFO - Processing file /opt/airflow/dags/US SALES.xlsx for tasks to queue
[2026-02-20T05:09:35.614+0000] {logging_mixin.py:188} INFO - [2026-02-20T05:09:35.614+0000] {dagbag.py:538} INFO - Filling up the DagBag from /opt/airflow/dags/US SALES.xlsx
[2026-02-20T05:09:35.629+0000] {processor.py:842} WARNING - No viable dags retrieved from /opt/airflow/dags/US SALES.xlsx
[2026-02-20T05:09:35.647+0000] {processor.py:183} INFO - Processing /opt/airflow/dags/US SALES.xlsx took 0.042 seconds
[2026-02-20T05:10:08.601+0000] {processor.py:161} INFO - Started process (PID=356) to work on /opt/airflow/dags/US SALES.xlsx
[2026-02-20T05:10:08.603+0000] {processor.py:830} INFO - Processing file /opt/airflow/dags/US SALES.xlsx for tasks to queue
[2026-02-20T05:10:08.605+0000] {logging_mixin.py:188} INFO - [2026-02-20T05:10:08.604+0000] {dagbag.py:538} INFO - Filling up the DagBag from /opt/airflow/dags/US SALES.xlsx
[2026-02-20T05:10:08.619+0000] {processor.py:842} WARNING - No viable dags retrieved from /opt/airflow/dags/US SALES.xlsx
[2026-02-20T05:10:08.632+0000] {processor.py:183} INFO - Processing /opt/airflow/dags/US SALES.xlsx took 0.035 seconds
[2026-02-20T05:10:42.899+0000] {processor.py:161} INFO - Started process (PID=364) to work on /opt/airflow/dags/US SALES.xlsx
[2026-02-20T05:10:42.901+0000] {processor.py:830} INFO - Processing file /opt/airflow/dags/US SALES.xlsx for tasks to queue
[2026-02-20T05:10:42.903+0000] {logging_mixin.py:188} INFO - [2026-02-20T05:10:42.902+0000] {dagbag.py:538} INFO - Filling up the DagBag from /opt/airflow/dags/US SALES.xlsx
[2026-02-20T05:10:42.917+0000] {processor.py:842} WARNING - No viable dags retrieved from /opt/airflow/dags/US SALES.xlsx
[2026-02-20T05:10:42.932+0000] {processor.py:183} INFO - Processing /opt/airflow/dags/US SALES.xlsx took 0.039 seconds
[2026-02-20T05:11:18.131+0000] {processor.py:161} INFO - Started process (PID=372) to work on /opt/airflow/dags/US SALES.xlsx
[2026-02-20T05:11:18.133+0000] {processor.py:830} INFO - Processing file /opt/airflow/dags/US SALES.xlsx for tasks to queue
[2026-02-20T05:11:18.134+0000] {logging_mixin.py:188} INFO - [2026-02-20T05:11:18.134+0000] {dagbag.py:538} INFO - Filling up the DagBag from /opt/airflow/dags/US SALES.xlsx
[2026-02-20T05:11:18.146+0000] {processor.py:842} WARNING - No viable dags retrieved from /opt/airflow/dags/US SALES.xlsx
[2026-02-20T05:11:18.162+0000] {processor.py:183} INFO - Processing /opt/airflow/dags/US SALES.xlsx took 0.035 seconds
[2026-02-20T05:11:51.658+0000] {processor.py:161} INFO - Started process (PID=380) to work on /opt/airflow/dags/US SALES.xlsx
[2026-02-20T05:11:51.660+0000] {processor.py:830} INFO - Processing file /opt/airflow/dags/US SALES.xlsx for tasks to queue
[2026-02-20T05:11:51.666+0000] {logging_mixin.py:188} INFO - [2026-02-20T05:11:51.666+0000] {dagbag.py:538} INFO - Filling up the DagBag from /opt/airflow/dags/US SALES.xlsx
[2026-02-20T05:11:51.686+0000] {processor.py:842} WARNING - No viable dags retrieved from /opt/airflow/dags/US SALES.xlsx
[2026-02-20T05:11:51.734+0000] {processor.py:183} INFO - Processing /opt/airflow/dags/US SALES.xlsx took 0.082 seconds
[2026-02-20T05:12:24.469+0000] {processor.py:161} INFO - Started process (PID=388) to work on /opt/airflow/dags/US SALES.xlsx
[2026-02-20T05:12:24.470+0000] {processor.py:830} INFO - Processing file /opt/airflow/dags/US SALES.xlsx for tasks to queue
[2026-02-20T05:12:24.472+0000] {logging_mixin.py:188} INFO - [2026-02-20T05:12:24.472+0000] {dagbag.py:538} INFO - Filling up the DagBag from /opt/airflow/dags/US SALES.xlsx
[2026-02-20T05:12:24.482+0000] {processor.py:842} WARNING - No viable dags retrieved from /opt/airflow/dags/US SALES.xlsx
[2026-02-20T05:12:24.495+0000] {processor.py:183} INFO - Processing /opt/airflow/dags/US SALES.xlsx took 0.029 seconds
[2026-02-20T05:13:02.398+0000] {processor.py:161} INFO - Started process (PID=396) to work on /opt/airflow/dags/US SALES.xlsx
[2026-02-20T05:13:02.415+0000] {processor.py:830} INFO - Processing file /opt/airflow/dags/US SALES.xlsx for tasks to queue
[2026-02-20T05:13:02.419+0000] {logging_mixin.py:188} INFO - [2026-02-20T05:13:02.419+0000] {dagbag.py:538} INFO - Filling up the DagBag from /opt/airflow/dags/US SALES.xlsx
[2026-02-20T05:13:02.431+0000] {processor.py:842} WARNING - No viable dags retrieved from /opt/airflow/dags/US SALES.xlsx
[2026-02-20T05:13:02.445+0000] {processor.py:183} INFO - Processing /opt/airflow/dags/US SALES.xlsx took 0.052 seconds
[2026-02-20T05:13:36.928+0000] {processor.py:161} INFO - Started process (PID=404) to work on /opt/airflow/dags/US SALES.xlsx
[2026-02-20T05:13:36.929+0000] {processor.py:830} INFO - Processing file /opt/airflow/dags/US SALES.xlsx for tasks to queue
[2026-02-20T05:13:36.931+0000] {logging_mixin.py:188} INFO - [2026-02-20T05:13:36.930+0000] {dagbag.py:538} INFO - Filling up the DagBag from /opt/airflow/dags/US SALES.xlsx
[2026-02-20T05:13:36.942+0000] {processor.py:842} WARNING - No viable dags retrieved from /opt/airflow/dags/US SALES.xlsx
[2026-02-20T05:13:36.959+0000] {processor.py:183} INFO - Processing /opt/airflow/dags/US SALES.xlsx took 0.035 seconds
[2026-02-20T05:14:11.918+0000] {processor.py:161} INFO - Started process (PID=412) to work on /opt/airflow/dags/US SALES.xlsx
[2026-02-20T05:14:11.921+0000] {processor.py:830} INFO - Processing file /opt/airflow/dags/US SALES.xlsx for tasks to queue
[2026-02-20T05:14:11.923+0000] {logging_mixin.py:188} INFO - [2026-02-20T05:14:11.922+0000] {dagbag.py:538} INFO - Filling up the DagBag from /opt/airflow/dags/US SALES.xlsx
[2026-02-20T05:14:11.937+0000] {processor.py:842} WARNING - No viable dags retrieved from /opt/airflow/dags/US SALES.xlsx
[2026-02-20T05:14:11.955+0000] {processor.py:183} INFO - Processing /opt/airflow/dags/US SALES.xlsx took 0.043 seconds
[2026-02-20T05:14:44.798+0000] {processor.py:161} INFO - Started process (PID=420) to work on /opt/airflow/dags/US SALES.xlsx
[2026-02-20T05:14:44.800+0000] {processor.py:830} INFO - Processing file /opt/airflow/dags/US SALES.xlsx for tasks to queue
[2026-02-20T05:14:44.802+0000] {logging_mixin.py:188} INFO - [2026-02-20T05:14:44.801+0000] {dagbag.py:538} INFO - Filling up the DagBag from /opt/airflow/dags/US SALES.xlsx
[2026-02-20T05:14:44.813+0000] {processor.py:842} WARNING - No viable dags retrieved from /opt/airflow/dags/US SALES.xlsx
[2026-02-20T05:14:44.828+0000] {processor.py:183} INFO - Processing /opt/airflow/dags/US SALES.xlsx took 0.035 seconds
[2026-02-20T05:15:18.391+0000] {processor.py:161} INFO - Started process (PID=428) to work on /opt/airflow/dags/US SALES.xlsx
[2026-02-20T05:15:18.424+0000] {processor.py:830} INFO - Processing file /opt/airflow/dags/US SALES.xlsx for tasks to queue
[2026-02-20T05:15:18.432+0000] {logging_mixin.py:188} INFO - [2026-02-20T05:15:18.431+0000] {dagbag.py:538} INFO - Filling up the DagBag from /opt/airflow/dags/US SALES.xlsx
[2026-02-20T05:15:18.492+0000] {processor.py:842} WARNING - No viable dags retrieved from /opt/airflow/dags/US SALES.xlsx
[2026-02-20T05:15:18.517+0000] {processor.py:183} INFO - Processing /opt/airflow/dags/US SALES.xlsx took 0.140 seconds
[2026-02-20T05:15:52.747+0000] {processor.py:161} INFO - Started process (PID=436) to work on /opt/airflow/dags/US SALES.xlsx
[2026-02-20T05:15:52.749+0000] {processor.py:830} INFO - Processing file /opt/airflow/dags/US SALES.xlsx for tasks to queue
[2026-02-20T05:15:52.751+0000] {logging_mixin.py:188} INFO - [2026-02-20T05:15:52.751+0000] {dagbag.py:538} INFO - Filling up the DagBag from /opt/airflow/dags/US SALES.xlsx
[2026-02-20T05:15:52.764+0000] {processor.py:842} WARNING - No viable dags retrieved from /opt/airflow/dags/US SALES.xlsx
[2026-02-20T05:15:52.782+0000] {processor.py:183} INFO - Processing /opt/airflow/dags/US SALES.xlsx took 0.040 seconds
[2026-02-20T05:16:25.654+0000] {processor.py:161} INFO - Started process (PID=444) to work on /opt/airflow/dags/US SALES.xlsx
[2026-02-20T05:16:25.658+0000] {processor.py:830} INFO - Processing file /opt/airflow/dags/US SALES.xlsx for tasks to queue
[2026-02-20T05:16:25.663+0000] {logging_mixin.py:188} INFO - [2026-02-20T05:16:25.662+0000] {dagbag.py:538} INFO - Filling up the DagBag from /opt/airflow/dags/US SALES.xlsx
[2026-02-20T05:16:25.682+0000] {processor.py:842} WARNING - No viable dags retrieved from /opt/airflow/dags/US SALES.xlsx
[2026-02-20T05:16:25.713+0000] {processor.py:183} INFO - Processing /opt/airflow/dags/US SALES.xlsx took 0.066 seconds
[2026-02-20T05:16:59.917+0000] {processor.py:161} INFO - Started process (PID=452) to work on /opt/airflow/dags/US SALES.xlsx
[2026-02-20T05:16:59.918+0000] {processor.py:830} INFO - Processing file /opt/airflow/dags/US SALES.xlsx for tasks to queue
[2026-02-20T05:16:59.920+0000] {logging_mixin.py:188} INFO - [2026-02-20T05:16:59.919+0000] {dagbag.py:538} INFO - Filling up the DagBag from /opt/airflow/dags/US SALES.xlsx
[2026-02-20T05:16:59.933+0000] {processor.py:842} WARNING - No viable dags retrieved from /opt/airflow/dags/US SALES.xlsx
[2026-02-20T05:16:59.947+0000] {processor.py:183} INFO - Processing /opt/airflow/dags/US SALES.xlsx took 0.033 seconds
[2026-02-20T05:17:32.617+0000] {processor.py:161} INFO - Started process (PID=460) to work on /opt/airflow/dags/US SALES.xlsx
[2026-02-20T05:17:32.619+0000] {processor.py:830} INFO - Processing file /opt/airflow/dags/US SALES.xlsx for tasks to queue
[2026-02-20T05:17:32.620+0000] {logging_mixin.py:188} INFO - [2026-02-20T05:17:32.620+0000] {dagbag.py:538} INFO - Filling up the DagBag from /opt/airflow/dags/US SALES.xlsx
[2026-02-20T05:17:32.633+0000] {processor.py:842} WARNING - No viable dags retrieved from /opt/airflow/dags/US SALES.xlsx
[2026-02-20T05:17:32.652+0000] {processor.py:183} INFO - Processing /opt/airflow/dags/US SALES.xlsx took 0.038 seconds
[2026-02-20T05:18:05.773+0000] {processor.py:161} INFO - Started process (PID=468) to work on /opt/airflow/dags/US SALES.xlsx
[2026-02-20T05:18:05.775+0000] {processor.py:830} INFO - Processing file /opt/airflow/dags/US SALES.xlsx for tasks to queue
[2026-02-20T05:18:05.777+0000] {logging_mixin.py:188} INFO - [2026-02-20T05:18:05.776+0000] {dagbag.py:538} INFO - Filling up the DagBag from /opt/airflow/dags/US SALES.xlsx
[2026-02-20T05:18:05.793+0000] {processor.py:842} WARNING - No viable dags retrieved from /opt/airflow/dags/US SALES.xlsx
[2026-02-20T05:18:05.820+0000] {processor.py:183} INFO - Processing /opt/airflow/dags/US SALES.xlsx took 0.051 seconds
[2026-02-20T05:18:40.918+0000] {processor.py:161} INFO - Started process (PID=476) to work on /opt/airflow/dags/US SALES.xlsx
[2026-02-20T05:18:40.919+0000] {processor.py:830} INFO - Processing file /opt/airflow/dags/US SALES.xlsx for tasks to queue
[2026-02-20T05:18:40.922+0000] {logging_mixin.py:188} INFO - [2026-02-20T05:18:40.922+0000] {dagbag.py:538} INFO - Filling up the DagBag from /opt/airflow/dags/US SALES.xlsx
[2026-02-20T05:18:40.935+0000] {processor.py:842} WARNING - No viable dags retrieved from /opt/airflow/dags/US SALES.xlsx
[2026-02-20T05:18:40.947+0000] {processor.py:183} INFO - Processing /opt/airflow/dags/US SALES.xlsx took 0.033 seconds
[2026-02-20T05:19:14.724+0000] {processor.py:161} INFO - Started process (PID=484) to work on /opt/airflow/dags/US SALES.xlsx
[2026-02-20T05:19:14.725+0000] {processor.py:830} INFO - Processing file /opt/airflow/dags/US SALES.xlsx for tasks to queue
[2026-02-20T05:19:14.728+0000] {logging_mixin.py:188} INFO - [2026-02-20T05:19:14.727+0000] {dagbag.py:538} INFO - Filling up the DagBag from /opt/airflow/dags/US SALES.xlsx
[2026-02-20T05:19:14.737+0000] {processor.py:842} WARNING - No viable dags retrieved from /opt/airflow/dags/US SALES.xlsx
[2026-02-20T05:19:14.753+0000] {processor.py:183} INFO - Processing /opt/airflow/dags/US SALES.xlsx took 0.035 seconds
[2026-02-20T05:19:49.851+0000] {processor.py:161} INFO - Started process (PID=492) to work on /opt/airflow/dags/US SALES.xlsx
[2026-02-20T05:19:49.853+0000] {processor.py:830} INFO - Processing file /opt/airflow/dags/US SALES.xlsx for tasks to queue
[2026-02-20T05:19:49.855+0000] {logging_mixin.py:188} INFO - [2026-02-20T05:19:49.854+0000] {dagbag.py:538} INFO - Filling up the DagBag from /opt/airflow/dags/US SALES.xlsx
[2026-02-20T05:19:49.896+0000] {processor.py:842} WARNING - No viable dags retrieved from /opt/airflow/dags/US SALES.xlsx
[2026-02-20T05:19:49.926+0000] {processor.py:183} INFO - Processing /opt/airflow/dags/US SALES.xlsx took 0.079 seconds
[2026-02-20T05:20:24.844+0000] {processor.py:161} INFO - Started process (PID=500) to work on /opt/airflow/dags/US SALES.xlsx
[2026-02-20T05:20:24.848+0000] {processor.py:830} INFO - Processing file /opt/airflow/dags/US SALES.xlsx for tasks to queue
[2026-02-20T05:20:24.858+0000] {logging_mixin.py:188} INFO - [2026-02-20T05:20:24.857+0000] {dagbag.py:538} INFO - Filling up the DagBag from /opt/airflow/dags/US SALES.xlsx
[2026-02-20T05:20:24.875+0000] {processor.py:842} WARNING - No viable dags retrieved from /opt/airflow/dags/US SALES.xlsx
[2026-02-20T05:20:24.929+0000] {processor.py:183} INFO - Processing /opt/airflow/dags/US SALES.xlsx took 0.096 seconds
[2026-02-20T05:20:57.844+0000] {processor.py:161} INFO - Started process (PID=508) to work on /opt/airflow/dags/US SALES.xlsx
[2026-02-20T05:20:57.846+0000] {processor.py:830} INFO - Processing file /opt/airflow/dags/US SALES.xlsx for tasks to queue
[2026-02-20T05:20:57.847+0000] {logging_mixin.py:188} INFO - [2026-02-20T05:20:57.847+0000] {dagbag.py:538} INFO - Filling up the DagBag from /opt/airflow/dags/US SALES.xlsx
[2026-02-20T05:20:57.860+0000] {processor.py:842} WARNING - No viable dags retrieved from /opt/airflow/dags/US SALES.xlsx
[2026-02-20T05:20:57.878+0000] {processor.py:183} INFO - Processing /opt/airflow/dags/US SALES.xlsx took 0.039 seconds
[2026-02-20T05:21:33.245+0000] {processor.py:161} INFO - Started process (PID=516) to work on /opt/airflow/dags/US SALES.xlsx
[2026-02-20T05:21:33.247+0000] {processor.py:830} INFO - Processing file /opt/airflow/dags/US SALES.xlsx for tasks to queue
[2026-02-20T05:21:33.249+0000] {logging_mixin.py:188} INFO - [2026-02-20T05:21:33.249+0000] {dagbag.py:538} INFO - Filling up the DagBag from /opt/airflow/dags/US SALES.xlsx
[2026-02-20T05:21:33.264+0000] {processor.py:842} WARNING - No viable dags retrieved from /opt/airflow/dags/US SALES.xlsx
[2026-02-20T05:21:33.280+0000] {processor.py:183} INFO - Processing /opt/airflow/dags/US SALES.xlsx took 0.039 seconds
[2026-02-20T05:22:07.648+0000] {processor.py:161} INFO - Started process (PID=524) to work on /opt/airflow/dags/US SALES.xlsx
[2026-02-20T05:22:07.650+0000] {processor.py:830} INFO - Processing file /opt/airflow/dags/US SALES.xlsx for tasks to queue
[2026-02-20T05:22:07.657+0000] {logging_mixin.py:188} INFO - [2026-02-20T05:22:07.651+0000] {dagbag.py:538} INFO - Filling up the DagBag from /opt/airflow/dags/US SALES.xlsx
[2026-02-20T05:22:07.672+0000] {processor.py:842} WARNING - No viable dags retrieved from /opt/airflow/dags/US SALES.xlsx
[2026-02-20T05:22:07.688+0000] {processor.py:183} INFO - Processing /opt/airflow/dags/US SALES.xlsx took 0.046 seconds
[2026-02-20T05:22:40.177+0000] {processor.py:161} INFO - Started process (PID=532) to work on /opt/airflow/dags/US SALES.xlsx
[2026-02-20T05:22:40.179+0000] {processor.py:830} INFO - Processing file /opt/airflow/dags/US SALES.xlsx for tasks to queue
[2026-02-20T05:22:40.180+0000] {logging_mixin.py:188} INFO - [2026-02-20T05:22:40.180+0000] {dagbag.py:538} INFO - Filling up the DagBag from /opt/airflow/dags/US SALES.xlsx
[2026-02-20T05:22:40.191+0000] {processor.py:842} WARNING - No viable dags retrieved from /opt/airflow/dags/US SALES.xlsx
[2026-02-20T05:22:40.208+0000] {processor.py:183} INFO - Processing /opt/airflow/dags/US SALES.xlsx took 0.035 seconds
[2026-02-20T05:23:16.741+0000] {processor.py:161} INFO - Started process (PID=540) to work on /opt/airflow/dags/US SALES.xlsx
[2026-02-20T05:23:16.743+0000] {processor.py:830} INFO - Processing file /opt/airflow/dags/US SALES.xlsx for tasks to queue
[2026-02-20T05:23:16.745+0000] {logging_mixin.py:188} INFO - [2026-02-20T05:23:16.744+0000] {dagbag.py:538} INFO - Filling up the DagBag from /opt/airflow/dags/US SALES.xlsx
[2026-02-20T05:23:16.765+0000] {processor.py:842} WARNING - No viable dags retrieved from /opt/airflow/dags/US SALES.xlsx
[2026-02-20T05:23:16.784+0000] {processor.py:183} INFO - Processing /opt/airflow/dags/US SALES.xlsx took 0.049 seconds
[2026-02-20T05:23:52.428+0000] {processor.py:161} INFO - Started process (PID=548) to work on /opt/airflow/dags/US SALES.xlsx
[2026-02-20T05:23:52.430+0000] {processor.py:830} INFO - Processing file /opt/airflow/dags/US SALES.xlsx for tasks to queue
[2026-02-20T05:23:52.432+0000] {logging_mixin.py:188} INFO - [2026-02-20T05:23:52.431+0000] {dagbag.py:538} INFO - Filling up the DagBag from /opt/airflow/dags/US SALES.xlsx
[2026-02-20T05:23:52.443+0000] {processor.py:842} WARNING - No viable dags retrieved from /opt/airflow/dags/US SALES.xlsx
[2026-02-20T05:23:52.456+0000] {processor.py:183} INFO - Processing /opt/airflow/dags/US SALES.xlsx took 0.032 seconds
[2026-02-20T05:24:29.475+0000] {processor.py:161} INFO - Started process (PID=556) to work on /opt/airflow/dags/US SALES.xlsx
[2026-02-20T05:24:29.477+0000] {processor.py:830} INFO - Processing file /opt/airflow/dags/US SALES.xlsx for tasks to queue
[2026-02-20T05:24:29.488+0000] {logging_mixin.py:188} INFO - [2026-02-20T05:24:29.479+0000] {dagbag.py:538} INFO - Filling up the DagBag from /opt/airflow/dags/US SALES.xlsx
[2026-02-20T05:24:29.502+0000] {processor.py:842} WARNING - No viable dags retrieved from /opt/airflow/dags/US SALES.xlsx
[2026-02-20T05:24:29.528+0000] {processor.py:183} INFO - Processing /opt/airflow/dags/US SALES.xlsx took 0.061 seconds
[2026-02-20T05:25:04.122+0000] {processor.py:161} INFO - Started process (PID=564) to work on /opt/airflow/dags/US SALES.xlsx
[2026-02-20T05:25:04.143+0000] {processor.py:830} INFO - Processing file /opt/airflow/dags/US SALES.xlsx for tasks to queue
[2026-02-20T05:25:04.147+0000] {logging_mixin.py:188} INFO - [2026-02-20T05:25:04.146+0000] {dagbag.py:538} INFO - Filling up the DagBag from /opt/airflow/dags/US SALES.xlsx
[2026-02-20T05:25:04.168+0000] {processor.py:842} WARNING - No viable dags retrieved from /opt/airflow/dags/US SALES.xlsx
[2026-02-20T05:25:04.220+0000] {processor.py:183} INFO - Processing /opt/airflow/dags/US SALES.xlsx took 0.104 seconds
